[0.073s] DEBUG:colcon:Command line arguments: ['/usr/bin/colcon', 'build']
[0.073s] DEBUG:colcon:Parsed command line arguments: Namespace(log_base=None, log_level=None, verb_name='build', build_base='build', install_base='install', merge_install=False, symlink_install=False, test_result_base=None, continue_on_error=False, executor='parallel', parallel_workers=12, event_handlers=None, ignore_user_meta=False, metas=['./colcon.meta'], base_paths=['.'], packages_ignore=None, packages_ignore_regex=None, paths=None, packages_up_to=None, packages_up_to_regex=None, packages_above=None, packages_above_and_dependencies=None, packages_above_depth=None, packages_select_by_dep=None, packages_skip_by_dep=None, packages_skip_up_to=None, packages_select_build_failed=False, packages_skip_build_finished=False, packages_select_test_failures=False, packages_skip_test_passed=False, packages_select=None, packages_skip=None, packages_select_regex=None, packages_skip_regex=None, packages_start=None, packages_end=None, allow_overriding=[], cmake_args=None, cmake_target=None, cmake_target_skip_unavailable=False, cmake_clean_cache=False, cmake_clean_first=False, cmake_force_configure=False, ament_cmake_args=None, catkin_cmake_args=None, catkin_skip_building_tests=False, mixin_files=None, mixin=None, verb_parser=<colcon_mixin.mixin.mixin_argument.MixinArgumentDecorator object at 0x7bb88826ad10>, verb_extension=<colcon_core.verb.build.BuildVerb object at 0x7bb8883ac430>, main=<bound method BuildVerb.main of <colcon_core.verb.build.BuildVerb object at 0x7bb8883ac430>>, mixin_verb=('build',))
[0.192s] Level 1:colcon.colcon_core.package_discovery:discover_packages(colcon_meta) check parameters
[0.192s] Level 1:colcon.colcon_core.package_discovery:discover_packages(recursive) check parameters
[0.192s] Level 1:colcon.colcon_core.package_discovery:discover_packages(ignore) check parameters
[0.192s] Level 1:colcon.colcon_core.package_discovery:discover_packages(path) check parameters
[0.192s] Level 1:colcon.colcon_core.package_discovery:discover_packages(colcon_meta) discover
[0.192s] Level 1:colcon.colcon_core.package_discovery:discover_packages(recursive) discover
[0.192s] INFO:colcon.colcon_core.package_discovery:Crawling recursively for packages in '/home/flowing/piper/agx_arm_ws'
[0.192s] Level 1:colcon.colcon_core.package_identification:_identify(.) by extensions ['ignore', 'ignore_ament_install']
[0.192s] Level 1:colcon.colcon_core.package_identification:_identify(.) by extension 'ignore'
[0.192s] Level 1:colcon.colcon_core.package_identification:_identify(.) by extension 'ignore_ament_install'
[0.192s] Level 1:colcon.colcon_core.package_identification:_identify(.) by extensions ['colcon_pkg']
[0.192s] Level 1:colcon.colcon_core.package_identification:_identify(.) by extension 'colcon_pkg'
[0.192s] Level 1:colcon.colcon_core.package_identification:_identify(.) by extensions ['colcon_meta']
[0.192s] Level 1:colcon.colcon_core.package_identification:_identify(.) by extension 'colcon_meta'
[0.192s] Level 1:colcon.colcon_core.package_identification:_identify(.) by extensions ['ros']
[0.192s] Level 1:colcon.colcon_core.package_identification:_identify(.) by extension 'ros'
[0.200s] Level 1:colcon.colcon_core.package_identification:_identify(.) by extensions ['cmake', 'python']
[0.200s] Level 1:colcon.colcon_core.package_identification:_identify(.) by extension 'cmake'
[0.200s] Level 1:colcon.colcon_core.package_identification:_identify(.) by extension 'python'
[0.200s] Level 1:colcon.colcon_core.package_identification:_identify(.) by extensions ['python_setup_py']
[0.200s] Level 1:colcon.colcon_core.package_identification:_identify(.) by extension 'python_setup_py'
[0.200s] Level 1:colcon.colcon_core.package_identification:_identify(build) by extensions ['ignore', 'ignore_ament_install']
[0.200s] Level 1:colcon.colcon_core.package_identification:_identify(build) by extension 'ignore'
[0.200s] Level 1:colcon.colcon_core.package_identification:_identify(build) ignored
[0.200s] Level 1:colcon.colcon_core.package_identification:_identify(install) by extensions ['ignore', 'ignore_ament_install']
[0.200s] Level 1:colcon.colcon_core.package_identification:_identify(install) by extension 'ignore'
[0.200s] Level 1:colcon.colcon_core.package_identification:_identify(install) ignored
[0.200s] Level 1:colcon.colcon_core.package_identification:_identify(log) by extensions ['ignore', 'ignore_ament_install']
[0.200s] Level 1:colcon.colcon_core.package_identification:_identify(log) by extension 'ignore'
[0.200s] Level 1:colcon.colcon_core.package_identification:_identify(log) ignored
[0.201s] Level 1:colcon.colcon_core.package_identification:_identify(src) by extensions ['ignore', 'ignore_ament_install']
[0.201s] Level 1:colcon.colcon_core.package_identification:_identify(src) by extension 'ignore'
[0.201s] Level 1:colcon.colcon_core.package_identification:_identify(src) by extension 'ignore_ament_install'
[0.201s] Level 1:colcon.colcon_core.package_identification:_identify(src) by extensions ['colcon_pkg']
[0.201s] Level 1:colcon.colcon_core.package_identification:_identify(src) by extension 'colcon_pkg'
[0.201s] Level 1:colcon.colcon_core.package_identification:_identify(src) by extensions ['colcon_meta']
[0.201s] Level 1:colcon.colcon_core.package_identification:_identify(src) by extension 'colcon_meta'
[0.201s] Level 1:colcon.colcon_core.package_identification:_identify(src) by extensions ['ros']
[0.201s] Level 1:colcon.colcon_core.package_identification:_identify(src) by extension 'ros'
[0.201s] Level 1:colcon.colcon_core.package_identification:_identify(src) by extensions ['cmake', 'python']
[0.201s] Level 1:colcon.colcon_core.package_identification:_identify(src) by extension 'cmake'
[0.201s] Level 1:colcon.colcon_core.package_identification:_identify(src) by extension 'python'
[0.201s] Level 1:colcon.colcon_core.package_identification:_identify(src) by extensions ['python_setup_py']
[0.201s] Level 1:colcon.colcon_core.package_identification:_identify(src) by extension 'python_setup_py'
[0.201s] Level 1:colcon.colcon_core.package_identification:_identify(src/agx_arm_ros) by extensions ['ignore', 'ignore_ament_install']
[0.201s] Level 1:colcon.colcon_core.package_identification:_identify(src/agx_arm_ros) by extension 'ignore'
[0.201s] Level 1:colcon.colcon_core.package_identification:_identify(src/agx_arm_ros) by extension 'ignore_ament_install'
[0.201s] Level 1:colcon.colcon_core.package_identification:_identify(src/agx_arm_ros) by extensions ['colcon_pkg']
[0.201s] Level 1:colcon.colcon_core.package_identification:_identify(src/agx_arm_ros) by extension 'colcon_pkg'
[0.201s] Level 1:colcon.colcon_core.package_identification:_identify(src/agx_arm_ros) by extensions ['colcon_meta']
[0.201s] Level 1:colcon.colcon_core.package_identification:_identify(src/agx_arm_ros) by extension 'colcon_meta'
[0.201s] Level 1:colcon.colcon_core.package_identification:_identify(src/agx_arm_ros) by extensions ['ros']
[0.201s] Level 1:colcon.colcon_core.package_identification:_identify(src/agx_arm_ros) by extension 'ros'
[0.201s] Level 1:colcon.colcon_core.package_identification:_identify(src/agx_arm_ros) by extensions ['cmake', 'python']
[0.201s] Level 1:colcon.colcon_core.package_identification:_identify(src/agx_arm_ros) by extension 'cmake'
[0.201s] Level 1:colcon.colcon_core.package_identification:_identify(src/agx_arm_ros) by extension 'python'
[0.201s] Level 1:colcon.colcon_core.package_identification:_identify(src/agx_arm_ros) by extensions ['python_setup_py']
[0.201s] Level 1:colcon.colcon_core.package_identification:_identify(src/agx_arm_ros) by extension 'python_setup_py'
[0.202s] Level 1:colcon.colcon_core.package_identification:_identify(src/agx_arm_ros/asserts) by extensions ['ignore', 'ignore_ament_install']
[0.202s] Level 1:colcon.colcon_core.package_identification:_identify(src/agx_arm_ros/asserts) by extension 'ignore'
[0.202s] Level 1:colcon.colcon_core.package_identification:_identify(src/agx_arm_ros/asserts) by extension 'ignore_ament_install'
[0.202s] Level 1:colcon.colcon_core.package_identification:_identify(src/agx_arm_ros/asserts) by extensions ['colcon_pkg']
[0.202s] Level 1:colcon.colcon_core.package_identification:_identify(src/agx_arm_ros/asserts) by extension 'colcon_pkg'
[0.202s] Level 1:colcon.colcon_core.package_identification:_identify(src/agx_arm_ros/asserts) by extensions ['colcon_meta']
[0.202s] Level 1:colcon.colcon_core.package_identification:_identify(src/agx_arm_ros/asserts) by extension 'colcon_meta'
[0.202s] Level 1:colcon.colcon_core.package_identification:_identify(src/agx_arm_ros/asserts) by extensions ['ros']
[0.202s] Level 1:colcon.colcon_core.package_identification:_identify(src/agx_arm_ros/asserts) by extension 'ros'
[0.202s] Level 1:colcon.colcon_core.package_identification:_identify(src/agx_arm_ros/asserts) by extensions ['cmake', 'python']
[0.202s] Level 1:colcon.colcon_core.package_identification:_identify(src/agx_arm_ros/asserts) by extension 'cmake'
[0.202s] Level 1:colcon.colcon_core.package_identification:_identify(src/agx_arm_ros/asserts) by extension 'python'
[0.202s] Level 1:colcon.colcon_core.package_identification:_identify(src/agx_arm_ros/asserts) by extensions ['python_setup_py']
[0.202s] Level 1:colcon.colcon_core.package_identification:_identify(src/agx_arm_ros/asserts) by extension 'python_setup_py'
[0.202s] Level 1:colcon.colcon_core.package_identification:_identify(src/agx_arm_ros/asserts/pictures) by extensions ['ignore', 'ignore_ament_install']
[0.202s] Level 1:colcon.colcon_core.package_identification:_identify(src/agx_arm_ros/asserts/pictures) by extension 'ignore'
[0.202s] Level 1:colcon.colcon_core.package_identification:_identify(src/agx_arm_ros/asserts/pictures) by extension 'ignore_ament_install'
[0.202s] Level 1:colcon.colcon_core.package_identification:_identify(src/agx_arm_ros/asserts/pictures) by extensions ['colcon_pkg']
[0.202s] Level 1:colcon.colcon_core.package_identification:_identify(src/agx_arm_ros/asserts/pictures) by extension 'colcon_pkg'
[0.202s] Level 1:colcon.colcon_core.package_identification:_identify(src/agx_arm_ros/asserts/pictures) by extensions ['colcon_meta']
[0.202s] Level 1:colcon.colcon_core.package_identification:_identify(src/agx_arm_ros/asserts/pictures) by extension 'colcon_meta'
[0.202s] Level 1:colcon.colcon_core.package_identification:_identify(src/agx_arm_ros/asserts/pictures) by extensions ['ros']
[0.202s] Level 1:colcon.colcon_core.package_identification:_identify(src/agx_arm_ros/asserts/pictures) by extension 'ros'
[0.202s] Level 1:colcon.colcon_core.package_identification:_identify(src/agx_arm_ros/asserts/pictures) by extensions ['cmake', 'python']
[0.202s] Level 1:colcon.colcon_core.package_identification:_identify(src/agx_arm_ros/asserts/pictures) by extension 'cmake'
[0.202s] Level 1:colcon.colcon_core.package_identification:_identify(src/agx_arm_ros/asserts/pictures) by extension 'python'
[0.202s] Level 1:colcon.colcon_core.package_identification:_identify(src/agx_arm_ros/asserts/pictures) by extensions ['python_setup_py']
[0.202s] Level 1:colcon.colcon_core.package_identification:_identify(src/agx_arm_ros/asserts/pictures) by extension 'python_setup_py'
[0.202s] Level 1:colcon.colcon_core.package_identification:_identify(src/agx_arm_ros/docs) by extensions ['ignore', 'ignore_ament_install']
[0.202s] Level 1:colcon.colcon_core.package_identification:_identify(src/agx_arm_ros/docs) by extension 'ignore'
[0.202s] Level 1:colcon.colcon_core.package_identification:_identify(src/agx_arm_ros/docs) by extension 'ignore_ament_install'
[0.202s] Level 1:colcon.colcon_core.package_identification:_identify(src/agx_arm_ros/docs) by extensions ['colcon_pkg']
[0.202s] Level 1:colcon.colcon_core.package_identification:_identify(src/agx_arm_ros/docs) by extension 'colcon_pkg'
[0.203s] Level 1:colcon.colcon_core.package_identification:_identify(src/agx_arm_ros/docs) by extensions ['colcon_meta']
[0.203s] Level 1:colcon.colcon_core.package_identification:_identify(src/agx_arm_ros/docs) by extension 'colcon_meta'
[0.203s] Level 1:colcon.colcon_core.package_identification:_identify(src/agx_arm_ros/docs) by extensions ['ros']
[0.203s] Level 1:colcon.colcon_core.package_identification:_identify(src/agx_arm_ros/docs) by extension 'ros'
[0.203s] Level 1:colcon.colcon_core.package_identification:_identify(src/agx_arm_ros/docs) by extensions ['cmake', 'python']
[0.203s] Level 1:colcon.colcon_core.package_identification:_identify(src/agx_arm_ros/docs) by extension 'cmake'
[0.203s] Level 1:colcon.colcon_core.package_identification:_identify(src/agx_arm_ros/docs) by extension 'python'
[0.203s] Level 1:colcon.colcon_core.package_identification:_identify(src/agx_arm_ros/docs) by extensions ['python_setup_py']
[0.203s] Level 1:colcon.colcon_core.package_identification:_identify(src/agx_arm_ros/docs) by extension 'python_setup_py'
[0.203s] Level 1:colcon.colcon_core.package_identification:_identify(src/agx_arm_ros/docs/tcp_offset) by extensions ['ignore', 'ignore_ament_install']
[0.203s] Level 1:colcon.colcon_core.package_identification:_identify(src/agx_arm_ros/docs/tcp_offset) by extension 'ignore'
[0.203s] Level 1:colcon.colcon_core.package_identification:_identify(src/agx_arm_ros/docs/tcp_offset) by extension 'ignore_ament_install'
[0.203s] Level 1:colcon.colcon_core.package_identification:_identify(src/agx_arm_ros/docs/tcp_offset) by extensions ['colcon_pkg']
[0.203s] Level 1:colcon.colcon_core.package_identification:_identify(src/agx_arm_ros/docs/tcp_offset) by extension 'colcon_pkg'
[0.203s] Level 1:colcon.colcon_core.package_identification:_identify(src/agx_arm_ros/docs/tcp_offset) by extensions ['colcon_meta']
[0.203s] Level 1:colcon.colcon_core.package_identification:_identify(src/agx_arm_ros/docs/tcp_offset) by extension 'colcon_meta'
[0.203s] Level 1:colcon.colcon_core.package_identification:_identify(src/agx_arm_ros/docs/tcp_offset) by extensions ['ros']
[0.203s] Level 1:colcon.colcon_core.package_identification:_identify(src/agx_arm_ros/docs/tcp_offset) by extension 'ros'
[0.203s] Level 1:colcon.colcon_core.package_identification:_identify(src/agx_arm_ros/docs/tcp_offset) by extensions ['cmake', 'python']
[0.203s] Level 1:colcon.colcon_core.package_identification:_identify(src/agx_arm_ros/docs/tcp_offset) by extension 'cmake'
[0.203s] Level 1:colcon.colcon_core.package_identification:_identify(src/agx_arm_ros/docs/tcp_offset) by extension 'python'
[0.203s] Level 1:colcon.colcon_core.package_identification:_identify(src/agx_arm_ros/docs/tcp_offset) by extensions ['python_setup_py']
[0.203s] Level 1:colcon.colcon_core.package_identification:_identify(src/agx_arm_ros/docs/tcp_offset) by extension 'python_setup_py'
[0.203s] Level 1:colcon.colcon_core.package_identification:_identify(src/agx_arm_ros/scripts) by extensions ['ignore', 'ignore_ament_install']
[0.203s] Level 1:colcon.colcon_core.package_identification:_identify(src/agx_arm_ros/scripts) by extension 'ignore'
[0.203s] Level 1:colcon.colcon_core.package_identification:_identify(src/agx_arm_ros/scripts) by extension 'ignore_ament_install'
[0.203s] Level 1:colcon.colcon_core.package_identification:_identify(src/agx_arm_ros/scripts) by extensions ['colcon_pkg']
[0.203s] Level 1:colcon.colcon_core.package_identification:_identify(src/agx_arm_ros/scripts) by extension 'colcon_pkg'
[0.203s] Level 1:colcon.colcon_core.package_identification:_identify(src/agx_arm_ros/scripts) by extensions ['colcon_meta']
[0.203s] Level 1:colcon.colcon_core.package_identification:_identify(src/agx_arm_ros/scripts) by extension 'colcon_meta'
[0.203s] Level 1:colcon.colcon_core.package_identification:_identify(src/agx_arm_ros/scripts) by extensions ['ros']
[0.203s] Level 1:colcon.colcon_core.package_identification:_identify(src/agx_arm_ros/scripts) by extension 'ros'
[0.203s] Level 1:colcon.colcon_core.package_identification:_identify(src/agx_arm_ros/scripts) by extensions ['cmake', 'python']
[0.203s] Level 1:colcon.colcon_core.package_identification:_identify(src/agx_arm_ros/scripts) by extension 'cmake'
[0.203s] Level 1:colcon.colcon_core.package_identification:_identify(src/agx_arm_ros/scripts) by extension 'python'
[0.204s] Level 1:colcon.colcon_core.package_identification:_identify(src/agx_arm_ros/scripts) by extensions ['python_setup_py']
[0.204s] Level 1:colcon.colcon_core.package_identification:_identify(src/agx_arm_ros/scripts) by extension 'python_setup_py'
[0.204s] Level 1:colcon.colcon_core.package_identification:_identify(src/agx_arm_ros/src) by extensions ['ignore', 'ignore_ament_install']
[0.204s] Level 1:colcon.colcon_core.package_identification:_identify(src/agx_arm_ros/src) by extension 'ignore'
[0.204s] Level 1:colcon.colcon_core.package_identification:_identify(src/agx_arm_ros/src) by extension 'ignore_ament_install'
[0.204s] Level 1:colcon.colcon_core.package_identification:_identify(src/agx_arm_ros/src) by extensions ['colcon_pkg']
[0.204s] Level 1:colcon.colcon_core.package_identification:_identify(src/agx_arm_ros/src) by extension 'colcon_pkg'
[0.204s] Level 1:colcon.colcon_core.package_identification:_identify(src/agx_arm_ros/src) by extensions ['colcon_meta']
[0.204s] Level 1:colcon.colcon_core.package_identification:_identify(src/agx_arm_ros/src) by extension 'colcon_meta'
[0.204s] Level 1:colcon.colcon_core.package_identification:_identify(src/agx_arm_ros/src) by extensions ['ros']
[0.204s] Level 1:colcon.colcon_core.package_identification:_identify(src/agx_arm_ros/src) by extension 'ros'
[0.204s] Level 1:colcon.colcon_core.package_identification:_identify(src/agx_arm_ros/src) by extensions ['cmake', 'python']
[0.204s] Level 1:colcon.colcon_core.package_identification:_identify(src/agx_arm_ros/src) by extension 'cmake'
[0.204s] Level 1:colcon.colcon_core.package_identification:_identify(src/agx_arm_ros/src) by extension 'python'
[0.204s] Level 1:colcon.colcon_core.package_identification:_identify(src/agx_arm_ros/src) by extensions ['python_setup_py']
[0.204s] Level 1:colcon.colcon_core.package_identification:_identify(src/agx_arm_ros/src) by extension 'python_setup_py'
[0.204s] Level 1:colcon.colcon_core.package_identification:_identify(src/agx_arm_ros/src/agx_arm_ctrl) by extensions ['ignore', 'ignore_ament_install']
[0.204s] Level 1:colcon.colcon_core.package_identification:_identify(src/agx_arm_ros/src/agx_arm_ctrl) by extension 'ignore'
[0.204s] Level 1:colcon.colcon_core.package_identification:_identify(src/agx_arm_ros/src/agx_arm_ctrl) by extension 'ignore_ament_install'
[0.204s] Level 1:colcon.colcon_core.package_identification:_identify(src/agx_arm_ros/src/agx_arm_ctrl) by extensions ['colcon_pkg']
[0.204s] Level 1:colcon.colcon_core.package_identification:_identify(src/agx_arm_ros/src/agx_arm_ctrl) by extension 'colcon_pkg'
[0.204s] Level 1:colcon.colcon_core.package_identification:_identify(src/agx_arm_ros/src/agx_arm_ctrl) by extensions ['colcon_meta']
[0.204s] Level 1:colcon.colcon_core.package_identification:_identify(src/agx_arm_ros/src/agx_arm_ctrl) by extension 'colcon_meta'
[0.204s] Level 1:colcon.colcon_core.package_identification:_identify(src/agx_arm_ros/src/agx_arm_ctrl) by extensions ['ros']
[0.204s] Level 1:colcon.colcon_core.package_identification:_identify(src/agx_arm_ros/src/agx_arm_ctrl) by extension 'ros'
[0.206s] DEBUG:colcon.colcon_core.package_identification:Package 'src/agx_arm_ros/src/agx_arm_ctrl' with type 'ros.ament_python' and name 'agx_arm_ctrl'
[0.206s] Level 1:colcon.colcon_core.package_identification:_identify(src/agx_arm_ros/src/agx_arm_description) by extensions ['ignore', 'ignore_ament_install']
[0.207s] Level 1:colcon.colcon_core.package_identification:_identify(src/agx_arm_ros/src/agx_arm_description) by extension 'ignore'
[0.207s] Level 1:colcon.colcon_core.package_identification:_identify(src/agx_arm_ros/src/agx_arm_description) by extension 'ignore_ament_install'
[0.207s] Level 1:colcon.colcon_core.package_identification:_identify(src/agx_arm_ros/src/agx_arm_description) by extensions ['colcon_pkg']
[0.207s] Level 1:colcon.colcon_core.package_identification:_identify(src/agx_arm_ros/src/agx_arm_description) by extension 'colcon_pkg'
[0.207s] Level 1:colcon.colcon_core.package_identification:_identify(src/agx_arm_ros/src/agx_arm_description) by extensions ['colcon_meta']
[0.207s] Level 1:colcon.colcon_core.package_identification:_identify(src/agx_arm_ros/src/agx_arm_description) by extension 'colcon_meta'
[0.207s] Level 1:colcon.colcon_core.package_identification:_identify(src/agx_arm_ros/src/agx_arm_description) by extensions ['ros']
[0.207s] Level 1:colcon.colcon_core.package_identification:_identify(src/agx_arm_ros/src/agx_arm_description) by extension 'ros'
[0.207s] DEBUG:colcon.colcon_core.package_identification:Package 'src/agx_arm_ros/src/agx_arm_description' with type 'ros.ament_cmake' and name 'agx_arm_description'
[0.207s] Level 1:colcon.colcon_core.package_identification:_identify(src/agx_arm_ros/src/agx_arm_moveit) by extensions ['ignore', 'ignore_ament_install']
[0.207s] Level 1:colcon.colcon_core.package_identification:_identify(src/agx_arm_ros/src/agx_arm_moveit) by extension 'ignore'
[0.207s] Level 1:colcon.colcon_core.package_identification:_identify(src/agx_arm_ros/src/agx_arm_moveit) by extension 'ignore_ament_install'
[0.207s] Level 1:colcon.colcon_core.package_identification:_identify(src/agx_arm_ros/src/agx_arm_moveit) by extensions ['colcon_pkg']
[0.207s] Level 1:colcon.colcon_core.package_identification:_identify(src/agx_arm_ros/src/agx_arm_moveit) by extension 'colcon_pkg'
[0.207s] Level 1:colcon.colcon_core.package_identification:_identify(src/agx_arm_ros/src/agx_arm_moveit) by extensions ['colcon_meta']
[0.207s] Level 1:colcon.colcon_core.package_identification:_identify(src/agx_arm_ros/src/agx_arm_moveit) by extension 'colcon_meta'
[0.207s] Level 1:colcon.colcon_core.package_identification:_identify(src/agx_arm_ros/src/agx_arm_moveit) by extensions ['ros']
[0.207s] Level 1:colcon.colcon_core.package_identification:_identify(src/agx_arm_ros/src/agx_arm_moveit) by extension 'ros'
[0.208s] DEBUG:colcon.colcon_core.package_identification:Package 'src/agx_arm_ros/src/agx_arm_moveit' with type 'ros.ament_cmake' and name 'agx_arm_moveit'
[0.208s] Level 1:colcon.colcon_core.package_identification:_identify(src/agx_arm_ros/src/agx_arm_msgs) by extensions ['ignore', 'ignore_ament_install']
[0.208s] Level 1:colcon.colcon_core.package_identification:_identify(src/agx_arm_ros/src/agx_arm_msgs) by extension 'ignore'
[0.208s] Level 1:colcon.colcon_core.package_identification:_identify(src/agx_arm_ros/src/agx_arm_msgs) by extension 'ignore_ament_install'
[0.208s] Level 1:colcon.colcon_core.package_identification:_identify(src/agx_arm_ros/src/agx_arm_msgs) by extensions ['colcon_pkg']
[0.208s] Level 1:colcon.colcon_core.package_identification:_identify(src/agx_arm_ros/src/agx_arm_msgs) by extension 'colcon_pkg'
[0.208s] Level 1:colcon.colcon_core.package_identification:_identify(src/agx_arm_ros/src/agx_arm_msgs) by extensions ['colcon_meta']
[0.208s] Level 1:colcon.colcon_core.package_identification:_identify(src/agx_arm_ros/src/agx_arm_msgs) by extension 'colcon_meta'
[0.208s] Level 1:colcon.colcon_core.package_identification:_identify(src/agx_arm_ros/src/agx_arm_msgs) by extensions ['ros']
[0.208s] Level 1:colcon.colcon_core.package_identification:_identify(src/agx_arm_ros/src/agx_arm_msgs) by extension 'ros'
[0.209s] DEBUG:colcon.colcon_core.package_identification:Package 'src/agx_arm_ros/src/agx_arm_msgs' with type 'ros.ament_cmake' and name 'agx_arm_msgs'
[0.209s] Level 1:colcon.colcon_core.package_identification:_identify(src/agx_arm_ros/test) by extensions ['ignore', 'ignore_ament_install']
[0.209s] Level 1:colcon.colcon_core.package_identification:_identify(src/agx_arm_ros/test) by extension 'ignore'
[0.209s] Level 1:colcon.colcon_core.package_identification:_identify(src/agx_arm_ros/test) by extension 'ignore_ament_install'
[0.209s] Level 1:colcon.colcon_core.package_identification:_identify(src/agx_arm_ros/test) by extensions ['colcon_pkg']
[0.209s] Level 1:colcon.colcon_core.package_identification:_identify(src/agx_arm_ros/test) by extension 'colcon_pkg'
[0.209s] Level 1:colcon.colcon_core.package_identification:_identify(src/agx_arm_ros/test) by extensions ['colcon_meta']
[0.209s] Level 1:colcon.colcon_core.package_identification:_identify(src/agx_arm_ros/test) by extension 'colcon_meta'
[0.209s] Level 1:colcon.colcon_core.package_identification:_identify(src/agx_arm_ros/test) by extensions ['ros']
[0.209s] Level 1:colcon.colcon_core.package_identification:_identify(src/agx_arm_ros/test) by extension 'ros'
[0.209s] Level 1:colcon.colcon_core.package_identification:_identify(src/agx_arm_ros/test) by extensions ['cmake', 'python']
[0.209s] Level 1:colcon.colcon_core.package_identification:_identify(src/agx_arm_ros/test) by extension 'cmake'
[0.209s] Level 1:colcon.colcon_core.package_identification:_identify(src/agx_arm_ros/test) by extension 'python'
[0.209s] Level 1:colcon.colcon_core.package_identification:_identify(src/agx_arm_ros/test) by extensions ['python_setup_py']
[0.209s] Level 1:colcon.colcon_core.package_identification:_identify(src/agx_arm_ros/test) by extension 'python_setup_py'
[0.209s] Level 1:colcon.colcon_core.package_identification:_identify(src/agx_arm_ros/test/gripper) by extensions ['ignore', 'ignore_ament_install']
[0.209s] Level 1:colcon.colcon_core.package_identification:_identify(src/agx_arm_ros/test/gripper) by extension 'ignore'
[0.209s] Level 1:colcon.colcon_core.package_identification:_identify(src/agx_arm_ros/test/gripper) by extension 'ignore_ament_install'
[0.209s] Level 1:colcon.colcon_core.package_identification:_identify(src/agx_arm_ros/test/gripper) by extensions ['colcon_pkg']
[0.209s] Level 1:colcon.colcon_core.package_identification:_identify(src/agx_arm_ros/test/gripper) by extension 'colcon_pkg'
[0.209s] Level 1:colcon.colcon_core.package_identification:_identify(src/agx_arm_ros/test/gripper) by extensions ['colcon_meta']
[0.209s] Level 1:colcon.colcon_core.package_identification:_identify(src/agx_arm_ros/test/gripper) by extension 'colcon_meta'
[0.209s] Level 1:colcon.colcon_core.package_identification:_identify(src/agx_arm_ros/test/gripper) by extensions ['ros']
[0.209s] Level 1:colcon.colcon_core.package_identification:_identify(src/agx_arm_ros/test/gripper) by extension 'ros'
[0.209s] Level 1:colcon.colcon_core.package_identification:_identify(src/agx_arm_ros/test/gripper) by extensions ['cmake', 'python']
[0.209s] Level 1:colcon.colcon_core.package_identification:_identify(src/agx_arm_ros/test/gripper) by extension 'cmake'
[0.210s] Level 1:colcon.colcon_core.package_identification:_identify(src/agx_arm_ros/test/gripper) by extension 'python'
[0.210s] Level 1:colcon.colcon_core.package_identification:_identify(src/agx_arm_ros/test/gripper) by extensions ['python_setup_py']
[0.210s] Level 1:colcon.colcon_core.package_identification:_identify(src/agx_arm_ros/test/gripper) by extension 'python_setup_py'
[0.210s] Level 1:colcon.colcon_core.package_identification:_identify(src/agx_arm_ros/test/hand) by extensions ['ignore', 'ignore_ament_install']
[0.210s] Level 1:colcon.colcon_core.package_identification:_identify(src/agx_arm_ros/test/hand) by extension 'ignore'
[0.210s] Level 1:colcon.colcon_core.package_identification:_identify(src/agx_arm_ros/test/hand) by extension 'ignore_ament_install'
[0.210s] Level 1:colcon.colcon_core.package_identification:_identify(src/agx_arm_ros/test/hand) by extensions ['colcon_pkg']
[0.210s] Level 1:colcon.colcon_core.package_identification:_identify(src/agx_arm_ros/test/hand) by extension 'colcon_pkg'
[0.210s] Level 1:colcon.colcon_core.package_identification:_identify(src/agx_arm_ros/test/hand) by extensions ['colcon_meta']
[0.210s] Level 1:colcon.colcon_core.package_identification:_identify(src/agx_arm_ros/test/hand) by extension 'colcon_meta'
[0.210s] Level 1:colcon.colcon_core.package_identification:_identify(src/agx_arm_ros/test/hand) by extensions ['ros']
[0.210s] Level 1:colcon.colcon_core.package_identification:_identify(src/agx_arm_ros/test/hand) by extension 'ros'
[0.210s] Level 1:colcon.colcon_core.package_identification:_identify(src/agx_arm_ros/test/hand) by extensions ['cmake', 'python']
[0.210s] Level 1:colcon.colcon_core.package_identification:_identify(src/agx_arm_ros/test/hand) by extension 'cmake'
[0.210s] Level 1:colcon.colcon_core.package_identification:_identify(src/agx_arm_ros/test/hand) by extension 'python'
[0.210s] Level 1:colcon.colcon_core.package_identification:_identify(src/agx_arm_ros/test/hand) by extensions ['python_setup_py']
[0.210s] Level 1:colcon.colcon_core.package_identification:_identify(src/agx_arm_ros/test/hand) by extension 'python_setup_py'
[0.210s] Level 1:colcon.colcon_core.package_identification:_identify(src/agx_arm_ros/test/nero) by extensions ['ignore', 'ignore_ament_install']
[0.210s] Level 1:colcon.colcon_core.package_identification:_identify(src/agx_arm_ros/test/nero) by extension 'ignore'
[0.210s] Level 1:colcon.colcon_core.package_identification:_identify(src/agx_arm_ros/test/nero) by extension 'ignore_ament_install'
[0.210s] Level 1:colcon.colcon_core.package_identification:_identify(src/agx_arm_ros/test/nero) by extensions ['colcon_pkg']
[0.210s] Level 1:colcon.colcon_core.package_identification:_identify(src/agx_arm_ros/test/nero) by extension 'colcon_pkg'
[0.210s] Level 1:colcon.colcon_core.package_identification:_identify(src/agx_arm_ros/test/nero) by extensions ['colcon_meta']
[0.210s] Level 1:colcon.colcon_core.package_identification:_identify(src/agx_arm_ros/test/nero) by extension 'colcon_meta'
[0.210s] Level 1:colcon.colcon_core.package_identification:_identify(src/agx_arm_ros/test/nero) by extensions ['ros']
[0.210s] Level 1:colcon.colcon_core.package_identification:_identify(src/agx_arm_ros/test/nero) by extension 'ros'
[0.210s] Level 1:colcon.colcon_core.package_identification:_identify(src/agx_arm_ros/test/nero) by extensions ['cmake', 'python']
[0.210s] Level 1:colcon.colcon_core.package_identification:_identify(src/agx_arm_ros/test/nero) by extension 'cmake'
[0.210s] Level 1:colcon.colcon_core.package_identification:_identify(src/agx_arm_ros/test/nero) by extension 'python'
[0.210s] Level 1:colcon.colcon_core.package_identification:_identify(src/agx_arm_ros/test/nero) by extensions ['python_setup_py']
[0.210s] Level 1:colcon.colcon_core.package_identification:_identify(src/agx_arm_ros/test/nero) by extension 'python_setup_py'
[0.210s] Level 1:colcon.colcon_core.package_identification:_identify(src/agx_arm_ros/test/piper) by extensions ['ignore', 'ignore_ament_install']
[0.210s] Level 1:colcon.colcon_core.package_identification:_identify(src/agx_arm_ros/test/piper) by extension 'ignore'
[0.210s] Level 1:colcon.colcon_core.package_identification:_identify(src/agx_arm_ros/test/piper) by extension 'ignore_ament_install'
[0.211s] Level 1:colcon.colcon_core.package_identification:_identify(src/agx_arm_ros/test/piper) by extensions ['colcon_pkg']
[0.211s] Level 1:colcon.colcon_core.package_identification:_identify(src/agx_arm_ros/test/piper) by extension 'colcon_pkg'
[0.211s] Level 1:colcon.colcon_core.package_identification:_identify(src/agx_arm_ros/test/piper) by extensions ['colcon_meta']
[0.211s] Level 1:colcon.colcon_core.package_identification:_identify(src/agx_arm_ros/test/piper) by extension 'colcon_meta'
[0.211s] Level 1:colcon.colcon_core.package_identification:_identify(src/agx_arm_ros/test/piper) by extensions ['ros']
[0.211s] Level 1:colcon.colcon_core.package_identification:_identify(src/agx_arm_ros/test/piper) by extension 'ros'
[0.211s] Level 1:colcon.colcon_core.package_identification:_identify(src/agx_arm_ros/test/piper) by extensions ['cmake', 'python']
[0.211s] Level 1:colcon.colcon_core.package_identification:_identify(src/agx_arm_ros/test/piper) by extension 'cmake'
[0.211s] Level 1:colcon.colcon_core.package_identification:_identify(src/agx_arm_ros/test/piper) by extension 'python'
[0.211s] Level 1:colcon.colcon_core.package_identification:_identify(src/agx_arm_ros/test/piper) by extensions ['python_setup_py']
[0.211s] Level 1:colcon.colcon_core.package_identification:_identify(src/agx_arm_ros/test/piper) by extension 'python_setup_py'
[0.211s] Level 1:colcon.colcon_core.package_discovery:discover_packages(recursive) using defaults
[0.211s] Level 1:colcon.colcon_core.package_discovery:discover_packages(ignore) discover
[0.211s] Level 1:colcon.colcon_core.package_discovery:discover_packages(ignore) using defaults
[0.211s] Level 1:colcon.colcon_core.package_discovery:discover_packages(path) discover
[0.211s] Level 1:colcon.colcon_core.package_discovery:discover_packages(path) using defaults
[0.233s] Level 1:colcon.colcon_core.package_discovery:discover_packages(prefix_path) check parameters
[0.233s] Level 1:colcon.colcon_core.package_discovery:discover_packages(prefix_path) discover
[0.234s] DEBUG:colcon.colcon_installed_package_information.package_discovery:Found 0 installed packages in /home/flowing/piper/agx_arm_ws/install
[0.235s] DEBUG:colcon.colcon_installed_package_information.package_discovery:Found 457 installed packages in /opt/ros/humble
[0.236s] Level 1:colcon.colcon_core.package_discovery:discover_packages(prefix_path) using defaults
[0.274s] Level 5:colcon.colcon_core.verb:set package 'agx_arm_description' build argument 'cmake_args' from command line to 'None'
[0.274s] Level 5:colcon.colcon_core.verb:set package 'agx_arm_description' build argument 'cmake_target' from command line to 'None'
[0.274s] Level 5:colcon.colcon_core.verb:set package 'agx_arm_description' build argument 'cmake_target_skip_unavailable' from command line to 'False'
[0.274s] Level 5:colcon.colcon_core.verb:set package 'agx_arm_description' build argument 'cmake_clean_cache' from command line to 'False'
[0.274s] Level 5:colcon.colcon_core.verb:set package 'agx_arm_description' build argument 'cmake_clean_first' from command line to 'False'
[0.274s] Level 5:colcon.colcon_core.verb:set package 'agx_arm_description' build argument 'cmake_force_configure' from command line to 'False'
[0.274s] Level 5:colcon.colcon_core.verb:set package 'agx_arm_description' build argument 'ament_cmake_args' from command line to 'None'
[0.274s] Level 5:colcon.colcon_core.verb:set package 'agx_arm_description' build argument 'catkin_cmake_args' from command line to 'None'
[0.274s] Level 5:colcon.colcon_core.verb:set package 'agx_arm_description' build argument 'catkin_skip_building_tests' from command line to 'False'
[0.274s] DEBUG:colcon.colcon_core.verb:Building package 'agx_arm_description' with the following arguments: {'ament_cmake_args': None, 'build_base': '/home/flowing/piper/agx_arm_ws/build/agx_arm_description', 'catkin_cmake_args': None, 'catkin_skip_building_tests': False, 'cmake_args': None, 'cmake_clean_cache': False, 'cmake_clean_first': False, 'cmake_force_configure': False, 'cmake_target': None, 'cmake_target_skip_unavailable': False, 'install_base': '/home/flowing/piper/agx_arm_ws/install/agx_arm_description', 'merge_install': False, 'path': '/home/flowing/piper/agx_arm_ws/src/agx_arm_ros/src/agx_arm_description', 'symlink_install': False, 'test_result_base': None}
[0.274s] Level 5:colcon.colcon_core.verb:set package 'agx_arm_msgs' build argument 'cmake_args' from command line to 'None'
[0.274s] Level 5:colcon.colcon_core.verb:set package 'agx_arm_msgs' build argument 'cmake_target' from command line to 'None'
[0.274s] Level 5:colcon.colcon_core.verb:set package 'agx_arm_msgs' build argument 'cmake_target_skip_unavailable' from command line to 'False'
[0.274s] Level 5:colcon.colcon_core.verb:set package 'agx_arm_msgs' build argument 'cmake_clean_cache' from command line to 'False'
[0.274s] Level 5:colcon.colcon_core.verb:set package 'agx_arm_msgs' build argument 'cmake_clean_first' from command line to 'False'
[0.274s] Level 5:colcon.colcon_core.verb:set package 'agx_arm_msgs' build argument 'cmake_force_configure' from command line to 'False'
[0.274s] Level 5:colcon.colcon_core.verb:set package 'agx_arm_msgs' build argument 'ament_cmake_args' from command line to 'None'
[0.274s] Level 5:colcon.colcon_core.verb:set package 'agx_arm_msgs' build argument 'catkin_cmake_args' from command line to 'None'
[0.274s] Level 5:colcon.colcon_core.verb:set package 'agx_arm_msgs' build argument 'catkin_skip_building_tests' from command line to 'False'
[0.274s] DEBUG:colcon.colcon_core.verb:Building package 'agx_arm_msgs' with the following arguments: {'ament_cmake_args': None, 'build_base': '/home/flowing/piper/agx_arm_ws/build/agx_arm_msgs', 'catkin_cmake_args': None, 'catkin_skip_building_tests': False, 'cmake_args': None, 'cmake_clean_cache': False, 'cmake_clean_first': False, 'cmake_force_configure': False, 'cmake_target': None, 'cmake_target_skip_unavailable': False, 'install_base': '/home/flowing/piper/agx_arm_ws/install/agx_arm_msgs', 'merge_install': False, 'path': '/home/flowing/piper/agx_arm_ws/src/agx_arm_ros/src/agx_arm_msgs', 'symlink_install': False, 'test_result_base': None}
[0.274s] Level 5:colcon.colcon_core.verb:set package 'agx_arm_ctrl' build argument 'cmake_args' from command line to 'None'
[0.274s] Level 5:colcon.colcon_core.verb:set package 'agx_arm_ctrl' build argument 'cmake_target' from command line to 'None'
[0.274s] Level 5:colcon.colcon_core.verb:set package 'agx_arm_ctrl' build argument 'cmake_target_skip_unavailable' from command line to 'False'
[0.275s] Level 5:colcon.colcon_core.verb:set package 'agx_arm_ctrl' build argument 'cmake_clean_cache' from command line to 'False'
[0.275s] Level 5:colcon.colcon_core.verb:set package 'agx_arm_ctrl' build argument 'cmake_clean_first' from command line to 'False'
[0.275s] Level 5:colcon.colcon_core.verb:set package 'agx_arm_ctrl' build argument 'cmake_force_configure' from command line to 'False'
[0.275s] Level 5:colcon.colcon_core.verb:set package 'agx_arm_ctrl' build argument 'ament_cmake_args' from command line to 'None'
[0.275s] Level 5:colcon.colcon_core.verb:set package 'agx_arm_ctrl' build argument 'catkin_cmake_args' from command line to 'None'
[0.275s] Level 5:colcon.colcon_core.verb:set package 'agx_arm_ctrl' build argument 'catkin_skip_building_tests' from command line to 'False'
[0.275s] DEBUG:colcon.colcon_core.verb:Building package 'agx_arm_ctrl' with the following arguments: {'ament_cmake_args': None, 'build_base': '/home/flowing/piper/agx_arm_ws/build/agx_arm_ctrl', 'catkin_cmake_args': None, 'catkin_skip_building_tests': False, 'cmake_args': None, 'cmake_clean_cache': False, 'cmake_clean_first': False, 'cmake_force_configure': False, 'cmake_target': None, 'cmake_target_skip_unavailable': False, 'install_base': '/home/flowing/piper/agx_arm_ws/install/agx_arm_ctrl', 'merge_install': False, 'path': '/home/flowing/piper/agx_arm_ws/src/agx_arm_ros/src/agx_arm_ctrl', 'symlink_install': False, 'test_result_base': None}
[0.275s] Level 5:colcon.colcon_core.verb:set package 'agx_arm_moveit' build argument 'cmake_args' from command line to 'None'
[0.275s] Level 5:colcon.colcon_core.verb:set package 'agx_arm_moveit' build argument 'cmake_target' from command line to 'None'
[0.275s] Level 5:colcon.colcon_core.verb:set package 'agx_arm_moveit' build argument 'cmake_target_skip_unavailable' from command line to 'False'
[0.275s] Level 5:colcon.colcon_core.verb:set package 'agx_arm_moveit' build argument 'cmake_clean_cache' from command line to 'False'
[0.275s] Level 5:colcon.colcon_core.verb:set package 'agx_arm_moveit' build argument 'cmake_clean_first' from command line to 'False'
[0.275s] Level 5:colcon.colcon_core.verb:set package 'agx_arm_moveit' build argument 'cmake_force_configure' from command line to 'False'
[0.275s] Level 5:colcon.colcon_core.verb:set package 'agx_arm_moveit' build argument 'ament_cmake_args' from command line to 'None'
[0.275s] Level 5:colcon.colcon_core.verb:set package 'agx_arm_moveit' build argument 'catkin_cmake_args' from command line to 'None'
[0.275s] Level 5:colcon.colcon_core.verb:set package 'agx_arm_moveit' build argument 'catkin_skip_building_tests' from command line to 'False'
[0.275s] DEBUG:colcon.colcon_core.verb:Building package 'agx_arm_moveit' with the following arguments: {'ament_cmake_args': None, 'build_base': '/home/flowing/piper/agx_arm_ws/build/agx_arm_moveit', 'catkin_cmake_args': None, 'catkin_skip_building_tests': False, 'cmake_args': None, 'cmake_clean_cache': False, 'cmake_clean_first': False, 'cmake_force_configure': False, 'cmake_target': None, 'cmake_target_skip_unavailable': False, 'install_base': '/home/flowing/piper/agx_arm_ws/install/agx_arm_moveit', 'merge_install': False, 'path': '/home/flowing/piper/agx_arm_ws/src/agx_arm_ros/src/agx_arm_moveit', 'symlink_install': False, 'test_result_base': None}
[0.275s] INFO:colcon.colcon_core.executor:Executing jobs using 'parallel' executor
[0.276s] DEBUG:colcon.colcon_parallel_executor.executor.parallel:run_until_complete
[0.276s] INFO:colcon.colcon_ros.task.ament_cmake.build:Building ROS package in '/home/flowing/piper/agx_arm_ws/src/agx_arm_ros/src/agx_arm_description' with build type 'ament_cmake'
[0.276s] INFO:colcon.colcon_cmake.task.cmake.build:Building CMake package in '/home/flowing/piper/agx_arm_ws/src/agx_arm_ros/src/agx_arm_description'
[0.277s] INFO:colcon.colcon_core.plugin_system:Skipping extension 'colcon_core.shell.bat': Not used on non-Windows systems
[0.278s] INFO:colcon.colcon_core.shell:Skip shell extension 'powershell' for command environment: Not usable outside of PowerShell
[0.278s] DEBUG:colcon.colcon_core.shell:Skip shell extension 'dsv' for command environment
[0.280s] INFO:colcon.colcon_ros.task.ament_cmake.build:Building ROS package in '/home/flowing/piper/agx_arm_ws/src/agx_arm_ros/src/agx_arm_msgs' with build type 'ament_cmake'
[0.280s] INFO:colcon.colcon_cmake.task.cmake.build:Building CMake package in '/home/flowing/piper/agx_arm_ws/src/agx_arm_ros/src/agx_arm_msgs'
[0.280s] INFO:colcon.colcon_core.shell:Skip shell extension 'powershell' for command environment: Not usable outside of PowerShell
[0.280s] DEBUG:colcon.colcon_core.shell:Skip shell extension 'dsv' for command environment
[0.286s] DEBUG:colcon.colcon_core.event_handler.log_command:Invoking command in '/home/flowing/piper/agx_arm_ws/build/agx_arm_description': CMAKE_PREFIX_PATH=/opt/ros/humble /usr/bin/cmake /home/flowing/piper/agx_arm_ws/src/agx_arm_ros/src/agx_arm_description -DCMAKE_INSTALL_PREFIX=/home/flowing/piper/agx_arm_ws/install/agx_arm_description
[0.287s] DEBUG:colcon.colcon_core.event_handler.log_command:Invoking command in '/home/flowing/piper/agx_arm_ws/build/agx_arm_msgs': CMAKE_PREFIX_PATH=/opt/ros/humble /usr/bin/cmake /home/flowing/piper/agx_arm_ws/src/agx_arm_ros/src/agx_arm_msgs -DCMAKE_INSTALL_PREFIX=/home/flowing/piper/agx_arm_ws/install/agx_arm_msgs
[0.810s] DEBUG:colcon.colcon_core.event_handler.log_command:Invoked command in '/home/flowing/piper/agx_arm_ws/build/agx_arm_description' returned '0': CMAKE_PREFIX_PATH=/opt/ros/humble /usr/bin/cmake /home/flowing/piper/agx_arm_ws/src/agx_arm_ros/src/agx_arm_description -DCMAKE_INSTALL_PREFIX=/home/flowing/piper/agx_arm_ws/install/agx_arm_description
[0.811s] DEBUG:colcon.colcon_core.event_handler.log_command:Invoking command in '/home/flowing/piper/agx_arm_ws/build/agx_arm_description': CMAKE_PREFIX_PATH=/opt/ros/humble /usr/bin/cmake --build /home/flowing/piper/agx_arm_ws/build/agx_arm_description -- -j12 -l12
[0.841s] DEBUG:colcon.colcon_core.event_handler.log_command:Invoked command in '/home/flowing/piper/agx_arm_ws/build/agx_arm_description' returned '0': CMAKE_PREFIX_PATH=/opt/ros/humble /usr/bin/cmake --build /home/flowing/piper/agx_arm_ws/build/agx_arm_description -- -j12 -l12
[0.850s] DEBUG:colcon.colcon_core.event_handler.log_command:Invoking command in '/home/flowing/piper/agx_arm_ws/build/agx_arm_description': CMAKE_PREFIX_PATH=/opt/ros/humble /usr/bin/cmake --install /home/flowing/piper/agx_arm_ws/build/agx_arm_description
[1.012s] Level 1:colcon.colcon_core.environment:create_environment_scripts_only(agx_arm_description)
[1.013s] DEBUG:colcon.colcon_core.event_handler.log_command:Invoked command in '/home/flowing/piper/agx_arm_ws/build/agx_arm_description' returned '0': CMAKE_PREFIX_PATH=/opt/ros/humble /usr/bin/cmake --install /home/flowing/piper/agx_arm_ws/build/agx_arm_description
[1.015s] Level 1:colcon.colcon_core.environment:checking '/home/flowing/piper/agx_arm_ws/install/agx_arm_description' for CMake module files
[1.015s] Level 1:colcon.colcon_core.environment:checking '/home/flowing/piper/agx_arm_ws/install/agx_arm_description' for CMake config files
[1.016s] Level 1:colcon.colcon_core.shell:create_environment_hook('agx_arm_description', 'cmake_prefix_path')
[1.016s] INFO:colcon.colcon_core.shell:Creating environment hook '/home/flowing/piper/agx_arm_ws/install/agx_arm_description/share/agx_arm_description/hook/cmake_prefix_path.ps1'
[1.024s] INFO:colcon.colcon_core.shell:Creating environment descriptor '/home/flowing/piper/agx_arm_ws/install/agx_arm_description/share/agx_arm_description/hook/cmake_prefix_path.dsv'
[1.025s] INFO:colcon.colcon_core.shell:Creating environment hook '/home/flowing/piper/agx_arm_ws/install/agx_arm_description/share/agx_arm_description/hook/cmake_prefix_path.sh'
[1.026s] Level 1:colcon.colcon_core.environment:checking '/home/flowing/piper/agx_arm_ws/install/agx_arm_description/bin'
[1.026s] Level 1:colcon.colcon_core.environment:checking '/home/flowing/piper/agx_arm_ws/install/agx_arm_description/lib/pkgconfig/agx_arm_description.pc'
[1.027s] Level 1:colcon.colcon_core.environment:checking '/home/flowing/piper/agx_arm_ws/install/agx_arm_description/lib/python3.10/site-packages'
[1.027s] Level 1:colcon.colcon_core.environment:checking '/home/flowing/piper/agx_arm_ws/install/agx_arm_description/bin'
[1.027s] INFO:colcon.colcon_core.shell:Creating package script '/home/flowing/piper/agx_arm_ws/install/agx_arm_description/share/agx_arm_description/package.ps1'
[1.028s] INFO:colcon.colcon_core.shell:Creating package descriptor '/home/flowing/piper/agx_arm_ws/install/agx_arm_description/share/agx_arm_description/package.dsv'
[1.028s] INFO:colcon.colcon_core.shell:Creating package script '/home/flowing/piper/agx_arm_ws/install/agx_arm_description/share/agx_arm_description/package.sh'
[1.029s] INFO:colcon.colcon_core.shell:Creating package script '/home/flowing/piper/agx_arm_ws/install/agx_arm_description/share/agx_arm_description/package.bash'
[1.030s] INFO:colcon.colcon_core.shell:Creating package script '/home/flowing/piper/agx_arm_ws/install/agx_arm_description/share/agx_arm_description/package.zsh'
[1.030s] Level 1:colcon.colcon_core.environment:create_file_with_runtime_dependencies(/home/flowing/piper/agx_arm_ws/install/agx_arm_description/share/colcon-core/packages/agx_arm_description)
[1.031s] Level 1:colcon.colcon_core.environment:create_environment_scripts_only(agx_arm_description)
[1.031s] Level 1:colcon.colcon_core.environment:checking '/home/flowing/piper/agx_arm_ws/install/agx_arm_description' for CMake module files
[1.031s] Level 1:colcon.colcon_core.environment:checking '/home/flowing/piper/agx_arm_ws/install/agx_arm_description' for CMake config files
[1.031s] Level 1:colcon.colcon_core.shell:create_environment_hook('agx_arm_description', 'cmake_prefix_path')
[1.031s] INFO:colcon.colcon_core.shell:Creating environment hook '/home/flowing/piper/agx_arm_ws/install/agx_arm_description/share/agx_arm_description/hook/cmake_prefix_path.ps1'
[1.032s] INFO:colcon.colcon_core.shell:Creating environment descriptor '/home/flowing/piper/agx_arm_ws/install/agx_arm_description/share/agx_arm_description/hook/cmake_prefix_path.dsv'
[1.032s] INFO:colcon.colcon_core.shell:Creating environment hook '/home/flowing/piper/agx_arm_ws/install/agx_arm_description/share/agx_arm_description/hook/cmake_prefix_path.sh'
[1.032s] Level 1:colcon.colcon_core.environment:checking '/home/flowing/piper/agx_arm_ws/install/agx_arm_description/bin'
[1.032s] Level 1:colcon.colcon_core.environment:checking '/home/flowing/piper/agx_arm_ws/install/agx_arm_description/lib/pkgconfig/agx_arm_description.pc'
[1.033s] Level 1:colcon.colcon_core.environment:checking '/home/flowing/piper/agx_arm_ws/install/agx_arm_description/lib/python3.10/site-packages'
[1.033s] Level 1:colcon.colcon_core.environment:checking '/home/flowing/piper/agx_arm_ws/install/agx_arm_description/bin'
[1.033s] INFO:colcon.colcon_core.shell:Creating package script '/home/flowing/piper/agx_arm_ws/install/agx_arm_description/share/agx_arm_description/package.ps1'
[1.034s] INFO:colcon.colcon_core.shell:Creating package descriptor '/home/flowing/piper/agx_arm_ws/install/agx_arm_description/share/agx_arm_description/package.dsv'
[1.034s] INFO:colcon.colcon_core.shell:Creating package script '/home/flowing/piper/agx_arm_ws/install/agx_arm_description/share/agx_arm_description/package.sh'
[1.034s] INFO:colcon.colcon_core.shell:Creating package script '/home/flowing/piper/agx_arm_ws/install/agx_arm_description/share/agx_arm_description/package.bash'
[1.035s] INFO:colcon.colcon_core.shell:Creating package script '/home/flowing/piper/agx_arm_ws/install/agx_arm_description/share/agx_arm_description/package.zsh'
[1.035s] Level 1:colcon.colcon_core.environment:create_file_with_runtime_dependencies(/home/flowing/piper/agx_arm_ws/install/agx_arm_description/share/colcon-core/packages/agx_arm_description)
[1.035s] INFO:colcon.colcon_ros.task.ament_cmake.build:Building ROS package in '/home/flowing/piper/agx_arm_ws/src/agx_arm_ros/src/agx_arm_moveit' with build type 'ament_cmake'
[1.035s] INFO:colcon.colcon_cmake.task.cmake.build:Building CMake package in '/home/flowing/piper/agx_arm_ws/src/agx_arm_ros/src/agx_arm_moveit'
[1.035s] INFO:colcon.colcon_core.shell:Skip shell extension 'powershell' for command environment: Not usable outside of PowerShell
[1.035s] DEBUG:colcon.colcon_core.shell:Skip shell extension 'dsv' for command environment
[1.043s] DEBUG:colcon.colcon_core.event_handler.log_command:Invoking command in '/home/flowing/piper/agx_arm_ws/build/agx_arm_moveit': AMENT_PREFIX_PATH=/home/flowing/piper/agx_arm_ws/install/agx_arm_description:${AMENT_PREFIX_PATH} CMAKE_PREFIX_PATH=/home/flowing/piper/agx_arm_ws/install/agx_arm_description:/opt/ros/humble /usr/bin/cmake /home/flowing/piper/agx_arm_ws/src/agx_arm_ros/src/agx_arm_moveit -DCMAKE_INSTALL_PREFIX=/home/flowing/piper/agx_arm_ws/install/agx_arm_moveit
[1.587s] DEBUG:colcon.colcon_core.event_handler.log_command:Invoked command in '/home/flowing/piper/agx_arm_ws/build/agx_arm_moveit' returned '0': AMENT_PREFIX_PATH=/home/flowing/piper/agx_arm_ws/install/agx_arm_description:${AMENT_PREFIX_PATH} CMAKE_PREFIX_PATH=/home/flowing/piper/agx_arm_ws/install/agx_arm_description:/opt/ros/humble /usr/bin/cmake /home/flowing/piper/agx_arm_ws/src/agx_arm_ros/src/agx_arm_moveit -DCMAKE_INSTALL_PREFIX=/home/flowing/piper/agx_arm_ws/install/agx_arm_moveit
[1.588s] DEBUG:colcon.colcon_core.event_handler.log_command:Invoking command in '/home/flowing/piper/agx_arm_ws/build/agx_arm_moveit': AMENT_PREFIX_PATH=/home/flowing/piper/agx_arm_ws/install/agx_arm_description:${AMENT_PREFIX_PATH} CMAKE_PREFIX_PATH=/home/flowing/piper/agx_arm_ws/install/agx_arm_description:/opt/ros/humble /usr/bin/cmake --build /home/flowing/piper/agx_arm_ws/build/agx_arm_moveit -- -j12 -l12
[1.618s] DEBUG:colcon.colcon_core.event_handler.log_command:Invoked command in '/home/flowing/piper/agx_arm_ws/build/agx_arm_moveit' returned '0': AMENT_PREFIX_PATH=/home/flowing/piper/agx_arm_ws/install/agx_arm_description:${AMENT_PREFIX_PATH} CMAKE_PREFIX_PATH=/home/flowing/piper/agx_arm_ws/install/agx_arm_description:/opt/ros/humble /usr/bin/cmake --build /home/flowing/piper/agx_arm_ws/build/agx_arm_moveit -- -j12 -l12
[1.619s] DEBUG:colcon.colcon_core.event_handler.log_command:Invoking command in '/home/flowing/piper/agx_arm_ws/build/agx_arm_moveit': AMENT_PREFIX_PATH=/home/flowing/piper/agx_arm_ws/install/agx_arm_description:${AMENT_PREFIX_PATH} CMAKE_PREFIX_PATH=/home/flowing/piper/agx_arm_ws/install/agx_arm_description:/opt/ros/humble /usr/bin/cmake --install /home/flowing/piper/agx_arm_ws/build/agx_arm_moveit
[1.628s] Level 1:colcon.colcon_core.environment:create_environment_scripts_only(agx_arm_moveit)
[1.629s] Level 1:colcon.colcon_core.environment:checking '/home/flowing/piper/agx_arm_ws/install/agx_arm_moveit' for CMake module files
[1.629s] DEBUG:colcon.colcon_core.event_handler.log_command:Invoked command in '/home/flowing/piper/agx_arm_ws/build/agx_arm_moveit' returned '0': AMENT_PREFIX_PATH=/home/flowing/piper/agx_arm_ws/install/agx_arm_description:${AMENT_PREFIX_PATH} CMAKE_PREFIX_PATH=/home/flowing/piper/agx_arm_ws/install/agx_arm_description:/opt/ros/humble /usr/bin/cmake --install /home/flowing/piper/agx_arm_ws/build/agx_arm_moveit
[1.629s] Level 1:colcon.colcon_core.environment:checking '/home/flowing/piper/agx_arm_ws/install/agx_arm_moveit' for CMake config files
[1.629s] Level 1:colcon.colcon_core.shell:create_environment_hook('agx_arm_moveit', 'cmake_prefix_path')
[1.630s] INFO:colcon.colcon_core.shell:Creating environment hook '/home/flowing/piper/agx_arm_ws/install/agx_arm_moveit/share/agx_arm_moveit/hook/cmake_prefix_path.ps1'
[1.630s] INFO:colcon.colcon_core.shell:Creating environment descriptor '/home/flowing/piper/agx_arm_ws/install/agx_arm_moveit/share/agx_arm_moveit/hook/cmake_prefix_path.dsv'
[1.630s] INFO:colcon.colcon_core.shell:Creating environment hook '/home/flowing/piper/agx_arm_ws/install/agx_arm_moveit/share/agx_arm_moveit/hook/cmake_prefix_path.sh'
[1.631s] Level 1:colcon.colcon_core.environment:checking '/home/flowing/piper/agx_arm_ws/install/agx_arm_moveit/bin'
[1.631s] Level 1:colcon.colcon_core.environment:checking '/home/flowing/piper/agx_arm_ws/install/agx_arm_moveit/lib/pkgconfig/agx_arm_moveit.pc'
[1.631s] Level 1:colcon.colcon_core.environment:checking '/home/flowing/piper/agx_arm_ws/install/agx_arm_moveit/lib/python3.10/site-packages'
[1.631s] Level 1:colcon.colcon_core.environment:checking '/home/flowing/piper/agx_arm_ws/install/agx_arm_moveit/bin'
[1.631s] INFO:colcon.colcon_core.shell:Creating package script '/home/flowing/piper/agx_arm_ws/install/agx_arm_moveit/share/agx_arm_moveit/package.ps1'
[1.632s] INFO:colcon.colcon_core.shell:Creating package descriptor '/home/flowing/piper/agx_arm_ws/install/agx_arm_moveit/share/agx_arm_moveit/package.dsv'
[1.632s] INFO:colcon.colcon_core.shell:Creating package script '/home/flowing/piper/agx_arm_ws/install/agx_arm_moveit/share/agx_arm_moveit/package.sh'
[1.632s] INFO:colcon.colcon_core.shell:Creating package script '/home/flowing/piper/agx_arm_ws/install/agx_arm_moveit/share/agx_arm_moveit/package.bash'
[1.632s] INFO:colcon.colcon_core.shell:Creating package script '/home/flowing/piper/agx_arm_ws/install/agx_arm_moveit/share/agx_arm_moveit/package.zsh'
[1.633s] Level 1:colcon.colcon_core.environment:create_file_with_runtime_dependencies(/home/flowing/piper/agx_arm_ws/install/agx_arm_moveit/share/colcon-core/packages/agx_arm_moveit)
[1.633s] Level 1:colcon.colcon_core.environment:create_environment_scripts_only(agx_arm_moveit)
[1.633s] Level 1:colcon.colcon_core.environment:checking '/home/flowing/piper/agx_arm_ws/install/agx_arm_moveit' for CMake module files
[1.634s] Level 1:colcon.colcon_core.environment:checking '/home/flowing/piper/agx_arm_ws/install/agx_arm_moveit' for CMake config files
[1.634s] Level 1:colcon.colcon_core.shell:create_environment_hook('agx_arm_moveit', 'cmake_prefix_path')
[1.634s] INFO:colcon.colcon_core.shell:Creating environment hook '/home/flowing/piper/agx_arm_ws/install/agx_arm_moveit/share/agx_arm_moveit/hook/cmake_prefix_path.ps1'
[1.634s] INFO:colcon.colcon_core.shell:Creating environment descriptor '/home/flowing/piper/agx_arm_ws/install/agx_arm_moveit/share/agx_arm_moveit/hook/cmake_prefix_path.dsv'
[1.634s] INFO:colcon.colcon_core.shell:Creating environment hook '/home/flowing/piper/agx_arm_ws/install/agx_arm_moveit/share/agx_arm_moveit/hook/cmake_prefix_path.sh'
[1.635s] Level 1:colcon.colcon_core.environment:checking '/home/flowing/piper/agx_arm_ws/install/agx_arm_moveit/bin'
[1.635s] Level 1:colcon.colcon_core.environment:checking '/home/flowing/piper/agx_arm_ws/install/agx_arm_moveit/lib/pkgconfig/agx_arm_moveit.pc'
[1.635s] Level 1:colcon.colcon_core.environment:checking '/home/flowing/piper/agx_arm_ws/install/agx_arm_moveit/lib/python3.10/site-packages'
[1.635s] Level 1:colcon.colcon_core.environment:checking '/home/flowing/piper/agx_arm_ws/install/agx_arm_moveit/bin'
[1.635s] INFO:colcon.colcon_core.shell:Creating package script '/home/flowing/piper/agx_arm_ws/install/agx_arm_moveit/share/agx_arm_moveit/package.ps1'
[1.636s] INFO:colcon.colcon_core.shell:Creating package descriptor '/home/flowing/piper/agx_arm_ws/install/agx_arm_moveit/share/agx_arm_moveit/package.dsv'
[1.636s] INFO:colcon.colcon_core.shell:Creating package script '/home/flowing/piper/agx_arm_ws/install/agx_arm_moveit/share/agx_arm_moveit/package.sh'
[1.636s] INFO:colcon.colcon_core.shell:Creating package script '/home/flowing/piper/agx_arm_ws/install/agx_arm_moveit/share/agx_arm_moveit/package.bash'
[1.637s] INFO:colcon.colcon_core.shell:Creating package script '/home/flowing/piper/agx_arm_ws/install/agx_arm_moveit/share/agx_arm_moveit/package.zsh'
[1.637s] Level 1:colcon.colcon_core.environment:create_file_with_runtime_dependencies(/home/flowing/piper/agx_arm_ws/install/agx_arm_moveit/share/colcon-core/packages/agx_arm_moveit)
[1.849s] DEBUG:colcon.colcon_core.event_handler.log_command:Invoked command in '/home/flowing/piper/agx_arm_ws/build/agx_arm_msgs' returned '0': CMAKE_PREFIX_PATH=/opt/ros/humble /usr/bin/cmake /home/flowing/piper/agx_arm_ws/src/agx_arm_ros/src/agx_arm_msgs -DCMAKE_INSTALL_PREFIX=/home/flowing/piper/agx_arm_ws/install/agx_arm_msgs
[1.849s] DEBUG:colcon.colcon_core.event_handler.log_command:Invoking command in '/home/flowing/piper/agx_arm_ws/build/agx_arm_msgs': CMAKE_PREFIX_PATH=/opt/ros/humble /usr/bin/cmake --build /home/flowing/piper/agx_arm_ws/build/agx_arm_msgs -- -j12 -l12
[7.333s] DEBUG:colcon.colcon_core.event_handler.log_command:Invoked command in '/home/flowing/piper/agx_arm_ws/build/agx_arm_msgs' returned '0': CMAKE_PREFIX_PATH=/opt/ros/humble /usr/bin/cmake --build /home/flowing/piper/agx_arm_ws/build/agx_arm_msgs -- -j12 -l12
[7.334s] DEBUG:colcon.colcon_core.event_handler.log_command:Invoking command in '/home/flowing/piper/agx_arm_ws/build/agx_arm_msgs': CMAKE_PREFIX_PATH=/opt/ros/humble /usr/bin/cmake --install /home/flowing/piper/agx_arm_ws/build/agx_arm_msgs
[7.387s] Level 1:colcon.colcon_core.environment:create_environment_scripts_only(agx_arm_msgs)
[7.387s] Level 1:colcon.colcon_core.environment:checking '/home/flowing/piper/agx_arm_ws/install/agx_arm_msgs' for CMake module files
[7.387s] DEBUG:colcon.colcon_core.event_handler.log_command:Invoked command in '/home/flowing/piper/agx_arm_ws/build/agx_arm_msgs' returned '0': CMAKE_PREFIX_PATH=/opt/ros/humble /usr/bin/cmake --install /home/flowing/piper/agx_arm_ws/build/agx_arm_msgs
[7.388s] Level 1:colcon.colcon_core.environment:checking '/home/flowing/piper/agx_arm_ws/install/agx_arm_msgs' for CMake config files
[7.388s] Level 1:colcon.colcon_core.shell:create_environment_hook('agx_arm_msgs', 'cmake_prefix_path')
[7.388s] INFO:colcon.colcon_core.shell:Creating environment hook '/home/flowing/piper/agx_arm_ws/install/agx_arm_msgs/share/agx_arm_msgs/hook/cmake_prefix_path.ps1'
[7.388s] INFO:colcon.colcon_core.shell:Creating environment descriptor '/home/flowing/piper/agx_arm_ws/install/agx_arm_msgs/share/agx_arm_msgs/hook/cmake_prefix_path.dsv'
[7.388s] INFO:colcon.colcon_core.shell:Creating environment hook '/home/flowing/piper/agx_arm_ws/install/agx_arm_msgs/share/agx_arm_msgs/hook/cmake_prefix_path.sh'
[7.389s] Level 1:colcon.colcon_core.environment:checking '/home/flowing/piper/agx_arm_ws/install/agx_arm_msgs/lib'
[7.389s] Level 1:colcon.colcon_core.shell:create_environment_hook('agx_arm_msgs', 'ld_library_path_lib')
[7.389s] INFO:colcon.colcon_core.shell:Creating environment hook '/home/flowing/piper/agx_arm_ws/install/agx_arm_msgs/share/agx_arm_msgs/hook/ld_library_path_lib.ps1'
[7.389s] INFO:colcon.colcon_core.shell:Creating environment descriptor '/home/flowing/piper/agx_arm_ws/install/agx_arm_msgs/share/agx_arm_msgs/hook/ld_library_path_lib.dsv'
[7.389s] INFO:colcon.colcon_core.shell:Creating environment hook '/home/flowing/piper/agx_arm_ws/install/agx_arm_msgs/share/agx_arm_msgs/hook/ld_library_path_lib.sh'
[7.390s] Level 1:colcon.colcon_core.environment:checking '/home/flowing/piper/agx_arm_ws/install/agx_arm_msgs/bin'
[7.390s] Level 1:colcon.colcon_core.environment:checking '/home/flowing/piper/agx_arm_ws/install/agx_arm_msgs/lib/pkgconfig/agx_arm_msgs.pc'
[7.390s] Level 1:colcon.colcon_core.environment:checking '/home/flowing/piper/agx_arm_ws/install/agx_arm_msgs/lib/python3.10/site-packages'
[7.390s] Level 1:colcon.colcon_core.environment:checking '/home/flowing/piper/agx_arm_ws/install/agx_arm_msgs/bin'
[7.390s] INFO:colcon.colcon_core.shell:Creating package script '/home/flowing/piper/agx_arm_ws/install/agx_arm_msgs/share/agx_arm_msgs/package.ps1'
[7.390s] INFO:colcon.colcon_core.shell:Creating package descriptor '/home/flowing/piper/agx_arm_ws/install/agx_arm_msgs/share/agx_arm_msgs/package.dsv'
[7.391s] INFO:colcon.colcon_core.shell:Creating package script '/home/flowing/piper/agx_arm_ws/install/agx_arm_msgs/share/agx_arm_msgs/package.sh'
[7.391s] INFO:colcon.colcon_core.shell:Creating package script '/home/flowing/piper/agx_arm_ws/install/agx_arm_msgs/share/agx_arm_msgs/package.bash'
[7.391s] INFO:colcon.colcon_core.shell:Creating package script '/home/flowing/piper/agx_arm_ws/install/agx_arm_msgs/share/agx_arm_msgs/package.zsh'
[7.391s] Level 1:colcon.colcon_core.environment:create_file_with_runtime_dependencies(/home/flowing/piper/agx_arm_ws/install/agx_arm_msgs/share/colcon-core/packages/agx_arm_msgs)
[7.392s] Level 1:colcon.colcon_core.environment:create_environment_scripts_only(agx_arm_msgs)
[7.392s] Level 1:colcon.colcon_core.environment:checking '/home/flowing/piper/agx_arm_ws/install/agx_arm_msgs' for CMake module files
[7.392s] Level 1:colcon.colcon_core.environment:checking '/home/flowing/piper/agx_arm_ws/install/agx_arm_msgs' for CMake config files
[7.392s] Level 1:colcon.colcon_core.shell:create_environment_hook('agx_arm_msgs', 'cmake_prefix_path')
[7.393s] INFO:colcon.colcon_core.shell:Creating environment hook '/home/flowing/piper/agx_arm_ws/install/agx_arm_msgs/share/agx_arm_msgs/hook/cmake_prefix_path.ps1'
[7.393s] INFO:colcon.colcon_core.shell:Creating environment descriptor '/home/flowing/piper/agx_arm_ws/install/agx_arm_msgs/share/agx_arm_msgs/hook/cmake_prefix_path.dsv'
[7.393s] INFO:colcon.colcon_core.shell:Creating environment hook '/home/flowing/piper/agx_arm_ws/install/agx_arm_msgs/share/agx_arm_msgs/hook/cmake_prefix_path.sh'
[7.393s] Level 1:colcon.colcon_core.environment:checking '/home/flowing/piper/agx_arm_ws/install/agx_arm_msgs/lib'
[7.393s] Level 1:colcon.colcon_core.shell:create_environment_hook('agx_arm_msgs', 'ld_library_path_lib')
[7.393s] INFO:colcon.colcon_core.shell:Creating environment hook '/home/flowing/piper/agx_arm_ws/install/agx_arm_msgs/share/agx_arm_msgs/hook/ld_library_path_lib.ps1'
[7.394s] INFO:colcon.colcon_core.shell:Creating environment descriptor '/home/flowing/piper/agx_arm_ws/install/agx_arm_msgs/share/agx_arm_msgs/hook/ld_library_path_lib.dsv'
[7.394s] INFO:colcon.colcon_core.shell:Creating environment hook '/home/flowing/piper/agx_arm_ws/install/agx_arm_msgs/share/agx_arm_msgs/hook/ld_library_path_lib.sh'
[7.394s] Level 1:colcon.colcon_core.environment:checking '/home/flowing/piper/agx_arm_ws/install/agx_arm_msgs/bin'
[7.394s] Level 1:colcon.colcon_core.environment:checking '/home/flowing/piper/agx_arm_ws/install/agx_arm_msgs/lib/pkgconfig/agx_arm_msgs.pc'
[7.394s] Level 1:colcon.colcon_core.environment:checking '/home/flowing/piper/agx_arm_ws/install/agx_arm_msgs/lib/python3.10/site-packages'
[7.394s] Level 1:colcon.colcon_core.environment:checking '/home/flowing/piper/agx_arm_ws/install/agx_arm_msgs/bin'
[7.395s] INFO:colcon.colcon_core.shell:Creating package script '/home/flowing/piper/agx_arm_ws/install/agx_arm_msgs/share/agx_arm_msgs/package.ps1'
[7.395s] INFO:colcon.colcon_core.shell:Creating package descriptor '/home/flowing/piper/agx_arm_ws/install/agx_arm_msgs/share/agx_arm_msgs/package.dsv'
[7.395s] INFO:colcon.colcon_core.shell:Creating package script '/home/flowing/piper/agx_arm_ws/install/agx_arm_msgs/share/agx_arm_msgs/package.sh'
[7.396s] INFO:colcon.colcon_core.shell:Creating package script '/home/flowing/piper/agx_arm_ws/install/agx_arm_msgs/share/agx_arm_msgs/package.bash'
[7.396s] INFO:colcon.colcon_core.shell:Creating package script '/home/flowing/piper/agx_arm_ws/install/agx_arm_msgs/share/agx_arm_msgs/package.zsh'
[7.396s] Level 1:colcon.colcon_core.environment:create_file_with_runtime_dependencies(/home/flowing/piper/agx_arm_ws/install/agx_arm_msgs/share/colcon-core/packages/agx_arm_msgs)
[7.396s] INFO:colcon.colcon_ros.task.ament_python.build:Building ROS package in '/home/flowing/piper/agx_arm_ws/src/agx_arm_ros/src/agx_arm_ctrl' with build type 'ament_python'
[7.396s] Level 1:colcon.colcon_core.shell:create_environment_hook('agx_arm_ctrl', 'ament_prefix_path')
[7.396s] INFO:colcon.colcon_core.shell:Creating environment hook '/home/flowing/piper/agx_arm_ws/install/agx_arm_ctrl/share/agx_arm_ctrl/hook/ament_prefix_path.ps1'
[7.397s] INFO:colcon.colcon_core.shell:Creating environment descriptor '/home/flowing/piper/agx_arm_ws/install/agx_arm_ctrl/share/agx_arm_ctrl/hook/ament_prefix_path.dsv'
[7.397s] INFO:colcon.colcon_core.shell:Creating environment hook '/home/flowing/piper/agx_arm_ws/install/agx_arm_ctrl/share/agx_arm_ctrl/hook/ament_prefix_path.sh'
[7.397s] INFO:colcon.colcon_core.shell:Skip shell extension 'powershell' for command environment: Not usable outside of PowerShell
[7.397s] DEBUG:colcon.colcon_core.shell:Skip shell extension 'dsv' for command environment
[7.583s] INFO:colcon.colcon_core.task.python.build:Building Python package in '/home/flowing/piper/agx_arm_ws/src/agx_arm_ros/src/agx_arm_ctrl'
[7.583s] INFO:colcon.colcon_core.shell:Skip shell extension 'powershell' for command environment: Not usable outside of PowerShell
[7.583s] DEBUG:colcon.colcon_core.shell:Skip shell extension 'dsv' for command environment
[7.911s] DEBUG:colcon.colcon_core.event_handler.log_command:Invoking command in '/home/flowing/piper/agx_arm_ws/src/agx_arm_ros/src/agx_arm_ctrl': AMENT_PREFIX_PATH=/home/flowing/piper/agx_arm_ws/install/agx_arm_msgs:${AMENT_PREFIX_PATH} CMAKE_PREFIX_PATH=/home/flowing/piper/agx_arm_ws/install/agx_arm_msgs LD_LIBRARY_PATH=/home/flowing/piper/agx_arm_ws/install/agx_arm_msgs/lib:${LD_LIBRARY_PATH} PYTHONPATH=/home/flowing/piper/agx_arm_ws/build/agx_arm_ctrl/prefix_override:/usr/lib/python3/dist-packages/colcon_core/task/python/colcon_distutils_commands:/home/flowing/piper/agx_arm_ws/install/agx_arm_ctrl/lib/python3.10/site-packages:/home/flowing/piper/agx_arm_ws/install/agx_arm_msgs/local/lib/python3.10/dist-packages:${PYTHONPATH} /usr/bin/python3 -W ignore:setup.py install is deprecated -W ignore:easy_install command is deprecated setup.py egg_info --egg-base ../../../../build/agx_arm_ctrl build --build-base /home/flowing/piper/agx_arm_ws/build/agx_arm_ctrl/build install --record /home/flowing/piper/agx_arm_ws/build/agx_arm_ctrl/install.log --single-version-externally-managed install_data
[8.120s] Level 1:colcon.colcon_core.environment:checking '/home/flowing/piper/agx_arm_ws/install/agx_arm_ctrl' for CMake module files
[8.120s] DEBUG:colcon.colcon_core.event_handler.log_command:Invoked command in '/home/flowing/piper/agx_arm_ws/src/agx_arm_ros/src/agx_arm_ctrl' returned '0': AMENT_PREFIX_PATH=/home/flowing/piper/agx_arm_ws/install/agx_arm_msgs:${AMENT_PREFIX_PATH} CMAKE_PREFIX_PATH=/home/flowing/piper/agx_arm_ws/install/agx_arm_msgs LD_LIBRARY_PATH=/home/flowing/piper/agx_arm_ws/install/agx_arm_msgs/lib:${LD_LIBRARY_PATH} PYTHONPATH=/home/flowing/piper/agx_arm_ws/build/agx_arm_ctrl/prefix_override:/usr/lib/python3/dist-packages/colcon_core/task/python/colcon_distutils_commands:/home/flowing/piper/agx_arm_ws/install/agx_arm_ctrl/lib/python3.10/site-packages:/home/flowing/piper/agx_arm_ws/install/agx_arm_msgs/local/lib/python3.10/dist-packages:${PYTHONPATH} /usr/bin/python3 -W ignore:setup.py install is deprecated -W ignore:easy_install command is deprecated setup.py egg_info --egg-base ../../../../build/agx_arm_ctrl build --build-base /home/flowing/piper/agx_arm_ws/build/agx_arm_ctrl/build install --record /home/flowing/piper/agx_arm_ws/build/agx_arm_ctrl/install.log --single-version-externally-managed install_data
[8.120s] Level 1:colcon.colcon_core.environment:checking '/home/flowing/piper/agx_arm_ws/install/agx_arm_ctrl' for CMake config files
[8.121s] Level 1:colcon.colcon_core.environment:checking '/home/flowing/piper/agx_arm_ws/install/agx_arm_ctrl/lib'
[8.121s] Level 1:colcon.colcon_core.environment:checking '/home/flowing/piper/agx_arm_ws/install/agx_arm_ctrl/bin'
[8.121s] Level 1:colcon.colcon_core.environment:checking '/home/flowing/piper/agx_arm_ws/install/agx_arm_ctrl/lib/pkgconfig/agx_arm_ctrl.pc'
[8.121s] Level 1:colcon.colcon_core.environment:checking '/home/flowing/piper/agx_arm_ws/install/agx_arm_ctrl/lib/python3.10/site-packages'
[8.121s] Level 1:colcon.colcon_core.shell:create_environment_hook('agx_arm_ctrl', 'pythonpath')
[8.121s] INFO:colcon.colcon_core.shell:Creating environment hook '/home/flowing/piper/agx_arm_ws/install/agx_arm_ctrl/share/agx_arm_ctrl/hook/pythonpath.ps1'
[8.122s] INFO:colcon.colcon_core.shell:Creating environment descriptor '/home/flowing/piper/agx_arm_ws/install/agx_arm_ctrl/share/agx_arm_ctrl/hook/pythonpath.dsv'
[8.122s] INFO:colcon.colcon_core.shell:Creating environment hook '/home/flowing/piper/agx_arm_ws/install/agx_arm_ctrl/share/agx_arm_ctrl/hook/pythonpath.sh'
[8.122s] Level 1:colcon.colcon_core.environment:checking '/home/flowing/piper/agx_arm_ws/install/agx_arm_ctrl/bin'
[8.122s] Level 1:colcon.colcon_core.environment:create_environment_scripts_only(agx_arm_ctrl)
[8.122s] INFO:colcon.colcon_core.shell:Creating package script '/home/flowing/piper/agx_arm_ws/install/agx_arm_ctrl/share/agx_arm_ctrl/package.ps1'
[8.123s] INFO:colcon.colcon_core.shell:Creating package descriptor '/home/flowing/piper/agx_arm_ws/install/agx_arm_ctrl/share/agx_arm_ctrl/package.dsv'
[8.123s] INFO:colcon.colcon_core.shell:Creating package script '/home/flowing/piper/agx_arm_ws/install/agx_arm_ctrl/share/agx_arm_ctrl/package.sh'
[8.123s] INFO:colcon.colcon_core.shell:Creating package script '/home/flowing/piper/agx_arm_ws/install/agx_arm_ctrl/share/agx_arm_ctrl/package.bash'
[8.123s] INFO:colcon.colcon_core.shell:Creating package script '/home/flowing/piper/agx_arm_ws/install/agx_arm_ctrl/share/agx_arm_ctrl/package.zsh'
[8.123s] Level 1:colcon.colcon_core.environment:create_file_with_runtime_dependencies(/home/flowing/piper/agx_arm_ws/install/agx_arm_ctrl/share/colcon-core/packages/agx_arm_ctrl)
[8.123s] DEBUG:colcon.colcon_parallel_executor.executor.parallel:closing loop
[8.124s] DEBUG:colcon.colcon_parallel_executor.executor.parallel:loop closed
[8.124s] DEBUG:colcon.colcon_parallel_executor.executor.parallel:run_until_complete finished with '0'
[8.124s] DEBUG:colcon.colcon_core.event_reactor:joining thread
[8.127s] INFO:colcon.colcon_core.plugin_system:Skipping extension 'colcon_notification.desktop_notification.terminal_notifier': Not used on non-Darwin systems
[8.127s] INFO:colcon.colcon_core.plugin_system:Skipping extension 'colcon_notification.desktop_notification.win32': Not used on non-Windows systems
[8.127s] INFO:colcon.colcon_notification.desktop_notification:Sending desktop notification using 'notify2'
[8.132s] DEBUG:colcon.colcon_core.event_reactor:joined thread
[8.132s] INFO:colcon.colcon_core.shell:Creating prefix script '/home/flowing/piper/agx_arm_ws/install/local_setup.ps1'
[8.133s] INFO:colcon.colcon_core.shell:Creating prefix util module '/home/flowing/piper/agx_arm_ws/install/_local_setup_util_ps1.py'
[8.134s] INFO:colcon.colcon_core.shell:Creating prefix chain script '/home/flowing/piper/agx_arm_ws/install/setup.ps1'
[8.134s] INFO:colcon.colcon_core.shell:Creating prefix script '/home/flowing/piper/agx_arm_ws/install/local_setup.sh'
[8.135s] INFO:colcon.colcon_core.shell:Creating prefix util module '/home/flowing/piper/agx_arm_ws/install/_local_setup_util_sh.py'
[8.135s] INFO:colcon.colcon_core.shell:Creating prefix chain script '/home/flowing/piper/agx_arm_ws/install/setup.sh'
[8.136s] INFO:colcon.colcon_core.shell:Creating prefix script '/home/flowing/piper/agx_arm_ws/install/local_setup.bash'
[8.136s] INFO:colcon.colcon_core.shell:Creating prefix chain script '/home/flowing/piper/agx_arm_ws/install/setup.bash'
[8.137s] INFO:colcon.colcon_core.shell:Creating prefix script '/home/flowing/piper/agx_arm_ws/install/local_setup.zsh'
[8.137s] INFO:colcon.colcon_core.shell:Creating prefix chain script '/home/flowing/piper/agx_arm_ws/install/setup.zsh'
