[0.514s] Invoking command in '/home/flowing/piper/agx_arm_ws/src/agx_arm_ros/src/agx_arm_ctrl': AMENT_PREFIX_PATH=/home/flowing/piper/agx_arm_ws/install/agx_arm_msgs:${AMENT_PREFIX_PATH} CMAKE_PREFIX_PATH=/home/flowing/piper/agx_arm_ws/install/agx_arm_msgs LD_LIBRARY_PATH=/home/flowing/piper/agx_arm_ws/install/agx_arm_msgs/lib:${LD_LIBRARY_PATH} PYTHONPATH=/home/flowing/piper/agx_arm_ws/build/agx_arm_ctrl/prefix_override:/usr/lib/python3/dist-packages/colcon_core/task/python/colcon_distutils_commands:/home/flowing/piper/agx_arm_ws/install/agx_arm_ctrl/lib/python3.10/site-packages:/home/flowing/piper/agx_arm_ws/install/agx_arm_msgs/local/lib/python3.10/dist-packages:${PYTHONPATH} /usr/bin/python3 -W ignore:setup.py install is deprecated -W ignore:easy_install command is deprecated setup.py egg_info --egg-base ../../../../build/agx_arm_ctrl build --build-base /home/flowing/piper/agx_arm_ws/build/agx_arm_ctrl/build install --record /home/flowing/piper/agx_arm_ws/build/agx_arm_ctrl/install.log --single-version-externally-managed install_data
[0.681s] running egg_info
[0.681s] creating ../../../../build/agx_arm_ctrl/agx_arm_ctrl.egg-info
[0.681s] writing ../../../../build/agx_arm_ctrl/agx_arm_ctrl.egg-info/PKG-INFO
[0.681s] writing dependency_links to ../../../../build/agx_arm_ctrl/agx_arm_ctrl.egg-info/dependency_links.txt
[0.681s] writing entry points to ../../../../build/agx_arm_ctrl/agx_arm_ctrl.egg-info/entry_points.txt
[0.681s] writing requirements to ../../../../build/agx_arm_ctrl/agx_arm_ctrl.egg-info/requires.txt
[0.681s] writing top-level names to ../../../../build/agx_arm_ctrl/agx_arm_ctrl.egg-info/top_level.txt
[0.682s] writing manifest file '../../../../build/agx_arm_ctrl/agx_arm_ctrl.egg-info/SOURCES.txt'
[0.683s] reading manifest file '../../../../build/agx_arm_ctrl/agx_arm_ctrl.egg-info/SOURCES.txt'
[0.683s] adding license file 'LICENSE'
[0.683s] writing manifest file '../../../../build/agx_arm_ctrl/agx_arm_ctrl.egg-info/SOURCES.txt'
[0.683s] running build
[0.683s] running build_py
[0.684s] creating /home/flowing/piper/agx_arm_ws/build/agx_arm_ctrl/build
[0.684s] creating /home/flowing/piper/agx_arm_ws/build/agx_arm_ctrl/build/lib
[0.684s] creating /home/flowing/piper/agx_arm_ws/build/agx_arm_ctrl/build/lib/agx_arm_ctrl
[0.684s] copying agx_arm_ctrl/agx_arm_ctrl_single_node.py -> /home/flowing/piper/agx_arm_ws/build/agx_arm_ctrl/build/lib/agx_arm_ctrl
[0.684s] copying agx_arm_ctrl/__init__.py -> /home/flowing/piper/agx_arm_ws/build/agx_arm_ctrl/build/lib/agx_arm_ctrl
[0.684s] creating /home/flowing/piper/agx_arm_ws/build/agx_arm_ctrl/build/lib/agx_arm_ctrl/effector
[0.684s] copying agx_arm_ctrl/effector/agx_gripper.py -> /home/flowing/piper/agx_arm_ws/build/agx_arm_ctrl/build/lib/agx_arm_ctrl/effector
[0.684s] copying agx_arm_ctrl/effector/revo2.py -> /home/flowing/piper/agx_arm_ws/build/agx_arm_ctrl/build/lib/agx_arm_ctrl/effector
[0.684s] copying agx_arm_ctrl/effector/__init__.py -> /home/flowing/piper/agx_arm_ws/build/agx_arm_ctrl/build/lib/agx_arm_ctrl/effector
[0.684s] running install
[0.684s] running install_lib
[0.685s] creating /home/flowing/piper/agx_arm_ws/install/agx_arm_ctrl/lib/python3.10/site-packages/agx_arm_ctrl
[0.685s] copying /home/flowing/piper/agx_arm_ws/build/agx_arm_ctrl/build/lib/agx_arm_ctrl/agx_arm_ctrl_single_node.py -> /home/flowing/piper/agx_arm_ws/install/agx_arm_ctrl/lib/python3.10/site-packages/agx_arm_ctrl
[0.685s] copying /home/flowing/piper/agx_arm_ws/build/agx_arm_ctrl/build/lib/agx_arm_ctrl/__init__.py -> /home/flowing/piper/agx_arm_ws/install/agx_arm_ctrl/lib/python3.10/site-packages/agx_arm_ctrl
[0.685s] creating /home/flowing/piper/agx_arm_ws/install/agx_arm_ctrl/lib/python3.10/site-packages/agx_arm_ctrl/effector
[0.685s] copying /home/flowing/piper/agx_arm_ws/build/agx_arm_ctrl/build/lib/agx_arm_ctrl/effector/agx_gripper.py -> /home/flowing/piper/agx_arm_ws/install/agx_arm_ctrl/lib/python3.10/site-packages/agx_arm_ctrl/effector
[0.685s] copying /home/flowing/piper/agx_arm_ws/build/agx_arm_ctrl/build/lib/agx_arm_ctrl/effector/revo2.py -> /home/flowing/piper/agx_arm_ws/install/agx_arm_ctrl/lib/python3.10/site-packages/agx_arm_ctrl/effector
[0.685s] copying /home/flowing/piper/agx_arm_ws/build/agx_arm_ctrl/build/lib/agx_arm_ctrl/effector/__init__.py -> /home/flowing/piper/agx_arm_ws/install/agx_arm_ctrl/lib/python3.10/site-packages/agx_arm_ctrl/effector
[0.685s] byte-compiling /home/flowing/piper/agx_arm_ws/install/agx_arm_ctrl/lib/python3.10/site-packages/agx_arm_ctrl/agx_arm_ctrl_single_node.py to agx_arm_ctrl_single_node.cpython-310.pyc
[0.689s] byte-compiling /home/flowing/piper/agx_arm_ws/install/agx_arm_ctrl/lib/python3.10/site-packages/agx_arm_ctrl/__init__.py to __init__.cpython-310.pyc
[0.689s] byte-compiling /home/flowing/piper/agx_arm_ws/install/agx_arm_ctrl/lib/python3.10/site-packages/agx_arm_ctrl/effector/agx_gripper.py to agx_gripper.cpython-310.pyc
[0.690s] byte-compiling /home/flowing/piper/agx_arm_ws/install/agx_arm_ctrl/lib/python3.10/site-packages/agx_arm_ctrl/effector/revo2.py to revo2.cpython-310.pyc
[0.691s] byte-compiling /home/flowing/piper/agx_arm_ws/install/agx_arm_ctrl/lib/python3.10/site-packages/agx_arm_ctrl/effector/__init__.py to __init__.cpython-310.pyc
[0.691s] running install_data
[0.692s] creating /home/flowing/piper/agx_arm_ws/install/agx_arm_ctrl/share/ament_index
[0.692s] creating /home/flowing/piper/agx_arm_ws/install/agx_arm_ctrl/share/ament_index/resource_index
[0.692s] creating /home/flowing/piper/agx_arm_ws/install/agx_arm_ctrl/share/ament_index/resource_index/packages
[0.692s] copying resource/agx_arm_ctrl -> /home/flowing/piper/agx_arm_ws/install/agx_arm_ctrl/share/ament_index/resource_index/packages
[0.692s] copying package.xml -> /home/flowing/piper/agx_arm_ws/install/agx_arm_ctrl/share/agx_arm_ctrl
[0.692s] creating /home/flowing/piper/agx_arm_ws/install/agx_arm_ctrl/share/agx_arm_ctrl/launch
[0.692s] copying launch/start_single_agx_arm_rviz.launch.py -> /home/flowing/piper/agx_arm_ws/install/agx_arm_ctrl/share/agx_arm_ctrl/launch
[0.692s] copying launch/start_single_agx_arm.launch.py -> /home/flowing/piper/agx_arm_ws/install/agx_arm_ctrl/share/agx_arm_ctrl/launch
[0.692s] copying launch/start_single_agx_arm_moveit.launch.py -> /home/flowing/piper/agx_arm_ws/install/agx_arm_ctrl/share/agx_arm_ctrl/launch
[0.692s] running install_egg_info
[0.693s] Copying ../../../../build/agx_arm_ctrl/agx_arm_ctrl.egg-info to /home/flowing/piper/agx_arm_ws/install/agx_arm_ctrl/lib/python3.10/site-packages/agx_arm_ctrl-0.0.0-py3.10.egg-info
[0.693s] running install_scripts
[0.707s] Installing agx_arm_ctrl_single script to /home/flowing/piper/agx_arm_ws/install/agx_arm_ctrl/lib/agx_arm_ctrl
[0.707s] writing list of installed files to '/home/flowing/piper/agx_arm_ws/build/agx_arm_ctrl/install.log'
[0.724s] Invoked command in '/home/flowing/piper/agx_arm_ws/src/agx_arm_ros/src/agx_arm_ctrl' returned '0': AMENT_PREFIX_PATH=/home/flowing/piper/agx_arm_ws/install/agx_arm_msgs:${AMENT_PREFIX_PATH} CMAKE_PREFIX_PATH=/home/flowing/piper/agx_arm_ws/install/agx_arm_msgs LD_LIBRARY_PATH=/home/flowing/piper/agx_arm_ws/install/agx_arm_msgs/lib:${LD_LIBRARY_PATH} PYTHONPATH=/home/flowing/piper/agx_arm_ws/build/agx_arm_ctrl/prefix_override:/usr/lib/python3/dist-packages/colcon_core/task/python/colcon_distutils_commands:/home/flowing/piper/agx_arm_ws/install/agx_arm_ctrl/lib/python3.10/site-packages:/home/flowing/piper/agx_arm_ws/install/agx_arm_msgs/local/lib/python3.10/dist-packages:${PYTHONPATH} /usr/bin/python3 -W ignore:setup.py install is deprecated -W ignore:easy_install command is deprecated setup.py egg_info --egg-base ../../../../build/agx_arm_ctrl build --build-base /home/flowing/piper/agx_arm_ws/build/agx_arm_ctrl/build install --record /home/flowing/piper/agx_arm_ws/build/agx_arm_ctrl/install.log --single-version-externally-managed install_data
