-- The C compiler identification is GNU 11.4.0
-- The CXX compiler identification is GNU 11.4.0
-- Detecting C compiler ABI info
-- Detecting C compiler ABI info - done
-- Check for working C compiler: /usr/bin/cc - skipped
-- Detecting C compile features
-- Detecting C compile features - done
-- Detecting CXX compiler ABI info
-- Detecting CXX compiler ABI info - done
-- Check for working CXX compiler: /usr/bin/c++ - skipped
-- Detecting CXX compile features
-- Detecting CXX compile features - done
-- Found ament_cmake: 1.3.14 (/opt/ros/humble/share/ament_cmake/cmake)
-- Found Python3: /usr/bin/python3 (found version "3.10.12") found components: Interpreter 
-- Configuring done
-- Generating done
-- Build files have been written to: /home/flowing/piper/agx_arm_ws/build/agx_arm_moveit
-- Install configuration: ""
-- Installing: /home/flowing/piper/agx_arm_ws/install/agx_arm_moveit/share/ament_index/resource_index/package_run_dependencies/agx_arm_moveit
-- Installing: /home/flowing/piper/agx_arm_ws/install/agx_arm_moveit/share/ament_index/resource_index/parent_prefix_path/agx_arm_moveit
-- Installing: /home/flowing/piper/agx_arm_ws/install/agx_arm_moveit/share/agx_arm_moveit/environment/ament_prefix_path.sh
-- Installing: /home/flowing/piper/agx_arm_ws/install/agx_arm_moveit/share/agx_arm_moveit/environment/ament_prefix_path.dsv
-- Installing: /home/flowing/piper/agx_arm_ws/install/agx_arm_moveit/share/agx_arm_moveit/environment/path.sh
-- Installing: /home/flowing/piper/agx_arm_ws/install/agx_arm_moveit/share/agx_arm_moveit/environment/path.dsv
-- Installing: /home/flowing/piper/agx_arm_ws/install/agx_arm_moveit/share/agx_arm_moveit/local_setup.bash
-- Installing: /home/flowing/piper/agx_arm_ws/install/agx_arm_moveit/share/agx_arm_moveit/local_setup.sh
-- Installing: /home/flowing/piper/agx_arm_ws/install/agx_arm_moveit/share/agx_arm_moveit/local_setup.zsh
-- Installing: /home/flowing/piper/agx_arm_ws/install/agx_arm_moveit/share/agx_arm_moveit/local_setup.dsv
-- Installing: /home/flowing/piper/agx_arm_ws/install/agx_arm_moveit/share/agx_arm_moveit/package.dsv
-- Installing: /home/flowing/piper/agx_arm_ws/install/agx_arm_moveit/share/ament_index/resource_index/packages/agx_arm_moveit
-- Installing: /home/flowing/piper/agx_arm_ws/install/agx_arm_moveit/share/agx_arm_moveit/cmake/agx_arm_moveitConfig.cmake
-- Installing: /home/flowing/piper/agx_arm_ws/install/agx_arm_moveit/share/agx_arm_moveit/cmake/agx_arm_moveitConfig-version.cmake
-- Installing: /home/flowing/piper/agx_arm_ws/install/agx_arm_moveit/share/agx_arm_moveit/package.xml
-- Installing: /home/flowing/piper/agx_arm_ws/install/agx_arm_moveit/share/agx_arm_moveit/launch
-- Installing: /home/flowing/piper/agx_arm_ws/install/agx_arm_moveit/share/agx_arm_moveit/launch/demo.launch.py
-- Installing: /home/flowing/piper/agx_arm_ws/install/agx_arm_moveit/share/agx_arm_moveit/launch/static_virtual_joint_tfs.launch.py
-- Installing: /home/flowing/piper/agx_arm_ws/install/agx_arm_moveit/share/agx_arm_moveit/launch/spawn_controllers.launch.py
-- Installing: /home/flowing/piper/agx_arm_ws/install/agx_arm_moveit/share/agx_arm_moveit/launch/move_group.launch.py
-- Installing: /home/flowing/piper/agx_arm_ws/install/agx_arm_moveit/share/agx_arm_moveit/launch/rsp.launch.py
-- Installing: /home/flowing/piper/agx_arm_ws/install/agx_arm_moveit/share/agx_arm_moveit/launch/moveit_rviz.launch.py
-- Installing: /home/flowing/piper/agx_arm_ws/install/agx_arm_moveit/share/agx_arm_moveit/launch/_moveit_config_builder.py
-- Installing: /home/flowing/piper/agx_arm_ws/install/agx_arm_moveit/share/agx_arm_moveit/launch/warehouse_db.launch.py
-- Installing: /home/flowing/piper/agx_arm_ws/install/agx_arm_moveit/share/agx_arm_moveit/config
-- Installing: /home/flowing/piper/agx_arm_ws/install/agx_arm_moveit/share/agx_arm_moveit/config/pilz_cartesian_limits.yaml
-- Installing: /home/flowing/piper/agx_arm_ws/install/agx_arm_moveit/share/agx_arm_moveit/config/moveit_controllers_revo2_right.yaml
-- Installing: /home/flowing/piper/agx_arm_ws/install/agx_arm_moveit/share/agx_arm_moveit/config/agx_arm.urdf.xacro
-- Installing: /home/flowing/piper/agx_arm_ws/install/agx_arm_moveit/share/agx_arm_moveit/config/agx_arm.ros2_control.xacro
-- Installing: /home/flowing/piper/agx_arm_ws/install/agx_arm_moveit/share/agx_arm_moveit/config/moveit.rviz
-- Installing: /home/flowing/piper/agx_arm_ws/install/agx_arm_moveit/share/agx_arm_moveit/config/moveit_controllers_none.yaml
-- Installing: /home/flowing/piper/agx_arm_ws/install/agx_arm_moveit/share/agx_arm_moveit/config/sensors_3d.yaml
-- Installing: /home/flowing/piper/agx_arm_ws/install/agx_arm_moveit/share/agx_arm_moveit/config/initial_positions.yaml
-- Installing: /home/flowing/piper/agx_arm_ws/install/agx_arm_moveit/share/agx_arm_moveit/config/agx_arm.srdf.xacro
-- Installing: /home/flowing/piper/agx_arm_ws/install/agx_arm_moveit/share/agx_arm_moveit/config/agx_arm.srdf
-- Installing: /home/flowing/piper/agx_arm_ws/install/agx_arm_moveit/share/agx_arm_moveit/config/joint_limits.yaml
-- Installing: /home/flowing/piper/agx_arm_ws/install/agx_arm_moveit/share/agx_arm_moveit/config/moveit_controllers_gripper.yaml
-- Installing: /home/flowing/piper/agx_arm_ws/install/agx_arm_moveit/share/agx_arm_moveit/config/kinematics.yaml
-- Installing: /home/flowing/piper/agx_arm_ws/install/agx_arm_moveit/share/agx_arm_moveit/config/ros2_controllers_nero.yaml
-- Installing: /home/flowing/piper/agx_arm_ws/install/agx_arm_moveit/share/agx_arm_moveit/config/ros2_controllers.yaml
-- Installing: /home/flowing/piper/agx_arm_ws/install/agx_arm_moveit/share/agx_arm_moveit/config/moveit_controllers_revo2_left.yaml
