[0.007s] Invoking command in '/home/flowing/piper/agx_arm_ws/build/agx_arm_moveit': AMENT_PREFIX_PATH=/home/flowing/piper/agx_arm_ws/install/agx_arm_description:${AMENT_PREFIX_PATH} CMAKE_PREFIX_PATH=/home/flowing/piper/agx_arm_ws/install/agx_arm_description:/opt/ros/humble /usr/bin/cmake /home/flowing/piper/agx_arm_ws/src/agx_arm_ros/src/agx_arm_moveit -DCMAKE_INSTALL_PREFIX=/home/flowing/piper/agx_arm_ws/install/agx_arm_moveit
[0.050s] -- The C compiler identification is GNU 11.4.0
[0.100s] -- The CXX compiler identification is GNU 11.4.0
[0.108s] -- Detecting C compiler ABI info
[0.187s] -- Detecting C compiler ABI info - done
[0.198s] -- Check for working C compiler: /usr/bin/cc - skipped
[0.199s] -- Detecting C compile features
[0.199s] -- Detecting C compile features - done
[0.204s] -- Detecting CXX compiler ABI info
[0.280s] -- Detecting CXX compiler ABI info - done
[0.288s] -- Check for working CXX compiler: /usr/bin/c++ - skipped
[0.288s] -- Detecting CXX compile features
[0.288s] -- Detecting CXX compile features - done
[0.291s] -- Found ament_cmake: 1.3.14 (/opt/ros/humble/share/ament_cmake/cmake)
[0.412s] -- Found Python3: /usr/bin/python3 (found version "3.10.12") found components: Interpreter 
[0.542s] -- Configuring done
[0.545s] -- Generating done
[0.547s] -- Build files have been written to: /home/flowing/piper/agx_arm_ws/build/agx_arm_moveit
[0.551s] Invoked command in '/home/flowing/piper/agx_arm_ws/build/agx_arm_moveit' returned '0': AMENT_PREFIX_PATH=/home/flowing/piper/agx_arm_ws/install/agx_arm_description:${AMENT_PREFIX_PATH} CMAKE_PREFIX_PATH=/home/flowing/piper/agx_arm_ws/install/agx_arm_description:/opt/ros/humble /usr/bin/cmake /home/flowing/piper/agx_arm_ws/src/agx_arm_ros/src/agx_arm_moveit -DCMAKE_INSTALL_PREFIX=/home/flowing/piper/agx_arm_ws/install/agx_arm_moveit
[0.551s] Invoking command in '/home/flowing/piper/agx_arm_ws/build/agx_arm_moveit': AMENT_PREFIX_PATH=/home/flowing/piper/agx_arm_ws/install/agx_arm_description:${AMENT_PREFIX_PATH} CMAKE_PREFIX_PATH=/home/flowing/piper/agx_arm_ws/install/agx_arm_description:/opt/ros/humble /usr/bin/cmake --build /home/flowing/piper/agx_arm_ws/build/agx_arm_moveit -- -j12 -l12
[0.582s] Invoked command in '/home/flowing/piper/agx_arm_ws/build/agx_arm_moveit' returned '0': AMENT_PREFIX_PATH=/home/flowing/piper/agx_arm_ws/install/agx_arm_description:${AMENT_PREFIX_PATH} CMAKE_PREFIX_PATH=/home/flowing/piper/agx_arm_ws/install/agx_arm_description:/opt/ros/humble /usr/bin/cmake --build /home/flowing/piper/agx_arm_ws/build/agx_arm_moveit -- -j12 -l12
[0.583s] Invoking command in '/home/flowing/piper/agx_arm_ws/build/agx_arm_moveit': AMENT_PREFIX_PATH=/home/flowing/piper/agx_arm_ws/install/agx_arm_description:${AMENT_PREFIX_PATH} CMAKE_PREFIX_PATH=/home/flowing/piper/agx_arm_ws/install/agx_arm_description:/opt/ros/humble /usr/bin/cmake --install /home/flowing/piper/agx_arm_ws/build/agx_arm_moveit
[0.589s] -- Install configuration: ""
[0.589s] -- Installing: /home/flowing/piper/agx_arm_ws/install/agx_arm_moveit/share/ament_index/resource_index/package_run_dependencies/agx_arm_moveit
[0.589s] -- Installing: /home/flowing/piper/agx_arm_ws/install/agx_arm_moveit/share/ament_index/resource_index/parent_prefix_path/agx_arm_moveit
[0.589s] -- Installing: /home/flowing/piper/agx_arm_ws/install/agx_arm_moveit/share/agx_arm_moveit/environment/ament_prefix_path.sh
[0.589s] -- Installing: /home/flowing/piper/agx_arm_ws/install/agx_arm_moveit/share/agx_arm_moveit/environment/ament_prefix_path.dsv
[0.589s] -- Installing: /home/flowing/piper/agx_arm_ws/install/agx_arm_moveit/share/agx_arm_moveit/environment/path.sh
[0.589s] -- Installing: /home/flowing/piper/agx_arm_ws/install/agx_arm_moveit/share/agx_arm_moveit/environment/path.dsv
[0.589s] -- Installing: /home/flowing/piper/agx_arm_ws/install/agx_arm_moveit/share/agx_arm_moveit/local_setup.bash
[0.590s] -- Installing: /home/flowing/piper/agx_arm_ws/install/agx_arm_moveit/share/agx_arm_moveit/local_setup.sh
[0.590s] -- Installing: /home/flowing/piper/agx_arm_ws/install/agx_arm_moveit/share/agx_arm_moveit/local_setup.zsh
[0.590s] -- Installing: /home/flowing/piper/agx_arm_ws/install/agx_arm_moveit/share/agx_arm_moveit/local_setup.dsv
[0.590s] -- Installing: /home/flowing/piper/agx_arm_ws/install/agx_arm_moveit/share/agx_arm_moveit/package.dsv
[0.590s] -- Installing: /home/flowing/piper/agx_arm_ws/install/agx_arm_moveit/share/ament_index/resource_index/packages/agx_arm_moveit
[0.590s] -- Installing: /home/flowing/piper/agx_arm_ws/install/agx_arm_moveit/share/agx_arm_moveit/cmake/agx_arm_moveitConfig.cmake
[0.590s] -- Installing: /home/flowing/piper/agx_arm_ws/install/agx_arm_moveit/share/agx_arm_moveit/cmake/agx_arm_moveitConfig-version.cmake
[0.590s] -- Installing: /home/flowing/piper/agx_arm_ws/install/agx_arm_moveit/share/agx_arm_moveit/package.xml
[0.590s] -- Installing: /home/flowing/piper/agx_arm_ws/install/agx_arm_moveit/share/agx_arm_moveit/launch
[0.590s] -- Installing: /home/flowing/piper/agx_arm_ws/install/agx_arm_moveit/share/agx_arm_moveit/launch/demo.launch.py
[0.590s] -- Installing: /home/flowing/piper/agx_arm_ws/install/agx_arm_moveit/share/agx_arm_moveit/launch/static_virtual_joint_tfs.launch.py
[0.590s] -- Installing: /home/flowing/piper/agx_arm_ws/install/agx_arm_moveit/share/agx_arm_moveit/launch/spawn_controllers.launch.py
[0.590s] -- Installing: /home/flowing/piper/agx_arm_ws/install/agx_arm_moveit/share/agx_arm_moveit/launch/move_group.launch.py
[0.590s] -- Installing: /home/flowing/piper/agx_arm_ws/install/agx_arm_moveit/share/agx_arm_moveit/launch/rsp.launch.py
[0.591s] -- Installing: /home/flowing/piper/agx_arm_ws/install/agx_arm_moveit/share/agx_arm_moveit/launch/moveit_rviz.launch.py
[0.591s] -- Installing: /home/flowing/piper/agx_arm_ws/install/agx_arm_moveit/share/agx_arm_moveit/launch/_moveit_config_builder.py
[0.591s] -- Installing: /home/flowing/piper/agx_arm_ws/install/agx_arm_moveit/share/agx_arm_moveit/launch/warehouse_db.launch.py
[0.591s] -- Installing: /home/flowing/piper/agx_arm_ws/install/agx_arm_moveit/share/agx_arm_moveit/config
[0.591s] -- Installing: /home/flowing/piper/agx_arm_ws/install/agx_arm_moveit/share/agx_arm_moveit/config/pilz_cartesian_limits.yaml
[0.591s] -- Installing: /home/flowing/piper/agx_arm_ws/install/agx_arm_moveit/share/agx_arm_moveit/config/moveit_controllers_revo2_right.yaml
[0.591s] -- Installing: /home/flowing/piper/agx_arm_ws/install/agx_arm_moveit/share/agx_arm_moveit/config/agx_arm.urdf.xacro
[0.591s] -- Installing: /home/flowing/piper/agx_arm_ws/install/agx_arm_moveit/share/agx_arm_moveit/config/agx_arm.ros2_control.xacro
[0.591s] -- Installing: /home/flowing/piper/agx_arm_ws/install/agx_arm_moveit/share/agx_arm_moveit/config/moveit.rviz
[0.591s] -- Installing: /home/flowing/piper/agx_arm_ws/install/agx_arm_moveit/share/agx_arm_moveit/config/moveit_controllers_none.yaml
[0.591s] -- Installing: /home/flowing/piper/agx_arm_ws/install/agx_arm_moveit/share/agx_arm_moveit/config/sensors_3d.yaml
[0.591s] -- Installing: /home/flowing/piper/agx_arm_ws/install/agx_arm_moveit/share/agx_arm_moveit/config/initial_positions.yaml
[0.591s] -- Installing: /home/flowing/piper/agx_arm_ws/install/agx_arm_moveit/share/agx_arm_moveit/config/agx_arm.srdf.xacro
[0.591s] -- Installing: /home/flowing/piper/agx_arm_ws/install/agx_arm_moveit/share/agx_arm_moveit/config/agx_arm.srdf
[0.592s] -- Installing: /home/flowing/piper/agx_arm_ws/install/agx_arm_moveit/share/agx_arm_moveit/config/joint_limits.yaml
[0.592s] -- Installing: /home/flowing/piper/agx_arm_ws/install/agx_arm_moveit/share/agx_arm_moveit/config/moveit_controllers_gripper.yaml
[0.592s] -- Installing: /home/flowing/piper/agx_arm_ws/install/agx_arm_moveit/share/agx_arm_moveit/config/kinematics.yaml
[0.592s] -- Installing: /home/flowing/piper/agx_arm_ws/install/agx_arm_moveit/share/agx_arm_moveit/config/ros2_controllers_nero.yaml
[0.592s] -- Installing: /home/flowing/piper/agx_arm_ws/install/agx_arm_moveit/share/agx_arm_moveit/config/ros2_controllers.yaml
[0.592s] -- Installing: /home/flowing/piper/agx_arm_ws/install/agx_arm_moveit/share/agx_arm_moveit/config/moveit_controllers_revo2_left.yaml
[0.593s] Invoked command in '/home/flowing/piper/agx_arm_ws/build/agx_arm_moveit' returned '0': AMENT_PREFIX_PATH=/home/flowing/piper/agx_arm_ws/install/agx_arm_description:${AMENT_PREFIX_PATH} CMAKE_PREFIX_PATH=/home/flowing/piper/agx_arm_ws/install/agx_arm_description:/opt/ros/humble /usr/bin/cmake --install /home/flowing/piper/agx_arm_ws/build/agx_arm_moveit
