[0.009s] Invoking command in '/home/flowing/piper/agx_arm_ws/build/agx_arm_description': CMAKE_PREFIX_PATH=/opt/ros/humble /usr/bin/cmake /home/flowing/piper/agx_arm_ws/src/agx_arm_ros/src/agx_arm_description -DCMAKE_INSTALL_PREFIX=/home/flowing/piper/agx_arm_ws/install/agx_arm_description
[0.045s] -- The C compiler identification is GNU 11.4.0
[0.082s] -- The CXX compiler identification is GNU 11.4.0
[0.087s] -- Detecting C compiler ABI info
[0.133s] -- Detecting C compiler ABI info - done
[0.138s] -- Check for working C compiler: /usr/bin/cc - skipped
[0.138s] -- Detecting C compile features
[0.138s] -- Detecting C compile features - done
[0.140s] -- Detecting CXX compiler ABI info
[0.195s] -- Detecting CXX compiler ABI info - done
[0.201s] -- Check for working CXX compiler: /usr/bin/c++ - skipped
[0.201s] -- Detecting CXX compile features
[0.201s] -- Detecting CXX compile features - done
[0.203s] -- Found ament_cmake: 1.3.14 (/opt/ros/humble/share/ament_cmake/cmake)
[0.341s] -- Found Python3: /usr/bin/python3 (found version "3.10.12") found components: Interpreter 
[0.429s] -- Found ament_lint_auto: 0.12.15 (/opt/ros/humble/share/ament_lint_auto/cmake)
[0.505s] -- Added test 'copyright' to check source files copyright and LICENSE
[0.517s] -- Added test 'flake8' to check Python code syntax and style conventions
[0.519s] -- Added test 'lint_cmake' to check CMake code style
[0.520s] -- Added test 'pep257' to check Python code against some of the docstring style conventions in PEP 257
[0.526s] -- Added test 'xmllint' to check XML markup files
[0.527s] -- Configuring done
[0.529s] -- Generating done
[0.530s] -- Build files have been written to: /home/flowing/piper/agx_arm_ws/build/agx_arm_description
[0.534s] Invoked command in '/home/flowing/piper/agx_arm_ws/build/agx_arm_description' returned '0': CMAKE_PREFIX_PATH=/opt/ros/humble /usr/bin/cmake /home/flowing/piper/agx_arm_ws/src/agx_arm_ros/src/agx_arm_description -DCMAKE_INSTALL_PREFIX=/home/flowing/piper/agx_arm_ws/install/agx_arm_description
[0.535s] Invoking command in '/home/flowing/piper/agx_arm_ws/build/agx_arm_description': CMAKE_PREFIX_PATH=/opt/ros/humble /usr/bin/cmake --build /home/flowing/piper/agx_arm_ws/build/agx_arm_description -- -j12 -l12
[0.565s] Invoked command in '/home/flowing/piper/agx_arm_ws/build/agx_arm_description' returned '0': CMAKE_PREFIX_PATH=/opt/ros/humble /usr/bin/cmake --build /home/flowing/piper/agx_arm_ws/build/agx_arm_description -- -j12 -l12
[0.574s] Invoking command in '/home/flowing/piper/agx_arm_ws/build/agx_arm_description': CMAKE_PREFIX_PATH=/opt/ros/humble /usr/bin/cmake --install /home/flowing/piper/agx_arm_ws/build/agx_arm_description
[0.580s] -- Install configuration: ""
[0.580s] -- Installing: /home/flowing/piper/agx_arm_ws/install/agx_arm_description/share/agx_arm_description/agx_arm_urdf
[0.580s] -- Installing: /home/flowing/piper/agx_arm_ws/install/agx_arm_description/share/agx_arm_description/agx_arm_urdf/piper_h
[0.580s] -- Installing: /home/flowing/piper/agx_arm_ws/install/agx_arm_description/share/agx_arm_description/agx_arm_urdf/piper_h/meshes
[0.580s] -- Installing: /home/flowing/piper/agx_arm_ws/install/agx_arm_description/share/agx_arm_description/agx_arm_urdf/piper_h/meshes/link6.stl
[0.580s] -- Installing: /home/flowing/piper/agx_arm_ws/install/agx_arm_description/share/agx_arm_description/agx_arm_urdf/piper_h/meshes/link3.stl
[0.582s] -- Installing: /home/flowing/piper/agx_arm_ws/install/agx_arm_description/share/agx_arm_description/agx_arm_urdf/piper_h/meshes/gripper_link1.stl
[0.582s] -- Installing: /home/flowing/piper/agx_arm_ws/install/agx_arm_description/share/agx_arm_description/agx_arm_urdf/piper_h/meshes/gripper_base.stl
[0.583s] -- Installing: /home/flowing/piper/agx_arm_ws/install/agx_arm_description/share/agx_arm_description/agx_arm_urdf/piper_h/meshes/link5.stl
[0.584s] -- Installing: /home/flowing/piper/agx_arm_ws/install/agx_arm_description/share/agx_arm_description/agx_arm_urdf/piper_h/meshes/link1.stl
[0.585s] -- Installing: /home/flowing/piper/agx_arm_ws/install/agx_arm_description/share/agx_arm_description/agx_arm_urdf/piper_h/meshes/gripper_link2.stl
[0.585s] -- Installing: /home/flowing/piper/agx_arm_ws/install/agx_arm_description/share/agx_arm_description/agx_arm_urdf/piper_h/meshes/base_link.stl
[0.585s] -- Installing: /home/flowing/piper/agx_arm_ws/install/agx_arm_description/share/agx_arm_description/agx_arm_urdf/piper_h/meshes/flange.stl
[0.585s] -- Installing: /home/flowing/piper/agx_arm_ws/install/agx_arm_description/share/agx_arm_description/agx_arm_urdf/piper_h/meshes/link4.stl
[0.586s] -- Installing: /home/flowing/piper/agx_arm_ws/install/agx_arm_description/share/agx_arm_description/agx_arm_urdf/piper_h/meshes/link2.stl
[0.588s] -- Installing: /home/flowing/piper/agx_arm_ws/install/agx_arm_description/share/agx_arm_description/agx_arm_urdf/piper_h/meshes/dae
[0.588s] -- Installing: /home/flowing/piper/agx_arm_ws/install/agx_arm_description/share/agx_arm_description/agx_arm_urdf/piper_h/meshes/dae/link6.dae
[0.588s] -- Installing: /home/flowing/piper/agx_arm_ws/install/agx_arm_description/share/agx_arm_description/agx_arm_urdf/piper_h/meshes/dae/base_link.dae
[0.589s] -- Installing: /home/flowing/piper/agx_arm_ws/install/agx_arm_description/share/agx_arm_description/agx_arm_urdf/piper_h/meshes/dae/link5.dae
[0.591s] -- Installing: /home/flowing/piper/agx_arm_ws/install/agx_arm_description/share/agx_arm_description/agx_arm_urdf/piper_h/meshes/dae/gripper_link2.dae
[0.591s] -- Installing: /home/flowing/piper/agx_arm_ws/install/agx_arm_description/share/agx_arm_description/agx_arm_urdf/piper_h/meshes/dae/flange.dae
[0.591s] -- Installing: /home/flowing/piper/agx_arm_ws/install/agx_arm_description/share/agx_arm_description/agx_arm_urdf/piper_h/meshes/dae/link3.dae
[0.594s] -- Installing: /home/flowing/piper/agx_arm_ws/install/agx_arm_description/share/agx_arm_description/agx_arm_urdf/piper_h/meshes/dae/link2.dae
[0.598s] -- Installing: /home/flowing/piper/agx_arm_ws/install/agx_arm_description/share/agx_arm_description/agx_arm_urdf/piper_h/meshes/dae/gripper_base.dae
[0.600s] -- Installing: /home/flowing/piper/agx_arm_ws/install/agx_arm_description/share/agx_arm_description/agx_arm_urdf/piper_h/meshes/dae/link4.dae
[0.601s] -- Installing: /home/flowing/piper/agx_arm_ws/install/agx_arm_description/share/agx_arm_description/agx_arm_urdf/piper_h/meshes/dae/gripper_link1.dae
[0.601s] -- Installing: /home/flowing/piper/agx_arm_ws/install/agx_arm_description/share/agx_arm_description/agx_arm_urdf/piper_h/meshes/dae/link1.dae
[0.602s] -- Installing: /home/flowing/piper/agx_arm_ws/install/agx_arm_description/share/agx_arm_description/agx_arm_urdf/piper_h/urdf
[0.602s] -- Installing: /home/flowing/piper/agx_arm_ws/install/agx_arm_description/share/agx_arm_description/agx_arm_urdf/piper_h/urdf/piper_h_description.urdf
[0.602s] -- Installing: /home/flowing/piper/agx_arm_ws/install/agx_arm_description/share/agx_arm_description/agx_arm_urdf/piper_h/urdf/piper_h_with_gripper_description.xacro
[0.602s] -- Installing: /home/flowing/piper/agx_arm_ws/install/agx_arm_description/share/agx_arm_description/agx_arm_urdf/piper_h/urdf/piper_h_with_left_revo2_description.xacro
[0.602s] -- Installing: /home/flowing/piper/agx_arm_ws/install/agx_arm_description/share/agx_arm_description/agx_arm_urdf/piper_h/urdf/piper_h_with_right_revo2_description.xacro
[0.603s] -- Installing: /home/flowing/piper/agx_arm_ws/install/agx_arm_description/share/agx_arm_description/agx_arm_urdf/piper_x
[0.603s] -- Installing: /home/flowing/piper/agx_arm_ws/install/agx_arm_description/share/agx_arm_description/agx_arm_urdf/piper_x/meshes
[0.603s] -- Installing: /home/flowing/piper/agx_arm_ws/install/agx_arm_description/share/agx_arm_description/agx_arm_urdf/piper_x/meshes/link6.stl
[0.603s] -- Installing: /home/flowing/piper/agx_arm_ws/install/agx_arm_description/share/agx_arm_description/agx_arm_urdf/piper_x/meshes/link3.stl
[0.604s] -- Installing: /home/flowing/piper/agx_arm_ws/install/agx_arm_description/share/agx_arm_description/agx_arm_urdf/piper_x/meshes/gripper_link1.stl
[0.604s] -- Installing: /home/flowing/piper/agx_arm_ws/install/agx_arm_description/share/agx_arm_description/agx_arm_urdf/piper_x/meshes/gripper_base.stl
[0.606s] -- Installing: /home/flowing/piper/agx_arm_ws/install/agx_arm_description/share/agx_arm_description/agx_arm_urdf/piper_x/meshes/link5.stl
[0.606s] -- Installing: /home/flowing/piper/agx_arm_ws/install/agx_arm_description/share/agx_arm_description/agx_arm_urdf/piper_x/meshes/link1.stl
[0.607s] -- Installing: /home/flowing/piper/agx_arm_ws/install/agx_arm_description/share/agx_arm_description/agx_arm_urdf/piper_x/meshes/gripper_link2.stl
[0.607s] -- Installing: /home/flowing/piper/agx_arm_ws/install/agx_arm_description/share/agx_arm_description/agx_arm_urdf/piper_x/meshes/base_link.stl
[0.608s] -- Installing: /home/flowing/piper/agx_arm_ws/install/agx_arm_description/share/agx_arm_description/agx_arm_urdf/piper_x/meshes/flange.stl
[0.608s] -- Installing: /home/flowing/piper/agx_arm_ws/install/agx_arm_description/share/agx_arm_description/agx_arm_urdf/piper_x/meshes/link4.stl
[0.609s] -- Installing: /home/flowing/piper/agx_arm_ws/install/agx_arm_description/share/agx_arm_description/agx_arm_urdf/piper_x/meshes/link2.stl
[0.610s] -- Installing: /home/flowing/piper/agx_arm_ws/install/agx_arm_description/share/agx_arm_description/agx_arm_urdf/piper_x/meshes/dae
[0.610s] -- Installing: /home/flowing/piper/agx_arm_ws/install/agx_arm_description/share/agx_arm_description/agx_arm_urdf/piper_x/meshes/dae/link6.dae
[0.611s] -- Installing: /home/flowing/piper/agx_arm_ws/install/agx_arm_description/share/agx_arm_description/agx_arm_urdf/piper_x/meshes/dae/base_link.dae
[0.611s] -- Installing: /home/flowing/piper/agx_arm_ws/install/agx_arm_description/share/agx_arm_description/agx_arm_urdf/piper_x/meshes/dae/link5.dae
[0.613s] -- Installing: /home/flowing/piper/agx_arm_ws/install/agx_arm_description/share/agx_arm_description/agx_arm_urdf/piper_x/meshes/dae/gripper_link2.dae
[0.613s] -- Installing: /home/flowing/piper/agx_arm_ws/install/agx_arm_description/share/agx_arm_description/agx_arm_urdf/piper_x/meshes/dae/flange.dae
[0.613s] -- Installing: /home/flowing/piper/agx_arm_ws/install/agx_arm_description/share/agx_arm_description/agx_arm_urdf/piper_x/meshes/dae/link3.dae
[0.616s] -- Installing: /home/flowing/piper/agx_arm_ws/install/agx_arm_description/share/agx_arm_description/agx_arm_urdf/piper_x/meshes/dae/link2.dae
[0.620s] -- Installing: /home/flowing/piper/agx_arm_ws/install/agx_arm_description/share/agx_arm_description/agx_arm_urdf/piper_x/meshes/dae/gripper_base.dae
[0.622s] -- Installing: /home/flowing/piper/agx_arm_ws/install/agx_arm_description/share/agx_arm_description/agx_arm_urdf/piper_x/meshes/dae/link4.dae
[0.623s] -- Installing: /home/flowing/piper/agx_arm_ws/install/agx_arm_description/share/agx_arm_description/agx_arm_urdf/piper_x/meshes/dae/gripper_link1.dae
[0.623s] -- Installing: /home/flowing/piper/agx_arm_ws/install/agx_arm_description/share/agx_arm_description/agx_arm_urdf/piper_x/meshes/dae/link1.dae
[0.625s] -- Installing: /home/flowing/piper/agx_arm_ws/install/agx_arm_description/share/agx_arm_description/agx_arm_urdf/piper_x/urdf
[0.625s] -- Installing: /home/flowing/piper/agx_arm_ws/install/agx_arm_description/share/agx_arm_description/agx_arm_urdf/piper_x/urdf/piper_x_with_left_revo2_description.xacro
[0.625s] -- Installing: /home/flowing/piper/agx_arm_ws/install/agx_arm_description/share/agx_arm_description/agx_arm_urdf/piper_x/urdf/piper_x_description.urdf
[0.625s] -- Installing: /home/flowing/piper/agx_arm_ws/install/agx_arm_description/share/agx_arm_description/agx_arm_urdf/piper_x/urdf/piper_x_with_gripper_description.xacro
[0.625s] -- Installing: /home/flowing/piper/agx_arm_ws/install/agx_arm_description/share/agx_arm_description/agx_arm_urdf/piper_x/urdf/piper_x_with_right_revo2_description.xacro
[0.625s] -- Installing: /home/flowing/piper/agx_arm_ws/install/agx_arm_description/share/agx_arm_description/agx_arm_urdf/README_EN.md
[0.625s] -- Installing: /home/flowing/piper/agx_arm_ws/install/agx_arm_description/share/agx_arm_description/agx_arm_urdf/piper_l
[0.625s] -- Installing: /home/flowing/piper/agx_arm_ws/install/agx_arm_description/share/agx_arm_description/agx_arm_urdf/piper_l/meshes
[0.625s] -- Installing: /home/flowing/piper/agx_arm_ws/install/agx_arm_description/share/agx_arm_description/agx_arm_urdf/piper_l/meshes/link6.stl
[0.625s] -- Installing: /home/flowing/piper/agx_arm_ws/install/agx_arm_description/share/agx_arm_description/agx_arm_urdf/piper_l/meshes/link3.stl
[0.627s] -- Installing: /home/flowing/piper/agx_arm_ws/install/agx_arm_description/share/agx_arm_description/agx_arm_urdf/piper_l/meshes/gripper_link1.stl
[0.627s] -- Installing: /home/flowing/piper/agx_arm_ws/install/agx_arm_description/share/agx_arm_description/agx_arm_urdf/piper_l/meshes/gripper_base.stl
[0.628s] -- Installing: /home/flowing/piper/agx_arm_ws/install/agx_arm_description/share/agx_arm_description/agx_arm_urdf/piper_l/meshes/link5.stl
[0.629s] -- Installing: /home/flowing/piper/agx_arm_ws/install/agx_arm_description/share/agx_arm_description/agx_arm_urdf/piper_l/meshes/link1.stl
[0.629s] -- Installing: /home/flowing/piper/agx_arm_ws/install/agx_arm_description/share/agx_arm_description/agx_arm_urdf/piper_l/meshes/gripper_link2.stl
[0.630s] -- Installing: /home/flowing/piper/agx_arm_ws/install/agx_arm_description/share/agx_arm_description/agx_arm_urdf/piper_l/meshes/base_link.stl
[0.631s] -- Installing: /home/flowing/piper/agx_arm_ws/install/agx_arm_description/share/agx_arm_description/agx_arm_urdf/piper_l/meshes/flange.stl
[0.631s] -- Installing: /home/flowing/piper/agx_arm_ws/install/agx_arm_description/share/agx_arm_description/agx_arm_urdf/piper_l/meshes/link4.stl
[0.632s] -- Installing: /home/flowing/piper/agx_arm_ws/install/agx_arm_description/share/agx_arm_description/agx_arm_urdf/piper_l/meshes/link2.stl
[0.633s] -- Installing: /home/flowing/piper/agx_arm_ws/install/agx_arm_description/share/agx_arm_description/agx_arm_urdf/piper_l/meshes/dae
[0.633s] -- Installing: /home/flowing/piper/agx_arm_ws/install/agx_arm_description/share/agx_arm_description/agx_arm_urdf/piper_l/meshes/dae/link6.dae
[0.633s] -- Installing: /home/flowing/piper/agx_arm_ws/install/agx_arm_description/share/agx_arm_description/agx_arm_urdf/piper_l/meshes/dae/base_link.dae
[0.635s] -- Installing: /home/flowing/piper/agx_arm_ws/install/agx_arm_description/share/agx_arm_description/agx_arm_urdf/piper_l/meshes/dae/link5.dae
[0.637s] -- Installing: /home/flowing/piper/agx_arm_ws/install/agx_arm_description/share/agx_arm_description/agx_arm_urdf/piper_l/meshes/dae/gripper_link2.dae
[0.637s] -- Installing: /home/flowing/piper/agx_arm_ws/install/agx_arm_description/share/agx_arm_description/agx_arm_urdf/piper_l/meshes/dae/flange.dae
[0.637s] -- Installing: /home/flowing/piper/agx_arm_ws/install/agx_arm_description/share/agx_arm_description/agx_arm_urdf/piper_l/meshes/dae/link3.dae
[0.640s] -- Installing: /home/flowing/piper/agx_arm_ws/install/agx_arm_description/share/agx_arm_description/agx_arm_urdf/piper_l/meshes/dae/link2.dae
[0.644s] -- Installing: /home/flowing/piper/agx_arm_ws/install/agx_arm_description/share/agx_arm_description/agx_arm_urdf/piper_l/meshes/dae/gripper_base.dae
[0.646s] -- Installing: /home/flowing/piper/agx_arm_ws/install/agx_arm_description/share/agx_arm_description/agx_arm_urdf/piper_l/meshes/dae/link4.dae
[0.647s] -- Installing: /home/flowing/piper/agx_arm_ws/install/agx_arm_description/share/agx_arm_description/agx_arm_urdf/piper_l/meshes/dae/gripper_link1.dae
[0.647s] -- Installing: /home/flowing/piper/agx_arm_ws/install/agx_arm_description/share/agx_arm_description/agx_arm_urdf/piper_l/meshes/dae/link1.dae
[0.648s] -- Installing: /home/flowing/piper/agx_arm_ws/install/agx_arm_description/share/agx_arm_description/agx_arm_urdf/piper_l/urdf
[0.649s] -- Installing: /home/flowing/piper/agx_arm_ws/install/agx_arm_description/share/agx_arm_description/agx_arm_urdf/piper_l/urdf/piper_l_with_right_revo2_description.xacro
[0.649s] -- Installing: /home/flowing/piper/agx_arm_ws/install/agx_arm_description/share/agx_arm_description/agx_arm_urdf/piper_l/urdf/piper_l_description.urdf
[0.649s] -- Installing: /home/flowing/piper/agx_arm_ws/install/agx_arm_description/share/agx_arm_description/agx_arm_urdf/piper_l/urdf/piper_l_with_gripper_description.xacro
[0.649s] -- Installing: /home/flowing/piper/agx_arm_ws/install/agx_arm_description/share/agx_arm_description/agx_arm_urdf/piper_l/urdf/piper_l_with_left_revo2_description.xacro
[0.649s] -- Installing: /home/flowing/piper/agx_arm_ws/install/agx_arm_description/share/agx_arm_description/agx_arm_urdf/LICENSE
[0.649s] -- Installing: /home/flowing/piper/agx_arm_ws/install/agx_arm_description/share/agx_arm_description/agx_arm_urdf/nero
[0.649s] -- Installing: /home/flowing/piper/agx_arm_ws/install/agx_arm_description/share/agx_arm_description/agx_arm_urdf/nero/meshes
[0.649s] -- Installing: /home/flowing/piper/agx_arm_ws/install/agx_arm_description/share/agx_arm_description/agx_arm_urdf/nero/meshes/gripper_base_with_flange.stl
[0.651s] -- Installing: /home/flowing/piper/agx_arm_ws/install/agx_arm_description/share/agx_arm_description/agx_arm_urdf/nero/meshes/link6.stl
[0.651s] -- Installing: /home/flowing/piper/agx_arm_ws/install/agx_arm_description/share/agx_arm_description/agx_arm_urdf/nero/meshes/revo2_flange.stl
[0.651s] -- Installing: /home/flowing/piper/agx_arm_ws/install/agx_arm_description/share/agx_arm_description/agx_arm_urdf/nero/meshes/link3.stl
[0.653s] -- Installing: /home/flowing/piper/agx_arm_ws/install/agx_arm_description/share/agx_arm_description/agx_arm_urdf/nero/meshes/gripper_flange.stl
[0.653s] -- Installing: /home/flowing/piper/agx_arm_ws/install/agx_arm_description/share/agx_arm_description/agx_arm_urdf/nero/meshes/gripper_link1.stl
[0.653s] -- Installing: /home/flowing/piper/agx_arm_ws/install/agx_arm_description/share/agx_arm_description/agx_arm_urdf/nero/meshes/gripper_base.stl
[0.655s] -- Installing: /home/flowing/piper/agx_arm_ws/install/agx_arm_description/share/agx_arm_description/agx_arm_urdf/nero/meshes/link5.stl
[0.656s] -- Installing: /home/flowing/piper/agx_arm_ws/install/agx_arm_description/share/agx_arm_description/agx_arm_urdf/nero/meshes/link1.stl
[0.657s] -- Installing: /home/flowing/piper/agx_arm_ws/install/agx_arm_description/share/agx_arm_description/agx_arm_urdf/nero/meshes/gripper_link2.stl
[0.657s] -- Installing: /home/flowing/piper/agx_arm_ws/install/agx_arm_description/share/agx_arm_description/agx_arm_urdf/nero/meshes/base_link.stl
[0.658s] -- Installing: /home/flowing/piper/agx_arm_ws/install/agx_arm_description/share/agx_arm_description/agx_arm_urdf/nero/meshes/link4.stl
[0.659s] -- Installing: /home/flowing/piper/agx_arm_ws/install/agx_arm_description/share/agx_arm_description/agx_arm_urdf/nero/meshes/link7.stl
[0.659s] -- Installing: /home/flowing/piper/agx_arm_ws/install/agx_arm_description/share/agx_arm_description/agx_arm_urdf/nero/meshes/link2.stl
[0.660s] -- Installing: /home/flowing/piper/agx_arm_ws/install/agx_arm_description/share/agx_arm_description/agx_arm_urdf/nero/meshes/dae
[0.660s] -- Installing: /home/flowing/piper/agx_arm_ws/install/agx_arm_description/share/agx_arm_description/agx_arm_urdf/nero/meshes/dae/link6.dae
[0.661s] -- Installing: /home/flowing/piper/agx_arm_ws/install/agx_arm_description/share/agx_arm_description/agx_arm_urdf/nero/meshes/dae/base_link.dae
[0.662s] -- Installing: /home/flowing/piper/agx_arm_ws/install/agx_arm_description/share/agx_arm_description/agx_arm_urdf/nero/meshes/dae/gripper_flange.dae
[0.663s] -- Installing: /home/flowing/piper/agx_arm_ws/install/agx_arm_description/share/agx_arm_description/agx_arm_urdf/nero/meshes/dae/link5.dae
[0.665s] -- Installing: /home/flowing/piper/agx_arm_ws/install/agx_arm_description/share/agx_arm_description/agx_arm_urdf/nero/meshes/dae/gripper_link2.dae
[0.665s] -- Installing: /home/flowing/piper/agx_arm_ws/install/agx_arm_description/share/agx_arm_description/agx_arm_urdf/nero/meshes/dae/link3.dae
[0.667s] -- Installing: /home/flowing/piper/agx_arm_ws/install/agx_arm_description/share/agx_arm_description/agx_arm_urdf/nero/meshes/dae/link7.dae
[0.667s] -- Installing: /home/flowing/piper/agx_arm_ws/install/agx_arm_description/share/agx_arm_description/agx_arm_urdf/nero/meshes/dae/revo2_flange.dae
[0.668s] -- Installing: /home/flowing/piper/agx_arm_ws/install/agx_arm_description/share/agx_arm_description/agx_arm_urdf/nero/meshes/dae/link2.dae
[0.684s] -- Installing: /home/flowing/piper/agx_arm_ws/install/agx_arm_description/share/agx_arm_description/agx_arm_urdf/nero/meshes/dae/gripper_base_with_flange.dae
[0.686s] -- Installing: /home/flowing/piper/agx_arm_ws/install/agx_arm_description/share/agx_arm_description/agx_arm_urdf/nero/meshes/dae/gripper_base.dae
[0.688s] -- Installing: /home/flowing/piper/agx_arm_ws/install/agx_arm_description/share/agx_arm_description/agx_arm_urdf/nero/meshes/dae/link4.dae
[0.694s] -- Installing: /home/flowing/piper/agx_arm_ws/install/agx_arm_description/share/agx_arm_description/agx_arm_urdf/nero/meshes/dae/gripper_link1.dae
[0.694s] -- Installing: /home/flowing/piper/agx_arm_ws/install/agx_arm_description/share/agx_arm_description/agx_arm_urdf/nero/meshes/dae/link1.dae
[0.695s] -- Installing: /home/flowing/piper/agx_arm_ws/install/agx_arm_description/share/agx_arm_description/agx_arm_urdf/nero/urdf
[0.695s] -- Installing: /home/flowing/piper/agx_arm_ws/install/agx_arm_description/share/agx_arm_description/agx_arm_urdf/nero/urdf/nero_with_gripper_flange_description.xacro
[0.695s] -- Installing: /home/flowing/piper/agx_arm_ws/install/agx_arm_description/share/agx_arm_description/agx_arm_urdf/nero/urdf/nero_with_left_revo2_description.xacro
[0.695s] -- Installing: /home/flowing/piper/agx_arm_ws/install/agx_arm_description/share/agx_arm_description/agx_arm_urdf/nero/urdf/nero_description.urdf
[0.695s] -- Installing: /home/flowing/piper/agx_arm_ws/install/agx_arm_description/share/agx_arm_description/agx_arm_urdf/nero/urdf/nero_with_right_revo2_description.xacro
[0.695s] -- Installing: /home/flowing/piper/agx_arm_ws/install/agx_arm_description/share/agx_arm_description/agx_arm_urdf/nero/urdf/nero_with_gripper_description.xacro
[0.695s] -- Installing: /home/flowing/piper/agx_arm_ws/install/agx_arm_description/share/agx_arm_description/agx_arm_urdf/nero/urdf/nero_with_revo2_flange_description.xacro
[0.695s] -- Installing: /home/flowing/piper/agx_arm_ws/install/agx_arm_description/share/agx_arm_description/agx_arm_urdf/piper
[0.695s] -- Installing: /home/flowing/piper/agx_arm_ws/install/agx_arm_description/share/agx_arm_description/agx_arm_urdf/piper/meshes
[0.695s] -- Installing: /home/flowing/piper/agx_arm_ws/install/agx_arm_description/share/agx_arm_description/agx_arm_urdf/piper/meshes/link6.stl
[0.695s] -- Installing: /home/flowing/piper/agx_arm_ws/install/agx_arm_description/share/agx_arm_description/agx_arm_urdf/piper/meshes/link3.stl
[0.696s] -- Installing: /home/flowing/piper/agx_arm_ws/install/agx_arm_description/share/agx_arm_description/agx_arm_urdf/piper/meshes/gripper_link1.stl
[0.696s] -- Installing: /home/flowing/piper/agx_arm_ws/install/agx_arm_description/share/agx_arm_description/agx_arm_urdf/piper/meshes/gripper_base.stl
[0.697s] -- Installing: /home/flowing/piper/agx_arm_ws/install/agx_arm_description/share/agx_arm_description/agx_arm_urdf/piper/meshes/link5.stl
[0.698s] -- Installing: /home/flowing/piper/agx_arm_ws/install/agx_arm_description/share/agx_arm_description/agx_arm_urdf/piper/meshes/link1.stl
[0.698s] -- Installing: /home/flowing/piper/agx_arm_ws/install/agx_arm_description/share/agx_arm_description/agx_arm_urdf/piper/meshes/gripper_link2.stl
[0.698s] -- Installing: /home/flowing/piper/agx_arm_ws/install/agx_arm_description/share/agx_arm_description/agx_arm_urdf/piper/meshes/base_link.stl
[0.699s] -- Installing: /home/flowing/piper/agx_arm_ws/install/agx_arm_description/share/agx_arm_description/agx_arm_urdf/piper/meshes/flange.stl
[0.699s] -- Installing: /home/flowing/piper/agx_arm_ws/install/agx_arm_description/share/agx_arm_description/agx_arm_urdf/piper/meshes/link4.stl
[0.699s] -- Installing: /home/flowing/piper/agx_arm_ws/install/agx_arm_description/share/agx_arm_description/agx_arm_urdf/piper/meshes/link2.stl
[0.702s] -- Installing: /home/flowing/piper/agx_arm_ws/install/agx_arm_description/share/agx_arm_description/agx_arm_urdf/piper/meshes/dae
[0.702s] -- Installing: /home/flowing/piper/agx_arm_ws/install/agx_arm_description/share/agx_arm_description/agx_arm_urdf/piper/meshes/dae/link6.dae
[0.702s] -- Installing: /home/flowing/piper/agx_arm_ws/install/agx_arm_description/share/agx_arm_description/agx_arm_urdf/piper/meshes/dae/base_link.dae
[0.702s] -- Installing: /home/flowing/piper/agx_arm_ws/install/agx_arm_description/share/agx_arm_description/agx_arm_urdf/piper/meshes/dae/link5.dae
[0.703s] -- Installing: /home/flowing/piper/agx_arm_ws/install/agx_arm_description/share/agx_arm_description/agx_arm_urdf/piper/meshes/dae/gripper_base_v2.dae
[0.704s] -- Installing: /home/flowing/piper/agx_arm_ws/install/agx_arm_description/share/agx_arm_description/agx_arm_urdf/piper/meshes/dae/gripper_base_v1.dae
[0.705s] -- Installing: /home/flowing/piper/agx_arm_ws/install/agx_arm_description/share/agx_arm_description/agx_arm_urdf/piper/meshes/dae/gripper_base_100_v2.dae
[0.707s] -- Installing: /home/flowing/piper/agx_arm_ws/install/agx_arm_description/share/agx_arm_description/agx_arm_urdf/piper/meshes/dae/gripper_link2.dae
[0.707s] -- Installing: /home/flowing/piper/agx_arm_ws/install/agx_arm_description/share/agx_arm_description/agx_arm_urdf/piper/meshes/dae/flange.dae
[0.707s] -- Installing: /home/flowing/piper/agx_arm_ws/install/agx_arm_description/share/agx_arm_description/agx_arm_urdf/piper/meshes/dae/link3.dae
[0.709s] -- Installing: /home/flowing/piper/agx_arm_ws/install/agx_arm_description/share/agx_arm_description/agx_arm_urdf/piper/meshes/dae/gripper_base_100_v1.dae
[0.710s] -- Installing: /home/flowing/piper/agx_arm_ws/install/agx_arm_description/share/agx_arm_description/agx_arm_urdf/piper/meshes/dae/link2.dae
[0.715s] -- Installing: /home/flowing/piper/agx_arm_ws/install/agx_arm_description/share/agx_arm_description/agx_arm_urdf/piper/meshes/dae/gripper_base.dae
[0.716s] -- Installing: /home/flowing/piper/agx_arm_ws/install/agx_arm_description/share/agx_arm_description/agx_arm_urdf/piper/meshes/dae/link4.dae
[0.717s] -- Installing: /home/flowing/piper/agx_arm_ws/install/agx_arm_description/share/agx_arm_description/agx_arm_urdf/piper/meshes/dae/gripper_link1.dae
[0.717s] -- Installing: /home/flowing/piper/agx_arm_ws/install/agx_arm_description/share/agx_arm_description/agx_arm_urdf/piper/meshes/dae/link1.dae
[0.718s] -- Installing: /home/flowing/piper/agx_arm_ws/install/agx_arm_description/share/agx_arm_description/agx_arm_urdf/piper/urdf
[0.718s] -- Installing: /home/flowing/piper/agx_arm_ws/install/agx_arm_description/share/agx_arm_description/agx_arm_urdf/piper/urdf/piper_with_right_revo2_description.xacro
[0.718s] -- Installing: /home/flowing/piper/agx_arm_ws/install/agx_arm_description/share/agx_arm_description/agx_arm_urdf/piper/urdf/piper_description.urdf
[0.718s] -- Installing: /home/flowing/piper/agx_arm_ws/install/agx_arm_description/share/agx_arm_description/agx_arm_urdf/piper/urdf/piper_with_left_revo2_description.xacro
[0.718s] -- Installing: /home/flowing/piper/agx_arm_ws/install/agx_arm_description/share/agx_arm_description/agx_arm_urdf/piper/urdf/piper_with_gripper_description.xacro
[0.718s] -- Installing: /home/flowing/piper/agx_arm_ws/install/agx_arm_description/share/agx_arm_description/agx_arm_urdf/revo2
[0.718s] -- Installing: /home/flowing/piper/agx_arm_ws/install/agx_arm_description/share/agx_arm_description/agx_arm_urdf/revo2/meshes
[0.718s] -- Installing: /home/flowing/piper/agx_arm_ws/install/agx_arm_description/share/agx_arm_description/agx_arm_urdf/revo2/meshes/revo2_left_hand
[0.719s] -- Installing: /home/flowing/piper/agx_arm_ws/install/agx_arm_description/share/agx_arm_description/agx_arm_urdf/revo2/meshes/revo2_left_hand/left_pinky_distal_link.STL
[0.719s] -- Installing: /home/flowing/piper/agx_arm_ws/install/agx_arm_description/share/agx_arm_description/agx_arm_urdf/revo2/meshes/revo2_left_hand/left_thumb_tip_link.STL
[0.719s] -- Installing: /home/flowing/piper/agx_arm_ws/install/agx_arm_description/share/agx_arm_description/agx_arm_urdf/revo2/meshes/revo2_left_hand/left_pinky_proximal_link.STL
[0.719s] -- Installing: /home/flowing/piper/agx_arm_ws/install/agx_arm_description/share/agx_arm_description/agx_arm_urdf/revo2/meshes/revo2_left_hand/left_thumb_distal_link.STL
[0.719s] -- Installing: /home/flowing/piper/agx_arm_ws/install/agx_arm_description/share/agx_arm_description/agx_arm_urdf/revo2/meshes/revo2_left_hand/left_ring_tip_link.STL
[0.719s] -- Installing: /home/flowing/piper/agx_arm_ws/install/agx_arm_description/share/agx_arm_description/agx_arm_urdf/revo2/meshes/revo2_left_hand/left_index_proximal_link.STL
[0.719s] -- Installing: /home/flowing/piper/agx_arm_ws/install/agx_arm_description/share/agx_arm_description/agx_arm_urdf/revo2/meshes/revo2_left_hand/left_middle_tip_link.STL
[0.720s] -- Installing: /home/flowing/piper/agx_arm_ws/install/agx_arm_description/share/agx_arm_description/agx_arm_urdf/revo2/meshes/revo2_left_hand/left_index_tip_link.STL
[0.720s] -- Installing: /home/flowing/piper/agx_arm_ws/install/agx_arm_description/share/agx_arm_description/agx_arm_urdf/revo2/meshes/revo2_left_hand/left_thumb_touch_link.STL
[0.720s] -- Installing: /home/flowing/piper/agx_arm_ws/install/agx_arm_description/share/agx_arm_description/agx_arm_urdf/revo2/meshes/revo2_left_hand/left_thumb_metacarpal_link.STL
[0.720s] -- Installing: /home/flowing/piper/agx_arm_ws/install/agx_arm_description/share/agx_arm_description/agx_arm_urdf/revo2/meshes/revo2_left_hand/left_middle_touch_link.STL
[0.720s] -- Installing: /home/flowing/piper/agx_arm_ws/install/agx_arm_description/share/agx_arm_description/agx_arm_urdf/revo2/meshes/revo2_left_hand/left_base_visual_link.STL
[0.720s] -- Installing: /home/flowing/piper/agx_arm_ws/install/agx_arm_description/share/agx_arm_description/agx_arm_urdf/revo2/meshes/revo2_left_hand/left_ring_distal_link.STL
[0.721s] -- Installing: /home/flowing/piper/agx_arm_ws/install/agx_arm_description/share/agx_arm_description/agx_arm_urdf/revo2/meshes/revo2_left_hand/left_ring_touch_link.STL
[0.721s] -- Installing: /home/flowing/piper/agx_arm_ws/install/agx_arm_description/share/agx_arm_description/agx_arm_urdf/revo2/meshes/revo2_left_hand/left_middle_distal_link.STL
[0.721s] -- Installing: /home/flowing/piper/agx_arm_ws/install/agx_arm_description/share/agx_arm_description/agx_arm_urdf/revo2/meshes/revo2_left_hand/left_base_link.STL
[0.723s] -- Installing: /home/flowing/piper/agx_arm_ws/install/agx_arm_description/share/agx_arm_description/agx_arm_urdf/revo2/meshes/revo2_left_hand/left_ring_proximal_link.STL
[0.723s] -- Installing: /home/flowing/piper/agx_arm_ws/install/agx_arm_description/share/agx_arm_description/agx_arm_urdf/revo2/meshes/revo2_left_hand/left_pinky_touch_link.STL
[0.723s] -- Installing: /home/flowing/piper/agx_arm_ws/install/agx_arm_description/share/agx_arm_description/agx_arm_urdf/revo2/meshes/revo2_left_hand/left_thumb_proximal_link.STL
[0.724s] -- Installing: /home/flowing/piper/agx_arm_ws/install/agx_arm_description/share/agx_arm_description/agx_arm_urdf/revo2/meshes/revo2_left_hand/left_pinky_tip_link.STL
[0.724s] -- Installing: /home/flowing/piper/agx_arm_ws/install/agx_arm_description/share/agx_arm_description/agx_arm_urdf/revo2/meshes/revo2_left_hand/left_index_touch_link.STL
[0.724s] -- Installing: /home/flowing/piper/agx_arm_ws/install/agx_arm_description/share/agx_arm_description/agx_arm_urdf/revo2/meshes/revo2_left_hand/left_middle_proximal_link.STL
[0.724s] -- Installing: /home/flowing/piper/agx_arm_ws/install/agx_arm_description/share/agx_arm_description/agx_arm_urdf/revo2/meshes/revo2_left_hand/left_index_distal_link.STL
[0.725s] -- Installing: /home/flowing/piper/agx_arm_ws/install/agx_arm_description/share/agx_arm_description/agx_arm_urdf/revo2/meshes/revo2_left_hand/left_thumb_proximal_visual_link.STL
[0.725s] -- Installing: /home/flowing/piper/agx_arm_ws/install/agx_arm_description/share/agx_arm_description/agx_arm_urdf/revo2/meshes/revo2_right_hand
[0.725s] -- Installing: /home/flowing/piper/agx_arm_ws/install/agx_arm_description/share/agx_arm_description/agx_arm_urdf/revo2/meshes/revo2_right_hand/right_index_distal_link.STL
[0.726s] -- Installing: /home/flowing/piper/agx_arm_ws/install/agx_arm_description/share/agx_arm_description/agx_arm_urdf/revo2/meshes/revo2_right_hand/right_middle_touch_link.STL
[0.726s] -- Installing: /home/flowing/piper/agx_arm_ws/install/agx_arm_description/share/agx_arm_description/agx_arm_urdf/revo2/meshes/revo2_right_hand/right_thumb_touch_link.STL
[0.726s] -- Installing: /home/flowing/piper/agx_arm_ws/install/agx_arm_description/share/agx_arm_description/agx_arm_urdf/revo2/meshes/revo2_right_hand/right_pinky_touch_link.STL
[0.726s] -- Installing: /home/flowing/piper/agx_arm_ws/install/agx_arm_description/share/agx_arm_description/agx_arm_urdf/revo2/meshes/revo2_right_hand/right_index_proximal_link.STL
[0.726s] -- Installing: /home/flowing/piper/agx_arm_ws/install/agx_arm_description/share/agx_arm_description/agx_arm_urdf/revo2/meshes/revo2_right_hand/right_ring_touch_link.STL
[0.726s] -- Installing: /home/flowing/piper/agx_arm_ws/install/agx_arm_description/share/agx_arm_description/agx_arm_urdf/revo2/meshes/revo2_right_hand/right_pinky_proximal_link.STL
[0.726s] -- Installing: /home/flowing/piper/agx_arm_ws/install/agx_arm_description/share/agx_arm_description/agx_arm_urdf/revo2/meshes/revo2_right_hand/right_thumb_proximal_visual_link.STL
[0.727s] -- Installing: /home/flowing/piper/agx_arm_ws/install/agx_arm_description/share/agx_arm_description/agx_arm_urdf/revo2/meshes/revo2_right_hand/right_pinky_tip.STL
[0.727s] -- Installing: /home/flowing/piper/agx_arm_ws/install/agx_arm_description/share/agx_arm_description/agx_arm_urdf/revo2/meshes/revo2_right_hand/right_ring_distal_link.STL
[0.728s] -- Installing: /home/flowing/piper/agx_arm_ws/install/agx_arm_description/share/agx_arm_description/agx_arm_urdf/revo2/meshes/revo2_right_hand/right_ring_tip.STL
[0.728s] -- Installing: /home/flowing/piper/agx_arm_ws/install/agx_arm_description/share/agx_arm_description/agx_arm_urdf/revo2/meshes/revo2_right_hand/right_thumb_metacarpal_link.STL
[0.728s] -- Installing: /home/flowing/piper/agx_arm_ws/install/agx_arm_description/share/agx_arm_description/agx_arm_urdf/revo2/meshes/revo2_right_hand/right_base_visual_link.STL
[0.728s] -- Installing: /home/flowing/piper/agx_arm_ws/install/agx_arm_description/share/agx_arm_description/agx_arm_urdf/revo2/meshes/revo2_right_hand/right_index_touch_link.STL
[0.728s] -- Installing: /home/flowing/piper/agx_arm_ws/install/agx_arm_description/share/agx_arm_description/agx_arm_urdf/revo2/meshes/revo2_right_hand/right_middle_tip.STL
[0.728s] -- Installing: /home/flowing/piper/agx_arm_ws/install/agx_arm_description/share/agx_arm_description/agx_arm_urdf/revo2/meshes/revo2_right_hand/right_thumb_tip.STL
[0.728s] -- Installing: /home/flowing/piper/agx_arm_ws/install/agx_arm_description/share/agx_arm_description/agx_arm_urdf/revo2/meshes/revo2_right_hand/right_base_link.STL
[0.730s] -- Installing: /home/flowing/piper/agx_arm_ws/install/agx_arm_description/share/agx_arm_description/agx_arm_urdf/revo2/meshes/revo2_right_hand/right_thumb_proximal_link.STL
[0.731s] -- Installing: /home/flowing/piper/agx_arm_ws/install/agx_arm_description/share/agx_arm_description/agx_arm_urdf/revo2/meshes/revo2_right_hand/right_pinky_distal_link.STL
[0.731s] -- Installing: /home/flowing/piper/agx_arm_ws/install/agx_arm_description/share/agx_arm_description/agx_arm_urdf/revo2/meshes/revo2_right_hand/right_index_tip.STL
[0.731s] -- Installing: /home/flowing/piper/agx_arm_ws/install/agx_arm_description/share/agx_arm_description/agx_arm_urdf/revo2/meshes/revo2_right_hand/right_middle_distal_link.STL
[0.731s] -- Installing: /home/flowing/piper/agx_arm_ws/install/agx_arm_description/share/agx_arm_description/agx_arm_urdf/revo2/meshes/revo2_right_hand/right_middle_proximal_link.STL
[0.732s] -- Installing: /home/flowing/piper/agx_arm_ws/install/agx_arm_description/share/agx_arm_description/agx_arm_urdf/revo2/meshes/revo2_right_hand/right_ring_proximal_link.STL
[0.732s] -- Installing: /home/flowing/piper/agx_arm_ws/install/agx_arm_description/share/agx_arm_description/agx_arm_urdf/revo2/meshes/revo2_right_hand/right_thumb_distal_link.STL
[0.732s] -- Installing: /home/flowing/piper/agx_arm_ws/install/agx_arm_description/share/agx_arm_description/agx_arm_urdf/revo2/urdf
[0.732s] -- Installing: /home/flowing/piper/agx_arm_ws/install/agx_arm_description/share/agx_arm_description/agx_arm_urdf/revo2/urdf/revo2_right_hand.urdf
[0.732s] -- Installing: /home/flowing/piper/agx_arm_ws/install/agx_arm_description/share/agx_arm_description/agx_arm_urdf/revo2/urdf/revo2_left_hand.urdf
[0.732s] -- Installing: /home/flowing/piper/agx_arm_ws/install/agx_arm_description/share/agx_arm_description/agx_arm_urdf/.git
[0.733s] -- Installing: /home/flowing/piper/agx_arm_ws/install/agx_arm_description/share/agx_arm_description/agx_arm_urdf/README.md
[0.733s] -- Installing: /home/flowing/piper/agx_arm_ws/install/agx_arm_description/share/agx_arm_description/launch
[0.733s] -- Installing: /home/flowing/piper/agx_arm_ws/install/agx_arm_description/share/agx_arm_description/launch/display.launch.py
[0.733s] -- Installing: /home/flowing/piper/agx_arm_ws/install/agx_arm_description/share/agx_arm_description/rviz
[0.733s] -- Installing: /home/flowing/piper/agx_arm_ws/install/agx_arm_description/share/agx_arm_description/rviz/display.rviz
[0.733s] -- Installing: /home/flowing/piper/agx_arm_ws/install/agx_arm_description/share/ament_index/resource_index/package_run_dependencies/agx_arm_description
[0.733s] -- Installing: /home/flowing/piper/agx_arm_ws/install/agx_arm_description/share/ament_index/resource_index/parent_prefix_path/agx_arm_description
[0.733s] -- Installing: /home/flowing/piper/agx_arm_ws/install/agx_arm_description/share/agx_arm_description/environment/ament_prefix_path.sh
[0.733s] -- Installing: /home/flowing/piper/agx_arm_ws/install/agx_arm_description/share/agx_arm_description/environment/ament_prefix_path.dsv
[0.733s] -- Installing: /home/flowing/piper/agx_arm_ws/install/agx_arm_description/share/agx_arm_description/environment/path.sh
[0.734s] -- Installing: /home/flowing/piper/agx_arm_ws/install/agx_arm_description/share/agx_arm_description/environment/path.dsv
[0.734s] -- Installing: /home/flowing/piper/agx_arm_ws/install/agx_arm_description/share/agx_arm_description/local_setup.bash
[0.734s] -- Installing: /home/flowing/piper/agx_arm_ws/install/agx_arm_description/share/agx_arm_description/local_setup.sh
[0.734s] -- Installing: /home/flowing/piper/agx_arm_ws/install/agx_arm_description/share/agx_arm_description/local_setup.zsh
[0.734s] -- Installing: /home/flowing/piper/agx_arm_ws/install/agx_arm_description/share/agx_arm_description/local_setup.dsv
[0.734s] -- Installing: /home/flowing/piper/agx_arm_ws/install/agx_arm_description/share/agx_arm_description/package.dsv
[0.734s] -- Installing: /home/flowing/piper/agx_arm_ws/install/agx_arm_description/share/ament_index/resource_index/packages/agx_arm_description
[0.734s] -- Installing: /home/flowing/piper/agx_arm_ws/install/agx_arm_description/share/agx_arm_description/cmake/agx_arm_descriptionConfig.cmake
[0.734s] -- Installing: /home/flowing/piper/agx_arm_ws/install/agx_arm_description/share/agx_arm_description/cmake/agx_arm_descriptionConfig-version.cmake
[0.734s] -- Installing: /home/flowing/piper/agx_arm_ws/install/agx_arm_description/share/agx_arm_description/package.xml
[0.737s] Invoked command in '/home/flowing/piper/agx_arm_ws/build/agx_arm_description' returned '0': CMAKE_PREFIX_PATH=/opt/ros/humble /usr/bin/cmake --install /home/flowing/piper/agx_arm_ws/build/agx_arm_description
