-- The C compiler identification is GNU 11.4.0
-- The CXX compiler identification is GNU 11.4.0
-- Detecting C compiler ABI info
-- Detecting C compiler ABI info - done
-- Check for working C compiler: /usr/bin/cc - skipped
-- Detecting C compile features
-- Detecting C compile features - done
-- Detecting CXX compiler ABI info
-- Detecting CXX compiler ABI info - done
-- Check for working CXX compiler: /usr/bin/c++ - skipped
-- Detecting CXX compile features
-- Detecting CXX compile features - done
-- Found ament_cmake: 1.3.14 (/opt/ros/humble/share/ament_cmake/cmake)
-- Found Python3: /usr/bin/python3 (found version "3.10.12") found components: Interpreter 
-- Found rclpy: 3.3.21 (/opt/ros/humble/share/rclpy/cmake)
-- Found rosidl_default_generators: 1.2.0 (/opt/ros/humble/share/rosidl_default_generators/cmake)
-- Using all available rosidl_typesupport_c: rosidl_typesupport_fastrtps_c;rosidl_typesupport_introspection_c
-- Found rosidl_adapter: 3.1.8 (/opt/ros/humble/share/rosidl_adapter/cmake)
-- Using all available rosidl_typesupport_cpp: rosidl_typesupport_fastrtps_cpp;rosidl_typesupport_introspection_cpp
-- Found std_msgs: 4.9.1 (/opt/ros/humble/share/std_msgs/cmake)
-- Found geometry_msgs: 4.9.1 (/opt/ros/humble/share/geometry_msgs/cmake)
-- Found ament_cmake_ros: 0.10.0 (/opt/ros/humble/share/ament_cmake_ros/cmake)
-- Using all available rosidl_typesupport_c: rosidl_typesupport_fastrtps_c;rosidl_typesupport_introspection_c
-- Using all available rosidl_typesupport_cpp: rosidl_typesupport_fastrtps_cpp;rosidl_typesupport_introspection_cpp
-- Found PythonInterp: /usr/bin/python3 (found suitable version "3.10.12", minimum required is "3.6") 
-- Found python_cmake_module: 0.10.0 (/opt/ros/humble/share/python_cmake_module/cmake)
-- Found PythonLibs: /usr/lib/x86_64-linux-gnu/libpython3.10.so (found suitable version "3.10.12", minimum required is "3.5") 
-- Using PYTHON_EXECUTABLE: /usr/bin/python3
-- Using PYTHON_INCLUDE_DIRS: /usr/include/python3.10
-- Using PYTHON_LIBRARIES: /usr/lib/x86_64-linux-gnu/libpython3.10.so
-- Found PythonExtra: .so  
-- Found ament_lint_auto: 0.12.15 (/opt/ros/humble/share/ament_lint_auto/cmake)
-- Added test 'lint_cmake' to check CMake code style
-- Added test 'xmllint' to check XML markup files
-- Configuring done
-- Generating done
-- Build files have been written to: /home/flowing/piper/agx_arm_ws/build/agx_arm_msgs
[  1%] [34m[1mGenerating C code for ROS interfaces[0m
[  2%] [34m[1mGenerating C++ code for ROS interfaces[0m
[  2%] Built target ament_cmake_python_copy_agx_arm_msgs
running egg_info
creating agx_arm_msgs.egg-info
writing agx_arm_msgs.egg-info/PKG-INFO
writing dependency_links to agx_arm_msgs.egg-info/dependency_links.txt
writing top-level names to agx_arm_msgs.egg-info/top_level.txt
writing manifest file 'agx_arm_msgs.egg-info/SOURCES.txt'
reading manifest file 'agx_arm_msgs.egg-info/SOURCES.txt'
writing manifest file 'agx_arm_msgs.egg-info/SOURCES.txt'
[  2%] Built target ament_cmake_python_build_agx_arm_msgs_egg
[  8%] [32mBuilding C object CMakeFiles/agx_arm_msgs__rosidl_generator_c.dir/rosidl_generator_c/agx_arm_msgs/msg/detail/hand_position_time_cmd__functions.c.o[0m
[  8%] [32mBuilding C object CMakeFiles/agx_arm_msgs__rosidl_generator_c.dir/rosidl_generator_c/agx_arm_msgs/msg/detail/gripper_status__functions.c.o[0m
[  8%] [32mBuilding C object CMakeFiles/agx_arm_msgs__rosidl_generator_c.dir/rosidl_generator_c/agx_arm_msgs/msg/detail/move_mit_msg__functions.c.o[0m
[  8%] [32mBuilding C object CMakeFiles/agx_arm_msgs__rosidl_generator_c.dir/rosidl_generator_c/agx_arm_msgs/msg/detail/hand_status__functions.c.o[0m
[  9%] [32mBuilding C object CMakeFiles/agx_arm_msgs__rosidl_generator_c.dir/rosidl_generator_c/agx_arm_msgs/msg/detail/agx_arm_status__functions.c.o[0m
[ 11%] [32mBuilding C object CMakeFiles/agx_arm_msgs__rosidl_generator_c.dir/rosidl_generator_c/agx_arm_msgs/msg/detail/hand_cmd__functions.c.o[0m
[ 11%] Built target agx_arm_msgs__cpp
[ 12%] [32m[1mLinking C shared library libagx_arm_msgs__rosidl_generator_c.so[0m
[ 15%] [34m[1mGenerating C++ type support for eProsima Fast-RTPS[0m
[ 15%] [34m[1mGenerating C++ type support dispatch for ROS interfaces[0m
[ 16%] [34m[1mGenerating C++ introspection for ROS interfaces[0m
[ 16%] Built target agx_arm_msgs__rosidl_generator_c
[ 19%] [34m[1mGenerating C introspection for ROS interfaces[0m
[ 19%] [34m[1mGenerating C type support for eProsima Fast-RTPS[0m
[ 21%] [34m[1mGenerating C type support dispatch for ROS interfaces[0m
[ 23%] [32mBuilding CXX object CMakeFiles/agx_arm_msgs__rosidl_typesupport_cpp.dir/rosidl_typesupport_cpp/agx_arm_msgs/msg/hand_cmd__type_support.cpp.o[0m
[ 23%] [32mBuilding CXX object CMakeFiles/agx_arm_msgs__rosidl_typesupport_cpp.dir/rosidl_typesupport_cpp/agx_arm_msgs/msg/agx_arm_status__type_support.cpp.o[0m
[ 25%] [32mBuilding CXX object CMakeFiles/agx_arm_msgs__rosidl_typesupport_cpp.dir/rosidl_typesupport_cpp/agx_arm_msgs/msg/hand_position_time_cmd__type_support.cpp.o[0m
[ 26%] [32mBuilding CXX object CMakeFiles/agx_arm_msgs__rosidl_typesupport_cpp.dir/rosidl_typesupport_cpp/agx_arm_msgs/msg/gripper_status__type_support.cpp.o[0m
[ 28%] [32mBuilding CXX object CMakeFiles/agx_arm_msgs__rosidl_typesupport_cpp.dir/rosidl_typesupport_cpp/agx_arm_msgs/msg/hand_status__type_support.cpp.o[0m
[ 29%] [32mBuilding CXX object CMakeFiles/agx_arm_msgs__rosidl_typesupport_cpp.dir/rosidl_typesupport_cpp/agx_arm_msgs/msg/move_mit_msg__type_support.cpp.o[0m
[ 30%] [32mBuilding CXX object CMakeFiles/agx_arm_msgs__rosidl_typesupport_c.dir/rosidl_typesupport_c/agx_arm_msgs/msg/agx_arm_status__type_support.cpp.o[0m
[ 32%] [32mBuilding CXX object CMakeFiles/agx_arm_msgs__rosidl_typesupport_c.dir/rosidl_typesupport_c/agx_arm_msgs/msg/gripper_status__type_support.cpp.o[0m
[ 33%] [32mBuilding CXX object CMakeFiles/agx_arm_msgs__rosidl_typesupport_introspection_cpp.dir/rosidl_typesupport_introspection_cpp/agx_arm_msgs/msg/detail/agx_arm_status__type_support.cpp.o[0m
[ 35%] [32mBuilding CXX object CMakeFiles/agx_arm_msgs__rosidl_typesupport_c.dir/rosidl_typesupport_c/agx_arm_msgs/msg/hand_status__type_support.cpp.o[0m
[ 36%] [32mBuilding CXX object CMakeFiles/agx_arm_msgs__rosidl_typesupport_c.dir/rosidl_typesupport_c/agx_arm_msgs/msg/hand_cmd__type_support.cpp.o[0m
[ 38%] [32mBuilding CXX object CMakeFiles/agx_arm_msgs__rosidl_typesupport_c.dir/rosidl_typesupport_c/agx_arm_msgs/msg/hand_position_time_cmd__type_support.cpp.o[0m
[ 39%] [32mBuilding CXX object CMakeFiles/agx_arm_msgs__rosidl_typesupport_c.dir/rosidl_typesupport_c/agx_arm_msgs/msg/move_mit_msg__type_support.cpp.o[0m
[ 40%] [32mBuilding CXX object CMakeFiles/agx_arm_msgs__rosidl_typesupport_introspection_cpp.dir/rosidl_typesupport_introspection_cpp/agx_arm_msgs/msg/detail/gripper_status__type_support.cpp.o[0m
[ 42%] [32m[1mLinking CXX shared library libagx_arm_msgs__rosidl_typesupport_c.so[0m
[ 43%] [32mBuilding CXX object CMakeFiles/agx_arm_msgs__rosidl_typesupport_fastrtps_cpp.dir/rosidl_typesupport_fastrtps_cpp/agx_arm_msgs/msg/detail/dds_fastrtps/agx_arm_status__type_support.cpp.o[0m
[ 43%] Built target agx_arm_msgs__rosidl_typesupport_c
[ 45%] [32mBuilding C object CMakeFiles/agx_arm_msgs__rosidl_typesupport_introspection_c.dir/rosidl_typesupport_introspection_c/agx_arm_msgs/msg/detail/agx_arm_status__type_support.c.o[0m
[ 46%] [32mBuilding CXX object CMakeFiles/agx_arm_msgs__rosidl_typesupport_introspection_cpp.dir/rosidl_typesupport_introspection_cpp/agx_arm_msgs/msg/detail/hand_status__type_support.cpp.o[0m
[ 47%] [32mBuilding CXX object CMakeFiles/agx_arm_msgs__rosidl_typesupport_introspection_cpp.dir/rosidl_typesupport_introspection_cpp/agx_arm_msgs/msg/detail/hand_cmd__type_support.cpp.o[0m
[ 49%] [32mBuilding CXX object CMakeFiles/agx_arm_msgs__rosidl_typesupport_fastrtps_cpp.dir/rosidl_typesupport_fastrtps_cpp/agx_arm_msgs/msg/detail/dds_fastrtps/gripper_status__type_support.cpp.o[0m
[ 50%] [32mBuilding CXX object CMakeFiles/agx_arm_msgs__rosidl_typesupport_fastrtps_cpp.dir/rosidl_typesupport_fastrtps_cpp/agx_arm_msgs/msg/detail/dds_fastrtps/hand_status__type_support.cpp.o[0m
[ 52%] [32mBuilding CXX object CMakeFiles/agx_arm_msgs__rosidl_typesupport_fastrtps_c.dir/rosidl_typesupport_fastrtps_c/agx_arm_msgs/msg/detail/agx_arm_status__type_support_c.cpp.o[0m
[ 53%] [32mBuilding CXX object CMakeFiles/agx_arm_msgs__rosidl_typesupport_fastrtps_cpp.dir/rosidl_typesupport_fastrtps_cpp/agx_arm_msgs/msg/detail/dds_fastrtps/hand_cmd__type_support.cpp.o[0m
[ 54%] [32mBuilding C object CMakeFiles/agx_arm_msgs__rosidl_typesupport_introspection_c.dir/rosidl_typesupport_introspection_c/agx_arm_msgs/msg/detail/gripper_status__type_support.c.o[0m
[ 56%] [32mBuilding CXX object CMakeFiles/agx_arm_msgs__rosidl_typesupport_fastrtps_cpp.dir/rosidl_typesupport_fastrtps_cpp/agx_arm_msgs/msg/detail/dds_fastrtps/hand_position_time_cmd__type_support.cpp.o[0m
[ 57%] [32m[1mLinking CXX shared library libagx_arm_msgs__rosidl_typesupport_cpp.so[0m
[ 59%] [32mBuilding C object CMakeFiles/agx_arm_msgs__rosidl_typesupport_introspection_c.dir/rosidl_typesupport_introspection_c/agx_arm_msgs/msg/detail/hand_status__type_support.c.o[0m
[ 59%] Built target agx_arm_msgs__rosidl_typesupport_cpp
[ 60%] [32mBuilding CXX object CMakeFiles/agx_arm_msgs__rosidl_typesupport_fastrtps_c.dir/rosidl_typesupport_fastrtps_c/agx_arm_msgs/msg/detail/gripper_status__type_support_c.cpp.o[0m
[ 61%] [32mBuilding C object CMakeFiles/agx_arm_msgs__rosidl_typesupport_introspection_c.dir/rosidl_typesupport_introspection_c/agx_arm_msgs/msg/detail/hand_cmd__type_support.c.o[0m
[ 63%] [32mBuilding C object CMakeFiles/agx_arm_msgs__rosidl_typesupport_introspection_c.dir/rosidl_typesupport_introspection_c/agx_arm_msgs/msg/detail/hand_position_time_cmd__type_support.c.o[0m
[ 64%] [32mBuilding C object CMakeFiles/agx_arm_msgs__rosidl_typesupport_introspection_c.dir/rosidl_typesupport_introspection_c/agx_arm_msgs/msg/detail/move_mit_msg__type_support.c.o[0m
[ 66%] [32m[1mLinking C shared library libagx_arm_msgs__rosidl_typesupport_introspection_c.so[0m
[ 66%] Built target agx_arm_msgs__rosidl_typesupport_introspection_c
[ 67%] [32mBuilding CXX object CMakeFiles/agx_arm_msgs__rosidl_typesupport_introspection_cpp.dir/rosidl_typesupport_introspection_cpp/agx_arm_msgs/msg/detail/hand_position_time_cmd__type_support.cpp.o[0m
[ 69%] [32mBuilding CXX object CMakeFiles/agx_arm_msgs__rosidl_typesupport_fastrtps_c.dir/rosidl_typesupport_fastrtps_c/agx_arm_msgs/msg/detail/hand_status__type_support_c.cpp.o[0m
[ 70%] [32mBuilding CXX object CMakeFiles/agx_arm_msgs__rosidl_typesupport_fastrtps_c.dir/rosidl_typesupport_fastrtps_c/agx_arm_msgs/msg/detail/hand_cmd__type_support_c.cpp.o[0m
[ 71%] [32mBuilding CXX object CMakeFiles/agx_arm_msgs__rosidl_typesupport_introspection_cpp.dir/rosidl_typesupport_introspection_cpp/agx_arm_msgs/msg/detail/move_mit_msg__type_support.cpp.o[0m
[ 73%] [32mBuilding CXX object CMakeFiles/agx_arm_msgs__rosidl_typesupport_fastrtps_c.dir/rosidl_typesupport_fastrtps_c/agx_arm_msgs/msg/detail/hand_position_time_cmd__type_support_c.cpp.o[0m
[ 74%] [32mBuilding CXX object CMakeFiles/agx_arm_msgs__rosidl_typesupport_fastrtps_cpp.dir/rosidl_typesupport_fastrtps_cpp/agx_arm_msgs/msg/detail/dds_fastrtps/move_mit_msg__type_support.cpp.o[0m
[ 76%] [32mBuilding CXX object CMakeFiles/agx_arm_msgs__rosidl_typesupport_fastrtps_c.dir/rosidl_typesupport_fastrtps_c/agx_arm_msgs/msg/detail/move_mit_msg__type_support_c.cpp.o[0m
[ 77%] [32m[1mLinking CXX shared library libagx_arm_msgs__rosidl_typesupport_fastrtps_c.so[0m
[ 77%] Built target agx_arm_msgs__rosidl_typesupport_fastrtps_c
[ 78%] [32m[1mLinking CXX shared library libagx_arm_msgs__rosidl_typesupport_introspection_cpp.so[0m
[ 80%] [32m[1mLinking CXX shared library libagx_arm_msgs__rosidl_typesupport_fastrtps_cpp.so[0m
[ 80%] Built target agx_arm_msgs__rosidl_typesupport_introspection_cpp
[ 80%] Built target agx_arm_msgs__rosidl_typesupport_fastrtps_cpp
[ 80%] Built target agx_arm_msgs
[ 81%] [34m[1mGenerating Python code for ROS interfaces[0m
[ 81%] Built target agx_arm_msgs__py
[ 88%] [32mBuilding C object CMakeFiles/agx_arm_msgs__rosidl_generator_py.dir/rosidl_generator_py/agx_arm_msgs/msg/_hand_cmd_s.c.o[0m
[ 88%] [32mBuilding C object CMakeFiles/agx_arm_msgs__rosidl_generator_py.dir/rosidl_generator_py/agx_arm_msgs/msg/_agx_arm_status_s.c.o[0m
[ 88%] [32mBuilding C object CMakeFiles/agx_arm_msgs__rosidl_generator_py.dir/rosidl_generator_py/agx_arm_msgs/msg/_move_mit_msg_s.c.o[0m
[ 88%] [32mBuilding C object CMakeFiles/agx_arm_msgs__rosidl_generator_py.dir/rosidl_generator_py/agx_arm_msgs/msg/_gripper_status_s.c.o[0m
[ 88%] [32mBuilding C object CMakeFiles/agx_arm_msgs__rosidl_generator_py.dir/rosidl_generator_py/agx_arm_msgs/msg/_hand_status_s.c.o[0m
[ 90%] [32mBuilding C object CMakeFiles/agx_arm_msgs__rosidl_generator_py.dir/rosidl_generator_py/agx_arm_msgs/msg/_hand_position_time_cmd_s.c.o[0m
[ 91%] [32m[1mLinking C shared library rosidl_generator_py/agx_arm_msgs/libagx_arm_msgs__rosidl_generator_py.so[0m
[ 91%] Built target agx_arm_msgs__rosidl_generator_py
[ 95%] [32mBuilding C object CMakeFiles/agx_arm_msgs__rosidl_typesupport_introspection_c__pyext.dir/rosidl_generator_py/agx_arm_msgs/_agx_arm_msgs_s.ep.rosidl_typesupport_introspection_c.c.o[0m
[ 95%] [32mBuilding C object CMakeFiles/agx_arm_msgs__rosidl_typesupport_c__pyext.dir/rosidl_generator_py/agx_arm_msgs/_agx_arm_msgs_s.ep.rosidl_typesupport_c.c.o[0m
[ 95%] [32mBuilding C object CMakeFiles/agx_arm_msgs__rosidl_typesupport_fastrtps_c__pyext.dir/rosidl_generator_py/agx_arm_msgs/_agx_arm_msgs_s.ep.rosidl_typesupport_fastrtps_c.c.o[0m
[100%] [32m[1mLinking C shared library rosidl_generator_py/agx_arm_msgs/agx_arm_msgs_s__rosidl_typesupport_introspection_c.cpython-310-x86_64-linux-gnu.so[0m
[100%] [32m[1mLinking C shared library rosidl_generator_py/agx_arm_msgs/agx_arm_msgs_s__rosidl_typesupport_c.cpython-310-x86_64-linux-gnu.so[0m
[100%] [32m[1mLinking C shared library rosidl_generator_py/agx_arm_msgs/agx_arm_msgs_s__rosidl_typesupport_fastrtps_c.cpython-310-x86_64-linux-gnu.so[0m
[100%] Built target agx_arm_msgs__rosidl_typesupport_fastrtps_c__pyext
[100%] Built target agx_arm_msgs__rosidl_typesupport_c__pyext
[100%] Built target agx_arm_msgs__rosidl_typesupport_introspection_c__pyext
-- Install configuration: ""
-- Installing: /home/flowing/piper/agx_arm_ws/install/agx_arm_msgs/share/ament_index/resource_index/rosidl_interfaces/agx_arm_msgs
-- Installing: /home/flowing/piper/agx_arm_ws/install/agx_arm_msgs/include/agx_arm_msgs/agx_arm_msgs
-- Installing: /home/flowing/piper/agx_arm_ws/install/agx_arm_msgs/include/agx_arm_msgs/agx_arm_msgs/msg
-- Installing: /home/flowing/piper/agx_arm_ws/install/agx_arm_msgs/include/agx_arm_msgs/agx_arm_msgs/msg/hand_cmd.h
-- Installing: /home/flowing/piper/agx_arm_ws/install/agx_arm_msgs/include/agx_arm_msgs/agx_arm_msgs/msg/gripper_status.h
-- Installing: /home/flowing/piper/agx_arm_ws/install/agx_arm_msgs/include/agx_arm_msgs/agx_arm_msgs/msg/hand_status.h
-- Installing: /home/flowing/piper/agx_arm_ws/install/agx_arm_msgs/include/agx_arm_msgs/agx_arm_msgs/msg/rosidl_generator_c__visibility_control.h
-- Installing: /home/flowing/piper/agx_arm_ws/install/agx_arm_msgs/include/agx_arm_msgs/agx_arm_msgs/msg/detail
-- Installing: /home/flowing/piper/agx_arm_ws/install/agx_arm_msgs/include/agx_arm_msgs/agx_arm_msgs/msg/detail/hand_cmd__functions.h
-- Installing: /home/flowing/piper/agx_arm_ws/install/agx_arm_msgs/include/agx_arm_msgs/agx_arm_msgs/msg/detail/gripper_status__functions.h
-- Installing: /home/flowing/piper/agx_arm_ws/install/agx_arm_msgs/include/agx_arm_msgs/agx_arm_msgs/msg/detail/hand_cmd__type_support.h
-- Installing: /home/flowing/piper/agx_arm_ws/install/agx_arm_msgs/include/agx_arm_msgs/agx_arm_msgs/msg/detail/gripper_status__functions.c
-- Installing: /home/flowing/piper/agx_arm_ws/install/agx_arm_msgs/include/agx_arm_msgs/agx_arm_msgs/msg/detail/hand_status__functions.h
-- Installing: /home/flowing/piper/agx_arm_ws/install/agx_arm_msgs/include/agx_arm_msgs/agx_arm_msgs/msg/detail/hand_position_time_cmd__functions.h
-- Installing: /home/flowing/piper/agx_arm_ws/install/agx_arm_msgs/include/agx_arm_msgs/agx_arm_msgs/msg/detail/hand_position_time_cmd__struct.h
-- Installing: /home/flowing/piper/agx_arm_ws/install/agx_arm_msgs/include/agx_arm_msgs/agx_arm_msgs/msg/detail/hand_cmd__functions.c
-- Installing: /home/flowing/piper/agx_arm_ws/install/agx_arm_msgs/include/agx_arm_msgs/agx_arm_msgs/msg/detail/gripper_status__struct.h
-- Installing: /home/flowing/piper/agx_arm_ws/install/agx_arm_msgs/include/agx_arm_msgs/agx_arm_msgs/msg/detail/move_mit_msg__struct.h
-- Installing: /home/flowing/piper/agx_arm_ws/install/agx_arm_msgs/include/agx_arm_msgs/agx_arm_msgs/msg/detail/agx_arm_status__type_support.h
-- Installing: /home/flowing/piper/agx_arm_ws/install/agx_arm_msgs/include/agx_arm_msgs/agx_arm_msgs/msg/detail/move_mit_msg__functions.h
-- Installing: /home/flowing/piper/agx_arm_ws/install/agx_arm_msgs/include/agx_arm_msgs/agx_arm_msgs/msg/detail/hand_status__struct.h
-- Installing: /home/flowing/piper/agx_arm_ws/install/agx_arm_msgs/include/agx_arm_msgs/agx_arm_msgs/msg/detail/hand_position_time_cmd__type_support.h
-- Installing: /home/flowing/piper/agx_arm_ws/install/agx_arm_msgs/include/agx_arm_msgs/agx_arm_msgs/msg/detail/hand_status__functions.c
-- Installing: /home/flowing/piper/agx_arm_ws/install/agx_arm_msgs/include/agx_arm_msgs/agx_arm_msgs/msg/detail/hand_position_time_cmd__functions.c
-- Installing: /home/flowing/piper/agx_arm_ws/install/agx_arm_msgs/include/agx_arm_msgs/agx_arm_msgs/msg/detail/agx_arm_status__struct.h
-- Installing: /home/flowing/piper/agx_arm_ws/install/agx_arm_msgs/include/agx_arm_msgs/agx_arm_msgs/msg/detail/move_mit_msg__type_support.h
-- Installing: /home/flowing/piper/agx_arm_ws/install/agx_arm_msgs/include/agx_arm_msgs/agx_arm_msgs/msg/detail/agx_arm_status__functions.c
-- Installing: /home/flowing/piper/agx_arm_ws/install/agx_arm_msgs/include/agx_arm_msgs/agx_arm_msgs/msg/detail/move_mit_msg__functions.c
-- Installing: /home/flowing/piper/agx_arm_ws/install/agx_arm_msgs/include/agx_arm_msgs/agx_arm_msgs/msg/detail/hand_cmd__struct.h
-- Installing: /home/flowing/piper/agx_arm_ws/install/agx_arm_msgs/include/agx_arm_msgs/agx_arm_msgs/msg/detail/hand_status__type_support.h
-- Installing: /home/flowing/piper/agx_arm_ws/install/agx_arm_msgs/include/agx_arm_msgs/agx_arm_msgs/msg/detail/agx_arm_status__functions.h
-- Installing: /home/flowing/piper/agx_arm_ws/install/agx_arm_msgs/include/agx_arm_msgs/agx_arm_msgs/msg/detail/gripper_status__type_support.h
-- Installing: /home/flowing/piper/agx_arm_ws/install/agx_arm_msgs/include/agx_arm_msgs/agx_arm_msgs/msg/move_mit_msg.h
-- Installing: /home/flowing/piper/agx_arm_ws/install/agx_arm_msgs/include/agx_arm_msgs/agx_arm_msgs/msg/hand_position_time_cmd.h
-- Installing: /home/flowing/piper/agx_arm_ws/install/agx_arm_msgs/include/agx_arm_msgs/agx_arm_msgs/msg/agx_arm_status.h
-- Installing: /home/flowing/piper/agx_arm_ws/install/agx_arm_msgs/share/agx_arm_msgs/environment/library_path.sh
-- Installing: /home/flowing/piper/agx_arm_ws/install/agx_arm_msgs/share/agx_arm_msgs/environment/library_path.dsv
-- Installing: /home/flowing/piper/agx_arm_ws/install/agx_arm_msgs/lib/libagx_arm_msgs__rosidl_generator_c.so
-- Set runtime path of "/home/flowing/piper/agx_arm_ws/install/agx_arm_msgs/lib/libagx_arm_msgs__rosidl_generator_c.so" to ""
-- Up-to-date: /home/flowing/piper/agx_arm_ws/install/agx_arm_msgs/include/agx_arm_msgs/agx_arm_msgs
-- Up-to-date: /home/flowing/piper/agx_arm_ws/install/agx_arm_msgs/include/agx_arm_msgs/agx_arm_msgs/msg
-- Up-to-date: /home/flowing/piper/agx_arm_ws/install/agx_arm_msgs/include/agx_arm_msgs/agx_arm_msgs/msg/detail
-- Installing: /home/flowing/piper/agx_arm_ws/install/agx_arm_msgs/include/agx_arm_msgs/agx_arm_msgs/msg/detail/move_mit_msg__rosidl_typesupport_fastrtps_c.h
-- Installing: /home/flowing/piper/agx_arm_ws/install/agx_arm_msgs/include/agx_arm_msgs/agx_arm_msgs/msg/detail/hand_cmd__rosidl_typesupport_fastrtps_c.h
-- Installing: /home/flowing/piper/agx_arm_ws/install/agx_arm_msgs/include/agx_arm_msgs/agx_arm_msgs/msg/detail/hand_position_time_cmd__rosidl_typesupport_fastrtps_c.h
-- Installing: /home/flowing/piper/agx_arm_ws/install/agx_arm_msgs/include/agx_arm_msgs/agx_arm_msgs/msg/detail/agx_arm_status__rosidl_typesupport_fastrtps_c.h
-- Installing: /home/flowing/piper/agx_arm_ws/install/agx_arm_msgs/include/agx_arm_msgs/agx_arm_msgs/msg/detail/gripper_status__rosidl_typesupport_fastrtps_c.h
-- Installing: /home/flowing/piper/agx_arm_ws/install/agx_arm_msgs/include/agx_arm_msgs/agx_arm_msgs/msg/detail/hand_status__rosidl_typesupport_fastrtps_c.h
-- Installing: /home/flowing/piper/agx_arm_ws/install/agx_arm_msgs/include/agx_arm_msgs/agx_arm_msgs/msg/rosidl_typesupport_fastrtps_c__visibility_control.h
-- Installing: /home/flowing/piper/agx_arm_ws/install/agx_arm_msgs/lib/libagx_arm_msgs__rosidl_typesupport_fastrtps_c.so
-- Set runtime path of "/home/flowing/piper/agx_arm_ws/install/agx_arm_msgs/lib/libagx_arm_msgs__rosidl_typesupport_fastrtps_c.so" to ""
-- Up-to-date: /home/flowing/piper/agx_arm_ws/install/agx_arm_msgs/include/agx_arm_msgs/agx_arm_msgs
-- Up-to-date: /home/flowing/piper/agx_arm_ws/install/agx_arm_msgs/include/agx_arm_msgs/agx_arm_msgs/msg
-- Up-to-date: /home/flowing/piper/agx_arm_ws/install/agx_arm_msgs/include/agx_arm_msgs/agx_arm_msgs/msg/detail
-- Installing: /home/flowing/piper/agx_arm_ws/install/agx_arm_msgs/include/agx_arm_msgs/agx_arm_msgs/msg/detail/agx_arm_status__rosidl_typesupport_introspection_c.h
-- Installing: /home/flowing/piper/agx_arm_ws/install/agx_arm_msgs/include/agx_arm_msgs/agx_arm_msgs/msg/detail/hand_cmd__type_support.c
-- Installing: /home/flowing/piper/agx_arm_ws/install/agx_arm_msgs/include/agx_arm_msgs/agx_arm_msgs/msg/detail/gripper_status__rosidl_typesupport_introspection_c.h
-- Installing: /home/flowing/piper/agx_arm_ws/install/agx_arm_msgs/include/agx_arm_msgs/agx_arm_msgs/msg/detail/gripper_status__type_support.c
-- Installing: /home/flowing/piper/agx_arm_ws/install/agx_arm_msgs/include/agx_arm_msgs/agx_arm_msgs/msg/detail/hand_cmd__rosidl_typesupport_introspection_c.h
-- Installing: /home/flowing/piper/agx_arm_ws/install/agx_arm_msgs/include/agx_arm_msgs/agx_arm_msgs/msg/detail/hand_status__type_support.c
-- Installing: /home/flowing/piper/agx_arm_ws/install/agx_arm_msgs/include/agx_arm_msgs/agx_arm_msgs/msg/detail/move_mit_msg__type_support.c
-- Installing: /home/flowing/piper/agx_arm_ws/install/agx_arm_msgs/include/agx_arm_msgs/agx_arm_msgs/msg/detail/agx_arm_status__type_support.c
-- Installing: /home/flowing/piper/agx_arm_ws/install/agx_arm_msgs/include/agx_arm_msgs/agx_arm_msgs/msg/detail/hand_status__rosidl_typesupport_introspection_c.h
-- Installing: /home/flowing/piper/agx_arm_ws/install/agx_arm_msgs/include/agx_arm_msgs/agx_arm_msgs/msg/detail/hand_position_time_cmd__type_support.c
-- Installing: /home/flowing/piper/agx_arm_ws/install/agx_arm_msgs/include/agx_arm_msgs/agx_arm_msgs/msg/detail/hand_position_time_cmd__rosidl_typesupport_introspection_c.h
-- Installing: /home/flowing/piper/agx_arm_ws/install/agx_arm_msgs/include/agx_arm_msgs/agx_arm_msgs/msg/detail/move_mit_msg__rosidl_typesupport_introspection_c.h
-- Installing: /home/flowing/piper/agx_arm_ws/install/agx_arm_msgs/include/agx_arm_msgs/agx_arm_msgs/msg/rosidl_typesupport_introspection_c__visibility_control.h
-- Installing: /home/flowing/piper/agx_arm_ws/install/agx_arm_msgs/lib/libagx_arm_msgs__rosidl_typesupport_introspection_c.so
-- Set runtime path of "/home/flowing/piper/agx_arm_ws/install/agx_arm_msgs/lib/libagx_arm_msgs__rosidl_typesupport_introspection_c.so" to ""
-- Installing: /home/flowing/piper/agx_arm_ws/install/agx_arm_msgs/lib/libagx_arm_msgs__rosidl_typesupport_c.so
-- Set runtime path of "/home/flowing/piper/agx_arm_ws/install/agx_arm_msgs/lib/libagx_arm_msgs__rosidl_typesupport_c.so" to ""
-- Up-to-date: /home/flowing/piper/agx_arm_ws/install/agx_arm_msgs/include/agx_arm_msgs/agx_arm_msgs
-- Up-to-date: /home/flowing/piper/agx_arm_ws/install/agx_arm_msgs/include/agx_arm_msgs/agx_arm_msgs/msg
-- Installing: /home/flowing/piper/agx_arm_ws/install/agx_arm_msgs/include/agx_arm_msgs/agx_arm_msgs/msg/rosidl_generator_cpp__visibility_control.hpp
-- Installing: /home/flowing/piper/agx_arm_ws/install/agx_arm_msgs/include/agx_arm_msgs/agx_arm_msgs/msg/hand_cmd.hpp
-- Installing: /home/flowing/piper/agx_arm_ws/install/agx_arm_msgs/include/agx_arm_msgs/agx_arm_msgs/msg/gripper_status.hpp
-- Installing: /home/flowing/piper/agx_arm_ws/install/agx_arm_msgs/include/agx_arm_msgs/agx_arm_msgs/msg/hand_status.hpp
-- Installing: /home/flowing/piper/agx_arm_ws/install/agx_arm_msgs/include/agx_arm_msgs/agx_arm_msgs/msg/agx_arm_status.hpp
-- Up-to-date: /home/flowing/piper/agx_arm_ws/install/agx_arm_msgs/include/agx_arm_msgs/agx_arm_msgs/msg/detail
-- Installing: /home/flowing/piper/agx_arm_ws/install/agx_arm_msgs/include/agx_arm_msgs/agx_arm_msgs/msg/detail/hand_status__type_support.hpp
-- Installing: /home/flowing/piper/agx_arm_ws/install/agx_arm_msgs/include/agx_arm_msgs/agx_arm_msgs/msg/detail/hand_cmd__type_support.hpp
-- Installing: /home/flowing/piper/agx_arm_ws/install/agx_arm_msgs/include/agx_arm_msgs/agx_arm_msgs/msg/detail/hand_cmd__struct.hpp
-- Installing: /home/flowing/piper/agx_arm_ws/install/agx_arm_msgs/include/agx_arm_msgs/agx_arm_msgs/msg/detail/move_mit_msg__builder.hpp
-- Installing: /home/flowing/piper/agx_arm_ws/install/agx_arm_msgs/include/agx_arm_msgs/agx_arm_msgs/msg/detail/hand_position_time_cmd__builder.hpp
-- Installing: /home/flowing/piper/agx_arm_ws/install/agx_arm_msgs/include/agx_arm_msgs/agx_arm_msgs/msg/detail/gripper_status__struct.hpp
-- Installing: /home/flowing/piper/agx_arm_ws/install/agx_arm_msgs/include/agx_arm_msgs/agx_arm_msgs/msg/detail/hand_cmd__traits.hpp
-- Installing: /home/flowing/piper/agx_arm_ws/install/agx_arm_msgs/include/agx_arm_msgs/agx_arm_msgs/msg/detail/hand_position_time_cmd__type_support.hpp
-- Installing: /home/flowing/piper/agx_arm_ws/install/agx_arm_msgs/include/agx_arm_msgs/agx_arm_msgs/msg/detail/agx_arm_status__type_support.hpp
-- Installing: /home/flowing/piper/agx_arm_ws/install/agx_arm_msgs/include/agx_arm_msgs/agx_arm_msgs/msg/detail/hand_status__builder.hpp
-- Installing: /home/flowing/piper/agx_arm_ws/install/agx_arm_msgs/include/agx_arm_msgs/agx_arm_msgs/msg/detail/move_mit_msg__traits.hpp
-- Installing: /home/flowing/piper/agx_arm_ws/install/agx_arm_msgs/include/agx_arm_msgs/agx_arm_msgs/msg/detail/agx_arm_status__traits.hpp
-- Installing: /home/flowing/piper/agx_arm_ws/install/agx_arm_msgs/include/agx_arm_msgs/agx_arm_msgs/msg/detail/gripper_status__type_support.hpp
-- Installing: /home/flowing/piper/agx_arm_ws/install/agx_arm_msgs/include/agx_arm_msgs/agx_arm_msgs/msg/detail/gripper_status__builder.hpp
-- Installing: /home/flowing/piper/agx_arm_ws/install/agx_arm_msgs/include/agx_arm_msgs/agx_arm_msgs/msg/detail/hand_position_time_cmd__struct.hpp
-- Installing: /home/flowing/piper/agx_arm_ws/install/agx_arm_msgs/include/agx_arm_msgs/agx_arm_msgs/msg/detail/gripper_status__traits.hpp
-- Installing: /home/flowing/piper/agx_arm_ws/install/agx_arm_msgs/include/agx_arm_msgs/agx_arm_msgs/msg/detail/hand_status__traits.hpp
-- Installing: /home/flowing/piper/agx_arm_ws/install/agx_arm_msgs/include/agx_arm_msgs/agx_arm_msgs/msg/detail/agx_arm_status__builder.hpp
-- Installing: /home/flowing/piper/agx_arm_ws/install/agx_arm_msgs/include/agx_arm_msgs/agx_arm_msgs/msg/detail/hand_cmd__builder.hpp
-- Installing: /home/flowing/piper/agx_arm_ws/install/agx_arm_msgs/include/agx_arm_msgs/agx_arm_msgs/msg/detail/move_mit_msg__struct.hpp
-- Installing: /home/flowing/piper/agx_arm_ws/install/agx_arm_msgs/include/agx_arm_msgs/agx_arm_msgs/msg/detail/agx_arm_status__struct.hpp
-- Installing: /home/flowing/piper/agx_arm_ws/install/agx_arm_msgs/include/agx_arm_msgs/agx_arm_msgs/msg/detail/move_mit_msg__type_support.hpp
-- Installing: /home/flowing/piper/agx_arm_ws/install/agx_arm_msgs/include/agx_arm_msgs/agx_arm_msgs/msg/detail/hand_position_time_cmd__traits.hpp
-- Installing: /home/flowing/piper/agx_arm_ws/install/agx_arm_msgs/include/agx_arm_msgs/agx_arm_msgs/msg/detail/hand_status__struct.hpp
-- Installing: /home/flowing/piper/agx_arm_ws/install/agx_arm_msgs/include/agx_arm_msgs/agx_arm_msgs/msg/move_mit_msg.hpp
-- Installing: /home/flowing/piper/agx_arm_ws/install/agx_arm_msgs/include/agx_arm_msgs/agx_arm_msgs/msg/hand_position_time_cmd.hpp
-- Up-to-date: /home/flowing/piper/agx_arm_ws/install/agx_arm_msgs/include/agx_arm_msgs/agx_arm_msgs
-- Up-to-date: /home/flowing/piper/agx_arm_ws/install/agx_arm_msgs/include/agx_arm_msgs/agx_arm_msgs/msg
-- Installing: /home/flowing/piper/agx_arm_ws/install/agx_arm_msgs/include/agx_arm_msgs/agx_arm_msgs/msg/rosidl_typesupport_fastrtps_cpp__visibility_control.h
-- Up-to-date: /home/flowing/piper/agx_arm_ws/install/agx_arm_msgs/include/agx_arm_msgs/agx_arm_msgs/msg/detail
-- Installing: /home/flowing/piper/agx_arm_ws/install/agx_arm_msgs/include/agx_arm_msgs/agx_arm_msgs/msg/detail/hand_position_time_cmd__rosidl_typesupport_fastrtps_cpp.hpp
-- Installing: /home/flowing/piper/agx_arm_ws/install/agx_arm_msgs/include/agx_arm_msgs/agx_arm_msgs/msg/detail/dds_fastrtps
-- Installing: /home/flowing/piper/agx_arm_ws/install/agx_arm_msgs/include/agx_arm_msgs/agx_arm_msgs/msg/detail/hand_status__rosidl_typesupport_fastrtps_cpp.hpp
-- Installing: /home/flowing/piper/agx_arm_ws/install/agx_arm_msgs/include/agx_arm_msgs/agx_arm_msgs/msg/detail/agx_arm_status__rosidl_typesupport_fastrtps_cpp.hpp
-- Installing: /home/flowing/piper/agx_arm_ws/install/agx_arm_msgs/include/agx_arm_msgs/agx_arm_msgs/msg/detail/gripper_status__rosidl_typesupport_fastrtps_cpp.hpp
-- Installing: /home/flowing/piper/agx_arm_ws/install/agx_arm_msgs/include/agx_arm_msgs/agx_arm_msgs/msg/detail/move_mit_msg__rosidl_typesupport_fastrtps_cpp.hpp
-- Installing: /home/flowing/piper/agx_arm_ws/install/agx_arm_msgs/include/agx_arm_msgs/agx_arm_msgs/msg/detail/hand_cmd__rosidl_typesupport_fastrtps_cpp.hpp
-- Installing: /home/flowing/piper/agx_arm_ws/install/agx_arm_msgs/lib/libagx_arm_msgs__rosidl_typesupport_fastrtps_cpp.so
-- Set runtime path of "/home/flowing/piper/agx_arm_ws/install/agx_arm_msgs/lib/libagx_arm_msgs__rosidl_typesupport_fastrtps_cpp.so" to ""
-- Up-to-date: /home/flowing/piper/agx_arm_ws/install/agx_arm_msgs/include/agx_arm_msgs/agx_arm_msgs
-- Up-to-date: /home/flowing/piper/agx_arm_ws/install/agx_arm_msgs/include/agx_arm_msgs/agx_arm_msgs/msg
-- Up-to-date: /home/flowing/piper/agx_arm_ws/install/agx_arm_msgs/include/agx_arm_msgs/agx_arm_msgs/msg/detail
-- Installing: /home/flowing/piper/agx_arm_ws/install/agx_arm_msgs/include/agx_arm_msgs/agx_arm_msgs/msg/detail/hand_position_time_cmd__type_support.cpp
-- Installing: /home/flowing/piper/agx_arm_ws/install/agx_arm_msgs/include/agx_arm_msgs/agx_arm_msgs/msg/detail/hand_status__rosidl_typesupport_introspection_cpp.hpp
-- Installing: /home/flowing/piper/agx_arm_ws/install/agx_arm_msgs/include/agx_arm_msgs/agx_arm_msgs/msg/detail/hand_position_time_cmd__rosidl_typesupport_introspection_cpp.hpp
-- Installing: /home/flowing/piper/agx_arm_ws/install/agx_arm_msgs/include/agx_arm_msgs/agx_arm_msgs/msg/detail/hand_status__type_support.cpp
-- Installing: /home/flowing/piper/agx_arm_ws/install/agx_arm_msgs/include/agx_arm_msgs/agx_arm_msgs/msg/detail/agx_arm_status__rosidl_typesupport_introspection_cpp.hpp
-- Installing: /home/flowing/piper/agx_arm_ws/install/agx_arm_msgs/include/agx_arm_msgs/agx_arm_msgs/msg/detail/gripper_status__rosidl_typesupport_introspection_cpp.hpp
-- Installing: /home/flowing/piper/agx_arm_ws/install/agx_arm_msgs/include/agx_arm_msgs/agx_arm_msgs/msg/detail/move_mit_msg__type_support.cpp
-- Installing: /home/flowing/piper/agx_arm_ws/install/agx_arm_msgs/include/agx_arm_msgs/agx_arm_msgs/msg/detail/move_mit_msg__rosidl_typesupport_introspection_cpp.hpp
-- Installing: /home/flowing/piper/agx_arm_ws/install/agx_arm_msgs/include/agx_arm_msgs/agx_arm_msgs/msg/detail/hand_cmd__rosidl_typesupport_introspection_cpp.hpp
-- Installing: /home/flowing/piper/agx_arm_ws/install/agx_arm_msgs/include/agx_arm_msgs/agx_arm_msgs/msg/detail/gripper_status__type_support.cpp
-- Installing: /home/flowing/piper/agx_arm_ws/install/agx_arm_msgs/include/agx_arm_msgs/agx_arm_msgs/msg/detail/hand_cmd__type_support.cpp
-- Installing: /home/flowing/piper/agx_arm_ws/install/agx_arm_msgs/include/agx_arm_msgs/agx_arm_msgs/msg/detail/agx_arm_status__type_support.cpp
-- Installing: /home/flowing/piper/agx_arm_ws/install/agx_arm_msgs/lib/libagx_arm_msgs__rosidl_typesupport_introspection_cpp.so
-- Set runtime path of "/home/flowing/piper/agx_arm_ws/install/agx_arm_msgs/lib/libagx_arm_msgs__rosidl_typesupport_introspection_cpp.so" to ""
-- Installing: /home/flowing/piper/agx_arm_ws/install/agx_arm_msgs/lib/libagx_arm_msgs__rosidl_typesupport_cpp.so
-- Set runtime path of "/home/flowing/piper/agx_arm_ws/install/agx_arm_msgs/lib/libagx_arm_msgs__rosidl_typesupport_cpp.so" to ""
-- Installing: /home/flowing/piper/agx_arm_ws/install/agx_arm_msgs/share/agx_arm_msgs/environment/pythonpath.sh
-- Installing: /home/flowing/piper/agx_arm_ws/install/agx_arm_msgs/share/agx_arm_msgs/environment/pythonpath.dsv
-- Installing: /home/flowing/piper/agx_arm_ws/install/agx_arm_msgs/local/lib/python3.10/dist-packages/agx_arm_msgs-0.0.0-py3.10.egg-info
-- Installing: /home/flowing/piper/agx_arm_ws/install/agx_arm_msgs/local/lib/python3.10/dist-packages/agx_arm_msgs-0.0.0-py3.10.egg-info/PKG-INFO
-- Installing: /home/flowing/piper/agx_arm_ws/install/agx_arm_msgs/local/lib/python3.10/dist-packages/agx_arm_msgs-0.0.0-py3.10.egg-info/dependency_links.txt
-- Installing: /home/flowing/piper/agx_arm_ws/install/agx_arm_msgs/local/lib/python3.10/dist-packages/agx_arm_msgs-0.0.0-py3.10.egg-info/SOURCES.txt
-- Installing: /home/flowing/piper/agx_arm_ws/install/agx_arm_msgs/local/lib/python3.10/dist-packages/agx_arm_msgs-0.0.0-py3.10.egg-info/top_level.txt
-- Installing: /home/flowing/piper/agx_arm_ws/install/agx_arm_msgs/local/lib/python3.10/dist-packages/agx_arm_msgs
-- Installing: /home/flowing/piper/agx_arm_ws/install/agx_arm_msgs/local/lib/python3.10/dist-packages/agx_arm_msgs/libagx_arm_msgs__rosidl_generator_py.so
-- Installing: /home/flowing/piper/agx_arm_ws/install/agx_arm_msgs/local/lib/python3.10/dist-packages/agx_arm_msgs/agx_arm_msgs_s__rosidl_typesupport_introspection_c.cpython-310-x86_64-linux-gnu.so
-- Installing: /home/flowing/piper/agx_arm_ws/install/agx_arm_msgs/local/lib/python3.10/dist-packages/agx_arm_msgs/_agx_arm_msgs_s.ep.rosidl_typesupport_fastrtps_c.c
-- Installing: /home/flowing/piper/agx_arm_ws/install/agx_arm_msgs/local/lib/python3.10/dist-packages/agx_arm_msgs/msg
-- Installing: /home/flowing/piper/agx_arm_ws/install/agx_arm_msgs/local/lib/python3.10/dist-packages/agx_arm_msgs/msg/_gripper_status.py
-- Installing: /home/flowing/piper/agx_arm_ws/install/agx_arm_msgs/local/lib/python3.10/dist-packages/agx_arm_msgs/msg/_move_mit_msg_s.c
-- Installing: /home/flowing/piper/agx_arm_ws/install/agx_arm_msgs/local/lib/python3.10/dist-packages/agx_arm_msgs/msg/_hand_position_time_cmd.py
-- Installing: /home/flowing/piper/agx_arm_ws/install/agx_arm_msgs/local/lib/python3.10/dist-packages/agx_arm_msgs/msg/_hand_status.py
-- Installing: /home/flowing/piper/agx_arm_ws/install/agx_arm_msgs/local/lib/python3.10/dist-packages/agx_arm_msgs/msg/_hand_cmd_s.c
-- Installing: /home/flowing/piper/agx_arm_ws/install/agx_arm_msgs/local/lib/python3.10/dist-packages/agx_arm_msgs/msg/_agx_arm_status_s.c
-- Installing: /home/flowing/piper/agx_arm_ws/install/agx_arm_msgs/local/lib/python3.10/dist-packages/agx_arm_msgs/msg/_agx_arm_status.py
-- Installing: /home/flowing/piper/agx_arm_ws/install/agx_arm_msgs/local/lib/python3.10/dist-packages/agx_arm_msgs/msg/_hand_status_s.c
-- Installing: /home/flowing/piper/agx_arm_ws/install/agx_arm_msgs/local/lib/python3.10/dist-packages/agx_arm_msgs/msg/_hand_cmd.py
-- Installing: /home/flowing/piper/agx_arm_ws/install/agx_arm_msgs/local/lib/python3.10/dist-packages/agx_arm_msgs/msg/_hand_position_time_cmd_s.c
-- Installing: /home/flowing/piper/agx_arm_ws/install/agx_arm_msgs/local/lib/python3.10/dist-packages/agx_arm_msgs/msg/__init__.py
-- Installing: /home/flowing/piper/agx_arm_ws/install/agx_arm_msgs/local/lib/python3.10/dist-packages/agx_arm_msgs/msg/_move_mit_msg.py
-- Installing: /home/flowing/piper/agx_arm_ws/install/agx_arm_msgs/local/lib/python3.10/dist-packages/agx_arm_msgs/msg/_gripper_status_s.c
-- Installing: /home/flowing/piper/agx_arm_ws/install/agx_arm_msgs/local/lib/python3.10/dist-packages/agx_arm_msgs/_agx_arm_msgs_s.ep.rosidl_typesupport_c.c
-- Installing: /home/flowing/piper/agx_arm_ws/install/agx_arm_msgs/local/lib/python3.10/dist-packages/agx_arm_msgs/_agx_arm_msgs_s.ep.rosidl_typesupport_introspection_c.c
-- Installing: /home/flowing/piper/agx_arm_ws/install/agx_arm_msgs/local/lib/python3.10/dist-packages/agx_arm_msgs/agx_arm_msgs_s__rosidl_typesupport_c.cpython-310-x86_64-linux-gnu.so
-- Installing: /home/flowing/piper/agx_arm_ws/install/agx_arm_msgs/local/lib/python3.10/dist-packages/agx_arm_msgs/__init__.py
-- Installing: /home/flowing/piper/agx_arm_ws/install/agx_arm_msgs/local/lib/python3.10/dist-packages/agx_arm_msgs/agx_arm_msgs_s__rosidl_typesupport_fastrtps_c.cpython-310-x86_64-linux-gnu.so
Listing '/home/flowing/piper/agx_arm_ws/install/agx_arm_msgs/local/lib/python3.10/dist-packages/agx_arm_msgs'...
Compiling '/home/flowing/piper/agx_arm_ws/install/agx_arm_msgs/local/lib/python3.10/dist-packages/agx_arm_msgs/__init__.py'...
Listing '/home/flowing/piper/agx_arm_ws/install/agx_arm_msgs/local/lib/python3.10/dist-packages/agx_arm_msgs/msg'...
Compiling '/home/flowing/piper/agx_arm_ws/install/agx_arm_msgs/local/lib/python3.10/dist-packages/agx_arm_msgs/msg/__init__.py'...
Compiling '/home/flowing/piper/agx_arm_ws/install/agx_arm_msgs/local/lib/python3.10/dist-packages/agx_arm_msgs/msg/_agx_arm_status.py'...
Compiling '/home/flowing/piper/agx_arm_ws/install/agx_arm_msgs/local/lib/python3.10/dist-packages/agx_arm_msgs/msg/_gripper_status.py'...
Compiling '/home/flowing/piper/agx_arm_ws/install/agx_arm_msgs/local/lib/python3.10/dist-packages/agx_arm_msgs/msg/_hand_cmd.py'...
Compiling '/home/flowing/piper/agx_arm_ws/install/agx_arm_msgs/local/lib/python3.10/dist-packages/agx_arm_msgs/msg/_hand_position_time_cmd.py'...
Compiling '/home/flowing/piper/agx_arm_ws/install/agx_arm_msgs/local/lib/python3.10/dist-packages/agx_arm_msgs/msg/_hand_status.py'...
Compiling '/home/flowing/piper/agx_arm_ws/install/agx_arm_msgs/local/lib/python3.10/dist-packages/agx_arm_msgs/msg/_move_mit_msg.py'...
-- Installing: /home/flowing/piper/agx_arm_ws/install/agx_arm_msgs/local/lib/python3.10/dist-packages/agx_arm_msgs/agx_arm_msgs_s__rosidl_typesupport_fastrtps_c.cpython-310-x86_64-linux-gnu.so
-- Set runtime path of "/home/flowing/piper/agx_arm_ws/install/agx_arm_msgs/local/lib/python3.10/dist-packages/agx_arm_msgs/agx_arm_msgs_s__rosidl_typesupport_fastrtps_c.cpython-310-x86_64-linux-gnu.so" to ""
-- Installing: /home/flowing/piper/agx_arm_ws/install/agx_arm_msgs/local/lib/python3.10/dist-packages/agx_arm_msgs/agx_arm_msgs_s__rosidl_typesupport_introspection_c.cpython-310-x86_64-linux-gnu.so
-- Set runtime path of "/home/flowing/piper/agx_arm_ws/install/agx_arm_msgs/local/lib/python3.10/dist-packages/agx_arm_msgs/agx_arm_msgs_s__rosidl_typesupport_introspection_c.cpython-310-x86_64-linux-gnu.so" to ""
-- Installing: /home/flowing/piper/agx_arm_ws/install/agx_arm_msgs/local/lib/python3.10/dist-packages/agx_arm_msgs/agx_arm_msgs_s__rosidl_typesupport_c.cpython-310-x86_64-linux-gnu.so
-- Set runtime path of "/home/flowing/piper/agx_arm_ws/install/agx_arm_msgs/local/lib/python3.10/dist-packages/agx_arm_msgs/agx_arm_msgs_s__rosidl_typesupport_c.cpython-310-x86_64-linux-gnu.so" to ""
-- Installing: /home/flowing/piper/agx_arm_ws/install/agx_arm_msgs/lib/libagx_arm_msgs__rosidl_generator_py.so
-- Set runtime path of "/home/flowing/piper/agx_arm_ws/install/agx_arm_msgs/lib/libagx_arm_msgs__rosidl_generator_py.so" to ""
-- Installing: /home/flowing/piper/agx_arm_ws/install/agx_arm_msgs/share/agx_arm_msgs/msg/AgxArmStatus.idl
-- Installing: /home/flowing/piper/agx_arm_ws/install/agx_arm_msgs/share/agx_arm_msgs/msg/GripperStatus.idl
-- Installing: /home/flowing/piper/agx_arm_ws/install/agx_arm_msgs/share/agx_arm_msgs/msg/HandStatus.idl
-- Installing: /home/flowing/piper/agx_arm_ws/install/agx_arm_msgs/share/agx_arm_msgs/msg/HandCmd.idl
-- Installing: /home/flowing/piper/agx_arm_ws/install/agx_arm_msgs/share/agx_arm_msgs/msg/HandPositionTimeCmd.idl
-- Installing: /home/flowing/piper/agx_arm_ws/install/agx_arm_msgs/share/agx_arm_msgs/msg/MoveMITMsg.idl
-- Installing: /home/flowing/piper/agx_arm_ws/install/agx_arm_msgs/share/agx_arm_msgs/msg/AgxArmStatus.msg
-- Installing: /home/flowing/piper/agx_arm_ws/install/agx_arm_msgs/share/agx_arm_msgs/msg/GripperStatus.msg
-- Installing: /home/flowing/piper/agx_arm_ws/install/agx_arm_msgs/share/agx_arm_msgs/msg/HandStatus.msg
-- Installing: /home/flowing/piper/agx_arm_ws/install/agx_arm_msgs/share/agx_arm_msgs/msg/HandCmd.msg
-- Installing: /home/flowing/piper/agx_arm_ws/install/agx_arm_msgs/share/agx_arm_msgs/msg/HandPositionTimeCmd.msg
-- Installing: /home/flowing/piper/agx_arm_ws/install/agx_arm_msgs/share/agx_arm_msgs/msg/MoveMITMsg.msg
-- Installing: /home/flowing/piper/agx_arm_ws/install/agx_arm_msgs/share/ament_index/resource_index/package_run_dependencies/agx_arm_msgs
-- Installing: /home/flowing/piper/agx_arm_ws/install/agx_arm_msgs/share/ament_index/resource_index/parent_prefix_path/agx_arm_msgs
-- Installing: /home/flowing/piper/agx_arm_ws/install/agx_arm_msgs/share/agx_arm_msgs/environment/ament_prefix_path.sh
-- Installing: /home/flowing/piper/agx_arm_ws/install/agx_arm_msgs/share/agx_arm_msgs/environment/ament_prefix_path.dsv
-- Installing: /home/flowing/piper/agx_arm_ws/install/agx_arm_msgs/share/agx_arm_msgs/environment/path.sh
-- Installing: /home/flowing/piper/agx_arm_ws/install/agx_arm_msgs/share/agx_arm_msgs/environment/path.dsv
-- Installing: /home/flowing/piper/agx_arm_ws/install/agx_arm_msgs/share/agx_arm_msgs/local_setup.bash
-- Installing: /home/flowing/piper/agx_arm_ws/install/agx_arm_msgs/share/agx_arm_msgs/local_setup.sh
-- Installing: /home/flowing/piper/agx_arm_ws/install/agx_arm_msgs/share/agx_arm_msgs/local_setup.zsh
-- Installing: /home/flowing/piper/agx_arm_ws/install/agx_arm_msgs/share/agx_arm_msgs/local_setup.dsv
-- Installing: /home/flowing/piper/agx_arm_ws/install/agx_arm_msgs/share/agx_arm_msgs/package.dsv
-- Installing: /home/flowing/piper/agx_arm_ws/install/agx_arm_msgs/share/ament_index/resource_index/packages/agx_arm_msgs
-- Installing: /home/flowing/piper/agx_arm_ws/install/agx_arm_msgs/share/agx_arm_msgs/cmake/export_agx_arm_msgs__rosidl_generator_cExport.cmake
-- Installing: /home/flowing/piper/agx_arm_ws/install/agx_arm_msgs/share/agx_arm_msgs/cmake/export_agx_arm_msgs__rosidl_generator_cExport-noconfig.cmake
-- Installing: /home/flowing/piper/agx_arm_ws/install/agx_arm_msgs/share/agx_arm_msgs/cmake/export_agx_arm_msgs__rosidl_typesupport_fastrtps_cExport.cmake
-- Installing: /home/flowing/piper/agx_arm_ws/install/agx_arm_msgs/share/agx_arm_msgs/cmake/export_agx_arm_msgs__rosidl_typesupport_fastrtps_cExport-noconfig.cmake
-- Installing: /home/flowing/piper/agx_arm_ws/install/agx_arm_msgs/share/agx_arm_msgs/cmake/agx_arm_msgs__rosidl_typesupport_introspection_cExport.cmake
-- Installing: /home/flowing/piper/agx_arm_ws/install/agx_arm_msgs/share/agx_arm_msgs/cmake/agx_arm_msgs__rosidl_typesupport_introspection_cExport-noconfig.cmake
-- Installing: /home/flowing/piper/agx_arm_ws/install/agx_arm_msgs/share/agx_arm_msgs/cmake/agx_arm_msgs__rosidl_typesupport_cExport.cmake
-- Installing: /home/flowing/piper/agx_arm_ws/install/agx_arm_msgs/share/agx_arm_msgs/cmake/agx_arm_msgs__rosidl_typesupport_cExport-noconfig.cmake
-- Installing: /home/flowing/piper/agx_arm_ws/install/agx_arm_msgs/share/agx_arm_msgs/cmake/export_agx_arm_msgs__rosidl_generator_cppExport.cmake
-- Installing: /home/flowing/piper/agx_arm_ws/install/agx_arm_msgs/share/agx_arm_msgs/cmake/export_agx_arm_msgs__rosidl_typesupport_fastrtps_cppExport.cmake
-- Installing: /home/flowing/piper/agx_arm_ws/install/agx_arm_msgs/share/agx_arm_msgs/cmake/export_agx_arm_msgs__rosidl_typesupport_fastrtps_cppExport-noconfig.cmake
-- Installing: /home/flowing/piper/agx_arm_ws/install/agx_arm_msgs/share/agx_arm_msgs/cmake/agx_arm_msgs__rosidl_typesupport_introspection_cppExport.cmake
-- Installing: /home/flowing/piper/agx_arm_ws/install/agx_arm_msgs/share/agx_arm_msgs/cmake/agx_arm_msgs__rosidl_typesupport_introspection_cppExport-noconfig.cmake
-- Installing: /home/flowing/piper/agx_arm_ws/install/agx_arm_msgs/share/agx_arm_msgs/cmake/agx_arm_msgs__rosidl_typesupport_cppExport.cmake
-- Installing: /home/flowing/piper/agx_arm_ws/install/agx_arm_msgs/share/agx_arm_msgs/cmake/agx_arm_msgs__rosidl_typesupport_cppExport-noconfig.cmake
-- Installing: /home/flowing/piper/agx_arm_ws/install/agx_arm_msgs/share/agx_arm_msgs/cmake/export_agx_arm_msgs__rosidl_generator_pyExport.cmake
-- Installing: /home/flowing/piper/agx_arm_ws/install/agx_arm_msgs/share/agx_arm_msgs/cmake/export_agx_arm_msgs__rosidl_generator_pyExport-noconfig.cmake
-- Installing: /home/flowing/piper/agx_arm_ws/install/agx_arm_msgs/share/agx_arm_msgs/cmake/rosidl_cmake-extras.cmake
-- Installing: /home/flowing/piper/agx_arm_ws/install/agx_arm_msgs/share/agx_arm_msgs/cmake/ament_cmake_export_dependencies-extras.cmake
-- Installing: /home/flowing/piper/agx_arm_ws/install/agx_arm_msgs/share/agx_arm_msgs/cmake/ament_cmake_export_include_directories-extras.cmake
-- Installing: /home/flowing/piper/agx_arm_ws/install/agx_arm_msgs/share/agx_arm_msgs/cmake/ament_cmake_export_libraries-extras.cmake
-- Installing: /home/flowing/piper/agx_arm_ws/install/agx_arm_msgs/share/agx_arm_msgs/cmake/ament_cmake_export_targets-extras.cmake
-- Installing: /home/flowing/piper/agx_arm_ws/install/agx_arm_msgs/share/agx_arm_msgs/cmake/rosidl_cmake_export_typesupport_targets-extras.cmake
-- Installing: /home/flowing/piper/agx_arm_ws/install/agx_arm_msgs/share/agx_arm_msgs/cmake/rosidl_cmake_export_typesupport_libraries-extras.cmake
-- Installing: /home/flowing/piper/agx_arm_ws/install/agx_arm_msgs/share/agx_arm_msgs/cmake/agx_arm_msgsConfig.cmake
-- Installing: /home/flowing/piper/agx_arm_ws/install/agx_arm_msgs/share/agx_arm_msgs/cmake/agx_arm_msgsConfig-version.cmake
-- Installing: /home/flowing/piper/agx_arm_ws/install/agx_arm_msgs/share/agx_arm_msgs/package.xml
