[0.007s] Invoking command in '/home/flowing/piper/agx_arm_ws/build/agx_arm_msgs': CMAKE_PREFIX_PATH=/opt/ros/humble /usr/bin/cmake /home/flowing/piper/agx_arm_ws/src/agx_arm_ros/src/agx_arm_msgs -DCMAKE_INSTALL_PREFIX=/home/flowing/piper/agx_arm_ws/install/agx_arm_msgs
[0.041s] -- The C compiler identification is GNU 11.4.0
[0.078s] -- The CXX compiler identification is GNU 11.4.0
[0.083s] -- Detecting C compiler ABI info
[0.129s] -- Detecting C compiler ABI info - done
[0.134s] -- Check for working C compiler: /usr/bin/cc - skipped
[0.135s] -- Detecting C compile features
[0.135s] -- Detecting C compile features - done
[0.137s] -- Detecting CXX compiler ABI info
[0.191s] -- Detecting CXX compiler ABI info - done
[0.201s] -- Check for working CXX compiler: /usr/bin/c++ - skipped
[0.201s] -- Detecting CXX compile features
[0.202s] -- Detecting CXX compile features - done
[0.204s] -- Found ament_cmake: 1.3.14 (/opt/ros/humble/share/ament_cmake/cmake)
[0.337s] -- Found Python3: /usr/bin/python3 (found version "3.10.12") found components: Interpreter 
[0.422s] -- Found rclpy: 3.3.21 (/opt/ros/humble/share/rclpy/cmake)
[0.424s] -- Found rosidl_default_generators: 1.2.0 (/opt/ros/humble/share/rosidl_default_generators/cmake)
[0.426s] -- Using all available rosidl_typesupport_c: rosidl_typesupport_fastrtps_c;rosidl_typesupport_introspection_c
[0.432s] -- Found rosidl_adapter: 3.1.8 (/opt/ros/humble/share/rosidl_adapter/cmake)
[0.467s] -- Using all available rosidl_typesupport_cpp: rosidl_typesupport_fastrtps_cpp;rosidl_typesupport_introspection_cpp
[0.502s] -- Found std_msgs: 4.9.1 (/opt/ros/humble/share/std_msgs/cmake)
[0.525s] -- Found geometry_msgs: 4.9.1 (/opt/ros/humble/share/geometry_msgs/cmake)
[0.833s] -- Found ament_cmake_ros: 0.10.0 (/opt/ros/humble/share/ament_cmake_ros/cmake)
[1.107s] -- Using all available rosidl_typesupport_c: rosidl_typesupport_fastrtps_c;rosidl_typesupport_introspection_c
[1.378s] -- Using all available rosidl_typesupport_cpp: rosidl_typesupport_fastrtps_cpp;rosidl_typesupport_introspection_cpp
[1.396s] -- Found PythonInterp: /usr/bin/python3 (found suitable version "3.10.12", minimum required is "3.6") 
[1.397s] -- Found python_cmake_module: 0.10.0 (/opt/ros/humble/share/python_cmake_module/cmake)
[1.421s] -- Found PythonLibs: /usr/lib/x86_64-linux-gnu/libpython3.10.so (found suitable version "3.10.12", minimum required is "3.5") 
[1.421s] -- Using PYTHON_EXECUTABLE: /usr/bin/python3
[1.421s] -- Using PYTHON_INCLUDE_DIRS: /usr/include/python3.10
[1.421s] -- Using PYTHON_LIBRARIES: /usr/lib/x86_64-linux-gnu/libpython3.10.so
[1.437s] -- Found PythonExtra: .so  
[1.483s] -- Found ament_lint_auto: 0.12.15 (/opt/ros/humble/share/ament_lint_auto/cmake)
[1.501s] -- Added test 'lint_cmake' to check CMake code style
[1.502s] -- Added test 'xmllint' to check XML markup files
[1.503s] -- Configuring done
[1.545s] -- Generating done
[1.562s] -- Build files have been written to: /home/flowing/piper/agx_arm_ws/build/agx_arm_msgs
[1.568s] Invoked command in '/home/flowing/piper/agx_arm_ws/build/agx_arm_msgs' returned '0': CMAKE_PREFIX_PATH=/opt/ros/humble /usr/bin/cmake /home/flowing/piper/agx_arm_ws/src/agx_arm_ros/src/agx_arm_msgs -DCMAKE_INSTALL_PREFIX=/home/flowing/piper/agx_arm_ws/install/agx_arm_msgs
[1.569s] Invoking command in '/home/flowing/piper/agx_arm_ws/build/agx_arm_msgs': CMAKE_PREFIX_PATH=/opt/ros/humble /usr/bin/cmake --build /home/flowing/piper/agx_arm_ws/build/agx_arm_msgs -- -j12 -l12
[1.596s] [  1%] [34m[1mGenerating C code for ROS interfaces[0m
[1.603s] [  2%] [34m[1mGenerating C++ code for ROS interfaces[0m
[1.608s] [  2%] Built target ament_cmake_python_copy_agx_arm_msgs
[1.838s] running egg_info
[1.838s] creating agx_arm_msgs.egg-info
[1.838s] writing agx_arm_msgs.egg-info/PKG-INFO
[1.839s] writing dependency_links to agx_arm_msgs.egg-info/dependency_links.txt
[1.839s] writing top-level names to agx_arm_msgs.egg-info/top_level.txt
[1.839s] writing manifest file 'agx_arm_msgs.egg-info/SOURCES.txt'
[1.841s] reading manifest file 'agx_arm_msgs.egg-info/SOURCES.txt'
[1.841s] writing manifest file 'agx_arm_msgs.egg-info/SOURCES.txt'
[1.863s] [  2%] Built target ament_cmake_python_build_agx_arm_msgs_egg
[2.545s] [  8%] [32mBuilding C object CMakeFiles/agx_arm_msgs__rosidl_generator_c.dir/rosidl_generator_c/agx_arm_msgs/msg/detail/hand_position_time_cmd__functions.c.o[0m
[2.545s] [  8%] [32mBuilding C object CMakeFiles/agx_arm_msgs__rosidl_generator_c.dir/rosidl_generator_c/agx_arm_msgs/msg/detail/gripper_status__functions.c.o[0m
[2.545s] [  8%] [32mBuilding C object CMakeFiles/agx_arm_msgs__rosidl_generator_c.dir/rosidl_generator_c/agx_arm_msgs/msg/detail/move_mit_msg__functions.c.o[0m
[2.545s] [  8%] [32mBuilding C object CMakeFiles/agx_arm_msgs__rosidl_generator_c.dir/rosidl_generator_c/agx_arm_msgs/msg/detail/hand_status__functions.c.o[0m
[2.545s] [  9%] [32mBuilding C object CMakeFiles/agx_arm_msgs__rosidl_generator_c.dir/rosidl_generator_c/agx_arm_msgs/msg/detail/agx_arm_status__functions.c.o[0m
[2.546s] [ 11%] [32mBuilding C object CMakeFiles/agx_arm_msgs__rosidl_generator_c.dir/rosidl_generator_c/agx_arm_msgs/msg/detail/hand_cmd__functions.c.o[0m
[2.605s] [ 11%] Built target agx_arm_msgs__cpp
[2.609s] [ 12%] [32m[1mLinking C shared library libagx_arm_msgs__rosidl_generator_c.so[0m
[2.614s] [ 15%] [34m[1mGenerating C++ type support for eProsima Fast-RTPS[0m
[2.614s] [ 15%] [34m[1mGenerating C++ type support dispatch for ROS interfaces[0m
[2.614s] [ 16%] [34m[1mGenerating C++ introspection for ROS interfaces[0m
[2.640s] [ 16%] Built target agx_arm_msgs__rosidl_generator_c
[2.649s] [ 19%] [34m[1mGenerating C introspection for ROS interfaces[0m
[2.649s] [ 19%] [34m[1mGenerating C type support for eProsima Fast-RTPS[0m
[2.650s] [ 21%] [34m[1mGenerating C type support dispatch for ROS interfaces[0m
[3.554s] [ 23%] [32mBuilding CXX object CMakeFiles/agx_arm_msgs__rosidl_typesupport_cpp.dir/rosidl_typesupport_cpp/agx_arm_msgs/msg/hand_cmd__type_support.cpp.o[0m
[3.554s] [ 23%] [32mBuilding CXX object CMakeFiles/agx_arm_msgs__rosidl_typesupport_cpp.dir/rosidl_typesupport_cpp/agx_arm_msgs/msg/agx_arm_status__type_support.cpp.o[0m
[3.554s] [ 25%] [32mBuilding CXX object CMakeFiles/agx_arm_msgs__rosidl_typesupport_cpp.dir/rosidl_typesupport_cpp/agx_arm_msgs/msg/hand_position_time_cmd__type_support.cpp.o[0m
[3.555s] [ 26%] [32mBuilding CXX object CMakeFiles/agx_arm_msgs__rosidl_typesupport_cpp.dir/rosidl_typesupport_cpp/agx_arm_msgs/msg/gripper_status__type_support.cpp.o[0m
[3.555s] [ 28%] [32mBuilding CXX object CMakeFiles/agx_arm_msgs__rosidl_typesupport_cpp.dir/rosidl_typesupport_cpp/agx_arm_msgs/msg/hand_status__type_support.cpp.o[0m
[3.555s] [ 29%] [32mBuilding CXX object CMakeFiles/agx_arm_msgs__rosidl_typesupport_cpp.dir/rosidl_typesupport_cpp/agx_arm_msgs/msg/move_mit_msg__type_support.cpp.o[0m
[3.682s] [ 30%] [32mBuilding CXX object CMakeFiles/agx_arm_msgs__rosidl_typesupport_c.dir/rosidl_typesupport_c/agx_arm_msgs/msg/agx_arm_status__type_support.cpp.o[0m
[3.689s] [ 32%] [32mBuilding CXX object CMakeFiles/agx_arm_msgs__rosidl_typesupport_c.dir/rosidl_typesupport_c/agx_arm_msgs/msg/gripper_status__type_support.cpp.o[0m
[3.694s] [ 33%] [32mBuilding CXX object CMakeFiles/agx_arm_msgs__rosidl_typesupport_introspection_cpp.dir/rosidl_typesupport_introspection_cpp/agx_arm_msgs/msg/detail/agx_arm_status__type_support.cpp.o[0m
[3.736s] [ 35%] [32mBuilding CXX object CMakeFiles/agx_arm_msgs__rosidl_typesupport_c.dir/rosidl_typesupport_c/agx_arm_msgs/msg/hand_status__type_support.cpp.o[0m
[3.748s] [ 36%] [32mBuilding CXX object CMakeFiles/agx_arm_msgs__rosidl_typesupport_c.dir/rosidl_typesupport_c/agx_arm_msgs/msg/hand_cmd__type_support.cpp.o[0m
[3.794s] [ 38%] [32mBuilding CXX object CMakeFiles/agx_arm_msgs__rosidl_typesupport_c.dir/rosidl_typesupport_c/agx_arm_msgs/msg/hand_position_time_cmd__type_support.cpp.o[0m
[3.795s] [ 39%] [32mBuilding CXX object CMakeFiles/agx_arm_msgs__rosidl_typesupport_c.dir/rosidl_typesupport_c/agx_arm_msgs/msg/move_mit_msg__type_support.cpp.o[0m
[3.848s] [ 40%] [32mBuilding CXX object CMakeFiles/agx_arm_msgs__rosidl_typesupport_introspection_cpp.dir/rosidl_typesupport_introspection_cpp/agx_arm_msgs/msg/detail/gripper_status__type_support.cpp.o[0m
[3.856s] [ 42%] [32m[1mLinking CXX shared library libagx_arm_msgs__rosidl_typesupport_c.so[0m
[3.910s] [ 43%] [32mBuilding CXX object CMakeFiles/agx_arm_msgs__rosidl_typesupport_fastrtps_cpp.dir/rosidl_typesupport_fastrtps_cpp/agx_arm_msgs/msg/detail/dds_fastrtps/agx_arm_status__type_support.cpp.o[0m
[3.925s] [ 43%] Built target agx_arm_msgs__rosidl_typesupport_c
[3.941s] [ 45%] [32mBuilding C object CMakeFiles/agx_arm_msgs__rosidl_typesupport_introspection_c.dir/rosidl_typesupport_introspection_c/agx_arm_msgs/msg/detail/agx_arm_status__type_support.c.o[0m
[3.947s] [ 46%] [32mBuilding CXX object CMakeFiles/agx_arm_msgs__rosidl_typesupport_introspection_cpp.dir/rosidl_typesupport_introspection_cpp/agx_arm_msgs/msg/detail/hand_status__type_support.cpp.o[0m
[3.948s] [ 47%] [32mBuilding CXX object CMakeFiles/agx_arm_msgs__rosidl_typesupport_introspection_cpp.dir/rosidl_typesupport_introspection_cpp/agx_arm_msgs/msg/detail/hand_cmd__type_support.cpp.o[0m
[3.960s] [ 49%] [32mBuilding CXX object CMakeFiles/agx_arm_msgs__rosidl_typesupport_fastrtps_cpp.dir/rosidl_typesupport_fastrtps_cpp/agx_arm_msgs/msg/detail/dds_fastrtps/gripper_status__type_support.cpp.o[0m
[3.964s] [ 50%] [32mBuilding CXX object CMakeFiles/agx_arm_msgs__rosidl_typesupport_fastrtps_cpp.dir/rosidl_typesupport_fastrtps_cpp/agx_arm_msgs/msg/detail/dds_fastrtps/hand_status__type_support.cpp.o[0m
[3.965s] [ 52%] [32mBuilding CXX object CMakeFiles/agx_arm_msgs__rosidl_typesupport_fastrtps_c.dir/rosidl_typesupport_fastrtps_c/agx_arm_msgs/msg/detail/agx_arm_status__type_support_c.cpp.o[0m
[3.974s] [ 53%] [32mBuilding CXX object CMakeFiles/agx_arm_msgs__rosidl_typesupport_fastrtps_cpp.dir/rosidl_typesupport_fastrtps_cpp/agx_arm_msgs/msg/detail/dds_fastrtps/hand_cmd__type_support.cpp.o[0m
[3.974s] [ 54%] [32mBuilding C object CMakeFiles/agx_arm_msgs__rosidl_typesupport_introspection_c.dir/rosidl_typesupport_introspection_c/agx_arm_msgs/msg/detail/gripper_status__type_support.c.o[0m
[4.002s] [ 56%] [32mBuilding CXX object CMakeFiles/agx_arm_msgs__rosidl_typesupport_fastrtps_cpp.dir/rosidl_typesupport_fastrtps_cpp/agx_arm_msgs/msg/detail/dds_fastrtps/hand_position_time_cmd__type_support.cpp.o[0m
[4.007s] [ 57%] [32m[1mLinking CXX shared library libagx_arm_msgs__rosidl_typesupport_cpp.so[0m
[4.042s] [ 59%] [32mBuilding C object CMakeFiles/agx_arm_msgs__rosidl_typesupport_introspection_c.dir/rosidl_typesupport_introspection_c/agx_arm_msgs/msg/detail/hand_status__type_support.c.o[0m
[4.086s] [ 59%] Built target agx_arm_msgs__rosidl_typesupport_cpp
[4.104s] [ 60%] [32mBuilding CXX object CMakeFiles/agx_arm_msgs__rosidl_typesupport_fastrtps_c.dir/rosidl_typesupport_fastrtps_c/agx_arm_msgs/msg/detail/gripper_status__type_support_c.cpp.o[0m
[4.109s] [ 61%] [32mBuilding C object CMakeFiles/agx_arm_msgs__rosidl_typesupport_introspection_c.dir/rosidl_typesupport_introspection_c/agx_arm_msgs/msg/detail/hand_cmd__type_support.c.o[0m
[4.161s] [ 63%] [32mBuilding C object CMakeFiles/agx_arm_msgs__rosidl_typesupport_introspection_c.dir/rosidl_typesupport_introspection_c/agx_arm_msgs/msg/detail/hand_position_time_cmd__type_support.c.o[0m
[4.245s] [ 64%] [32mBuilding C object CMakeFiles/agx_arm_msgs__rosidl_typesupport_introspection_c.dir/rosidl_typesupport_introspection_c/agx_arm_msgs/msg/detail/move_mit_msg__type_support.c.o[0m
[4.335s] [ 66%] [32m[1mLinking C shared library libagx_arm_msgs__rosidl_typesupport_introspection_c.so[0m
[4.415s] [ 66%] Built target agx_arm_msgs__rosidl_typesupport_introspection_c
[4.427s] [ 67%] [32mBuilding CXX object CMakeFiles/agx_arm_msgs__rosidl_typesupport_introspection_cpp.dir/rosidl_typesupport_introspection_cpp/agx_arm_msgs/msg/detail/hand_position_time_cmd__type_support.cpp.o[0m
[4.458s] [ 69%] [32mBuilding CXX object CMakeFiles/agx_arm_msgs__rosidl_typesupport_fastrtps_c.dir/rosidl_typesupport_fastrtps_c/agx_arm_msgs/msg/detail/hand_status__type_support_c.cpp.o[0m
[4.486s] [ 70%] [32mBuilding CXX object CMakeFiles/agx_arm_msgs__rosidl_typesupport_fastrtps_c.dir/rosidl_typesupport_fastrtps_c/agx_arm_msgs/msg/detail/hand_cmd__type_support_c.cpp.o[0m
[4.496s] [ 71%] [32mBuilding CXX object CMakeFiles/agx_arm_msgs__rosidl_typesupport_introspection_cpp.dir/rosidl_typesupport_introspection_cpp/agx_arm_msgs/msg/detail/move_mit_msg__type_support.cpp.o[0m
[4.528s] [ 73%] [32mBuilding CXX object CMakeFiles/agx_arm_msgs__rosidl_typesupport_fastrtps_c.dir/rosidl_typesupport_fastrtps_c/agx_arm_msgs/msg/detail/hand_position_time_cmd__type_support_c.cpp.o[0m
[4.530s] [ 74%] [32mBuilding CXX object CMakeFiles/agx_arm_msgs__rosidl_typesupport_fastrtps_cpp.dir/rosidl_typesupport_fastrtps_cpp/agx_arm_msgs/msg/detail/dds_fastrtps/move_mit_msg__type_support.cpp.o[0m
[4.543s] [ 76%] [32mBuilding CXX object CMakeFiles/agx_arm_msgs__rosidl_typesupport_fastrtps_c.dir/rosidl_typesupport_fastrtps_c/agx_arm_msgs/msg/detail/move_mit_msg__type_support_c.cpp.o[0m
[4.979s] [ 77%] [32m[1mLinking CXX shared library libagx_arm_msgs__rosidl_typesupport_fastrtps_c.so[0m
[5.050s] [ 77%] Built target agx_arm_msgs__rosidl_typesupport_fastrtps_c
[5.067s] [ 78%] [32m[1mLinking CXX shared library libagx_arm_msgs__rosidl_typesupport_introspection_cpp.so[0m
[5.072s] [ 80%] [32m[1mLinking CXX shared library libagx_arm_msgs__rosidl_typesupport_fastrtps_cpp.so[0m
[5.128s] [ 80%] Built target agx_arm_msgs__rosidl_typesupport_introspection_cpp
[5.136s] [ 80%] Built target agx_arm_msgs__rosidl_typesupport_fastrtps_cpp
[5.149s] [ 80%] Built target agx_arm_msgs
[5.163s] [ 81%] [34m[1mGenerating Python code for ROS interfaces[0m
[6.755s] [ 81%] Built target agx_arm_msgs__py
[6.769s] [ 88%] [32mBuilding C object CMakeFiles/agx_arm_msgs__rosidl_generator_py.dir/rosidl_generator_py/agx_arm_msgs/msg/_hand_cmd_s.c.o[0m
[6.769s] [ 88%] [32mBuilding C object CMakeFiles/agx_arm_msgs__rosidl_generator_py.dir/rosidl_generator_py/agx_arm_msgs/msg/_agx_arm_status_s.c.o[0m
[6.769s] [ 88%] [32mBuilding C object CMakeFiles/agx_arm_msgs__rosidl_generator_py.dir/rosidl_generator_py/agx_arm_msgs/msg/_move_mit_msg_s.c.o[0m
[6.769s] [ 88%] [32mBuilding C object CMakeFiles/agx_arm_msgs__rosidl_generator_py.dir/rosidl_generator_py/agx_arm_msgs/msg/_gripper_status_s.c.o[0m
[6.769s] [ 88%] [32mBuilding C object CMakeFiles/agx_arm_msgs__rosidl_generator_py.dir/rosidl_generator_py/agx_arm_msgs/msg/_hand_status_s.c.o[0m
[6.770s] [ 90%] [32mBuilding C object CMakeFiles/agx_arm_msgs__rosidl_generator_py.dir/rosidl_generator_py/agx_arm_msgs/msg/_hand_position_time_cmd_s.c.o[0m
[6.900s] [ 91%] [32m[1mLinking C shared library rosidl_generator_py/agx_arm_msgs/libagx_arm_msgs__rosidl_generator_py.so[0m
[6.929s] [ 91%] Built target agx_arm_msgs__rosidl_generator_py
[6.942s] [ 95%] [32mBuilding C object CMakeFiles/agx_arm_msgs__rosidl_typesupport_introspection_c__pyext.dir/rosidl_generator_py/agx_arm_msgs/_agx_arm_msgs_s.ep.rosidl_typesupport_introspection_c.c.o[0m
[6.943s] [ 95%] [32mBuilding C object CMakeFiles/agx_arm_msgs__rosidl_typesupport_c__pyext.dir/rosidl_generator_py/agx_arm_msgs/_agx_arm_msgs_s.ep.rosidl_typesupport_c.c.o[0m
[6.943s] [ 95%] [32mBuilding C object CMakeFiles/agx_arm_msgs__rosidl_typesupport_fastrtps_c__pyext.dir/rosidl_generator_py/agx_arm_msgs/_agx_arm_msgs_s.ep.rosidl_typesupport_fastrtps_c.c.o[0m
[7.018s] [100%] [32m[1mLinking C shared library rosidl_generator_py/agx_arm_msgs/agx_arm_msgs_s__rosidl_typesupport_introspection_c.cpython-310-x86_64-linux-gnu.so[0m
[7.018s] [100%] [32m[1mLinking C shared library rosidl_generator_py/agx_arm_msgs/agx_arm_msgs_s__rosidl_typesupport_c.cpython-310-x86_64-linux-gnu.so[0m
[7.018s] [100%] [32m[1mLinking C shared library rosidl_generator_py/agx_arm_msgs/agx_arm_msgs_s__rosidl_typesupport_fastrtps_c.cpython-310-x86_64-linux-gnu.so[0m
[7.045s] [100%] Built target agx_arm_msgs__rosidl_typesupport_fastrtps_c__pyext
[7.045s] [100%] Built target agx_arm_msgs__rosidl_typesupport_c__pyext
[7.045s] [100%] Built target agx_arm_msgs__rosidl_typesupport_introspection_c__pyext
[7.053s] Invoked command in '/home/flowing/piper/agx_arm_ws/build/agx_arm_msgs' returned '0': CMAKE_PREFIX_PATH=/opt/ros/humble /usr/bin/cmake --build /home/flowing/piper/agx_arm_ws/build/agx_arm_msgs -- -j12 -l12
[7.054s] Invoking command in '/home/flowing/piper/agx_arm_ws/build/agx_arm_msgs': CMAKE_PREFIX_PATH=/opt/ros/humble /usr/bin/cmake --install /home/flowing/piper/agx_arm_ws/build/agx_arm_msgs
[7.059s] -- Install configuration: ""
[7.059s] -- Installing: /home/flowing/piper/agx_arm_ws/install/agx_arm_msgs/share/ament_index/resource_index/rosidl_interfaces/agx_arm_msgs
[7.059s] -- Installing: /home/flowing/piper/agx_arm_ws/install/agx_arm_msgs/include/agx_arm_msgs/agx_arm_msgs
[7.059s] -- Installing: /home/flowing/piper/agx_arm_ws/install/agx_arm_msgs/include/agx_arm_msgs/agx_arm_msgs/msg
[7.059s] -- Installing: /home/flowing/piper/agx_arm_ws/install/agx_arm_msgs/include/agx_arm_msgs/agx_arm_msgs/msg/hand_cmd.h
[7.059s] -- Installing: /home/flowing/piper/agx_arm_ws/install/agx_arm_msgs/include/agx_arm_msgs/agx_arm_msgs/msg/gripper_status.h
[7.059s] -- Installing: /home/flowing/piper/agx_arm_ws/install/agx_arm_msgs/include/agx_arm_msgs/agx_arm_msgs/msg/hand_status.h
[7.060s] -- Installing: /home/flowing/piper/agx_arm_ws/install/agx_arm_msgs/include/agx_arm_msgs/agx_arm_msgs/msg/rosidl_generator_c__visibility_control.h
[7.060s] -- Installing: /home/flowing/piper/agx_arm_ws/install/agx_arm_msgs/include/agx_arm_msgs/agx_arm_msgs/msg/detail
[7.060s] -- Installing: /home/flowing/piper/agx_arm_ws/install/agx_arm_msgs/include/agx_arm_msgs/agx_arm_msgs/msg/detail/hand_cmd__functions.h
[7.060s] -- Installing: /home/flowing/piper/agx_arm_ws/install/agx_arm_msgs/include/agx_arm_msgs/agx_arm_msgs/msg/detail/gripper_status__functions.h
[7.060s] -- Installing: /home/flowing/piper/agx_arm_ws/install/agx_arm_msgs/include/agx_arm_msgs/agx_arm_msgs/msg/detail/hand_cmd__type_support.h
[7.060s] -- Installing: /home/flowing/piper/agx_arm_ws/install/agx_arm_msgs/include/agx_arm_msgs/agx_arm_msgs/msg/detail/gripper_status__functions.c
[7.060s] -- Installing: /home/flowing/piper/agx_arm_ws/install/agx_arm_msgs/include/agx_arm_msgs/agx_arm_msgs/msg/detail/hand_status__functions.h
[7.060s] -- Installing: /home/flowing/piper/agx_arm_ws/install/agx_arm_msgs/include/agx_arm_msgs/agx_arm_msgs/msg/detail/hand_position_time_cmd__functions.h
[7.060s] -- Installing: /home/flowing/piper/agx_arm_ws/install/agx_arm_msgs/include/agx_arm_msgs/agx_arm_msgs/msg/detail/hand_position_time_cmd__struct.h
[7.060s] -- Installing: /home/flowing/piper/agx_arm_ws/install/agx_arm_msgs/include/agx_arm_msgs/agx_arm_msgs/msg/detail/hand_cmd__functions.c
[7.060s] -- Installing: /home/flowing/piper/agx_arm_ws/install/agx_arm_msgs/include/agx_arm_msgs/agx_arm_msgs/msg/detail/gripper_status__struct.h
[7.060s] -- Installing: /home/flowing/piper/agx_arm_ws/install/agx_arm_msgs/include/agx_arm_msgs/agx_arm_msgs/msg/detail/move_mit_msg__struct.h
[7.060s] -- Installing: /home/flowing/piper/agx_arm_ws/install/agx_arm_msgs/include/agx_arm_msgs/agx_arm_msgs/msg/detail/agx_arm_status__type_support.h
[7.060s] -- Installing: /home/flowing/piper/agx_arm_ws/install/agx_arm_msgs/include/agx_arm_msgs/agx_arm_msgs/msg/detail/move_mit_msg__functions.h
[7.060s] -- Installing: /home/flowing/piper/agx_arm_ws/install/agx_arm_msgs/include/agx_arm_msgs/agx_arm_msgs/msg/detail/hand_status__struct.h
[7.060s] -- Installing: /home/flowing/piper/agx_arm_ws/install/agx_arm_msgs/include/agx_arm_msgs/agx_arm_msgs/msg/detail/hand_position_time_cmd__type_support.h
[7.060s] -- Installing: /home/flowing/piper/agx_arm_ws/install/agx_arm_msgs/include/agx_arm_msgs/agx_arm_msgs/msg/detail/hand_status__functions.c
[7.060s] -- Installing: /home/flowing/piper/agx_arm_ws/install/agx_arm_msgs/include/agx_arm_msgs/agx_arm_msgs/msg/detail/hand_position_time_cmd__functions.c
[7.060s] -- Installing: /home/flowing/piper/agx_arm_ws/install/agx_arm_msgs/include/agx_arm_msgs/agx_arm_msgs/msg/detail/agx_arm_status__struct.h
[7.060s] -- Installing: /home/flowing/piper/agx_arm_ws/install/agx_arm_msgs/include/agx_arm_msgs/agx_arm_msgs/msg/detail/move_mit_msg__type_support.h
[7.060s] -- Installing: /home/flowing/piper/agx_arm_ws/install/agx_arm_msgs/include/agx_arm_msgs/agx_arm_msgs/msg/detail/agx_arm_status__functions.c
[7.061s] -- Installing: /home/flowing/piper/agx_arm_ws/install/agx_arm_msgs/include/agx_arm_msgs/agx_arm_msgs/msg/detail/move_mit_msg__functions.c
[7.061s] -- Installing: /home/flowing/piper/agx_arm_ws/install/agx_arm_msgs/include/agx_arm_msgs/agx_arm_msgs/msg/detail/hand_cmd__struct.h
[7.061s] -- Installing: /home/flowing/piper/agx_arm_ws/install/agx_arm_msgs/include/agx_arm_msgs/agx_arm_msgs/msg/detail/hand_status__type_support.h
[7.061s] -- Installing: /home/flowing/piper/agx_arm_ws/install/agx_arm_msgs/include/agx_arm_msgs/agx_arm_msgs/msg/detail/agx_arm_status__functions.h
[7.061s] -- Installing: /home/flowing/piper/agx_arm_ws/install/agx_arm_msgs/include/agx_arm_msgs/agx_arm_msgs/msg/detail/gripper_status__type_support.h
[7.061s] -- Installing: /home/flowing/piper/agx_arm_ws/install/agx_arm_msgs/include/agx_arm_msgs/agx_arm_msgs/msg/move_mit_msg.h
[7.061s] -- Installing: /home/flowing/piper/agx_arm_ws/install/agx_arm_msgs/include/agx_arm_msgs/agx_arm_msgs/msg/hand_position_time_cmd.h
[7.061s] -- Installing: /home/flowing/piper/agx_arm_ws/install/agx_arm_msgs/include/agx_arm_msgs/agx_arm_msgs/msg/agx_arm_status.h
[7.061s] -- Installing: /home/flowing/piper/agx_arm_ws/install/agx_arm_msgs/share/agx_arm_msgs/environment/library_path.sh
[7.061s] -- Installing: /home/flowing/piper/agx_arm_ws/install/agx_arm_msgs/share/agx_arm_msgs/environment/library_path.dsv
[7.061s] -- Installing: /home/flowing/piper/agx_arm_ws/install/agx_arm_msgs/lib/libagx_arm_msgs__rosidl_generator_c.so
[7.061s] -- Set runtime path of "/home/flowing/piper/agx_arm_ws/install/agx_arm_msgs/lib/libagx_arm_msgs__rosidl_generator_c.so" to ""
[7.061s] -- Up-to-date: /home/flowing/piper/agx_arm_ws/install/agx_arm_msgs/include/agx_arm_msgs/agx_arm_msgs
[7.061s] -- Up-to-date: /home/flowing/piper/agx_arm_ws/install/agx_arm_msgs/include/agx_arm_msgs/agx_arm_msgs/msg
[7.061s] -- Up-to-date: /home/flowing/piper/agx_arm_ws/install/agx_arm_msgs/include/agx_arm_msgs/agx_arm_msgs/msg/detail
[7.062s] -- Installing: /home/flowing/piper/agx_arm_ws/install/agx_arm_msgs/include/agx_arm_msgs/agx_arm_msgs/msg/detail/move_mit_msg__rosidl_typesupport_fastrtps_c.h
[7.062s] -- Installing: /home/flowing/piper/agx_arm_ws/install/agx_arm_msgs/include/agx_arm_msgs/agx_arm_msgs/msg/detail/hand_cmd__rosidl_typesupport_fastrtps_c.h
[7.062s] -- Installing: /home/flowing/piper/agx_arm_ws/install/agx_arm_msgs/include/agx_arm_msgs/agx_arm_msgs/msg/detail/hand_position_time_cmd__rosidl_typesupport_fastrtps_c.h
[7.062s] -- Installing: /home/flowing/piper/agx_arm_ws/install/agx_arm_msgs/include/agx_arm_msgs/agx_arm_msgs/msg/detail/agx_arm_status__rosidl_typesupport_fastrtps_c.h
[7.062s] -- Installing: /home/flowing/piper/agx_arm_ws/install/agx_arm_msgs/include/agx_arm_msgs/agx_arm_msgs/msg/detail/gripper_status__rosidl_typesupport_fastrtps_c.h
[7.062s] -- Installing: /home/flowing/piper/agx_arm_ws/install/agx_arm_msgs/include/agx_arm_msgs/agx_arm_msgs/msg/detail/hand_status__rosidl_typesupport_fastrtps_c.h
[7.062s] -- Installing: /home/flowing/piper/agx_arm_ws/install/agx_arm_msgs/include/agx_arm_msgs/agx_arm_msgs/msg/rosidl_typesupport_fastrtps_c__visibility_control.h
[7.062s] -- Installing: /home/flowing/piper/agx_arm_ws/install/agx_arm_msgs/lib/libagx_arm_msgs__rosidl_typesupport_fastrtps_c.so
[7.062s] -- Set runtime path of "/home/flowing/piper/agx_arm_ws/install/agx_arm_msgs/lib/libagx_arm_msgs__rosidl_typesupport_fastrtps_c.so" to ""
[7.062s] -- Up-to-date: /home/flowing/piper/agx_arm_ws/install/agx_arm_msgs/include/agx_arm_msgs/agx_arm_msgs
[7.062s] -- Up-to-date: /home/flowing/piper/agx_arm_ws/install/agx_arm_msgs/include/agx_arm_msgs/agx_arm_msgs/msg
[7.062s] -- Up-to-date: /home/flowing/piper/agx_arm_ws/install/agx_arm_msgs/include/agx_arm_msgs/agx_arm_msgs/msg/detail
[7.062s] -- Installing: /home/flowing/piper/agx_arm_ws/install/agx_arm_msgs/include/agx_arm_msgs/agx_arm_msgs/msg/detail/agx_arm_status__rosidl_typesupport_introspection_c.h
[7.062s] -- Installing: /home/flowing/piper/agx_arm_ws/install/agx_arm_msgs/include/agx_arm_msgs/agx_arm_msgs/msg/detail/hand_cmd__type_support.c
[7.062s] -- Installing: /home/flowing/piper/agx_arm_ws/install/agx_arm_msgs/include/agx_arm_msgs/agx_arm_msgs/msg/detail/gripper_status__rosidl_typesupport_introspection_c.h
[7.062s] -- Installing: /home/flowing/piper/agx_arm_ws/install/agx_arm_msgs/include/agx_arm_msgs/agx_arm_msgs/msg/detail/gripper_status__type_support.c
[7.062s] -- Installing: /home/flowing/piper/agx_arm_ws/install/agx_arm_msgs/include/agx_arm_msgs/agx_arm_msgs/msg/detail/hand_cmd__rosidl_typesupport_introspection_c.h
[7.062s] -- Installing: /home/flowing/piper/agx_arm_ws/install/agx_arm_msgs/include/agx_arm_msgs/agx_arm_msgs/msg/detail/hand_status__type_support.c
[7.062s] -- Installing: /home/flowing/piper/agx_arm_ws/install/agx_arm_msgs/include/agx_arm_msgs/agx_arm_msgs/msg/detail/move_mit_msg__type_support.c
[7.062s] -- Installing: /home/flowing/piper/agx_arm_ws/install/agx_arm_msgs/include/agx_arm_msgs/agx_arm_msgs/msg/detail/agx_arm_status__type_support.c
[7.063s] -- Installing: /home/flowing/piper/agx_arm_ws/install/agx_arm_msgs/include/agx_arm_msgs/agx_arm_msgs/msg/detail/hand_status__rosidl_typesupport_introspection_c.h
[7.063s] -- Installing: /home/flowing/piper/agx_arm_ws/install/agx_arm_msgs/include/agx_arm_msgs/agx_arm_msgs/msg/detail/hand_position_time_cmd__type_support.c
[7.063s] -- Installing: /home/flowing/piper/agx_arm_ws/install/agx_arm_msgs/include/agx_arm_msgs/agx_arm_msgs/msg/detail/hand_position_time_cmd__rosidl_typesupport_introspection_c.h
[7.063s] -- Installing: /home/flowing/piper/agx_arm_ws/install/agx_arm_msgs/include/agx_arm_msgs/agx_arm_msgs/msg/detail/move_mit_msg__rosidl_typesupport_introspection_c.h
[7.063s] -- Installing: /home/flowing/piper/agx_arm_ws/install/agx_arm_msgs/include/agx_arm_msgs/agx_arm_msgs/msg/rosidl_typesupport_introspection_c__visibility_control.h
[7.063s] -- Installing: /home/flowing/piper/agx_arm_ws/install/agx_arm_msgs/lib/libagx_arm_msgs__rosidl_typesupport_introspection_c.so
[7.063s] -- Set runtime path of "/home/flowing/piper/agx_arm_ws/install/agx_arm_msgs/lib/libagx_arm_msgs__rosidl_typesupport_introspection_c.so" to ""
[7.063s] -- Installing: /home/flowing/piper/agx_arm_ws/install/agx_arm_msgs/lib/libagx_arm_msgs__rosidl_typesupport_c.so
[7.063s] -- Set runtime path of "/home/flowing/piper/agx_arm_ws/install/agx_arm_msgs/lib/libagx_arm_msgs__rosidl_typesupport_c.so" to ""
[7.063s] -- Up-to-date: /home/flowing/piper/agx_arm_ws/install/agx_arm_msgs/include/agx_arm_msgs/agx_arm_msgs
[7.063s] -- Up-to-date: /home/flowing/piper/agx_arm_ws/install/agx_arm_msgs/include/agx_arm_msgs/agx_arm_msgs/msg
[7.063s] -- Installing: /home/flowing/piper/agx_arm_ws/install/agx_arm_msgs/include/agx_arm_msgs/agx_arm_msgs/msg/rosidl_generator_cpp__visibility_control.hpp
[7.063s] -- Installing: /home/flowing/piper/agx_arm_ws/install/agx_arm_msgs/include/agx_arm_msgs/agx_arm_msgs/msg/hand_cmd.hpp
[7.063s] -- Installing: /home/flowing/piper/agx_arm_ws/install/agx_arm_msgs/include/agx_arm_msgs/agx_arm_msgs/msg/gripper_status.hpp
[7.063s] -- Installing: /home/flowing/piper/agx_arm_ws/install/agx_arm_msgs/include/agx_arm_msgs/agx_arm_msgs/msg/hand_status.hpp
[7.064s] -- Installing: /home/flowing/piper/agx_arm_ws/install/agx_arm_msgs/include/agx_arm_msgs/agx_arm_msgs/msg/agx_arm_status.hpp
[7.064s] -- Up-to-date: /home/flowing/piper/agx_arm_ws/install/agx_arm_msgs/include/agx_arm_msgs/agx_arm_msgs/msg/detail
[7.064s] -- Installing: /home/flowing/piper/agx_arm_ws/install/agx_arm_msgs/include/agx_arm_msgs/agx_arm_msgs/msg/detail/hand_status__type_support.hpp
[7.064s] -- Installing: /home/flowing/piper/agx_arm_ws/install/agx_arm_msgs/include/agx_arm_msgs/agx_arm_msgs/msg/detail/hand_cmd__type_support.hpp
[7.064s] -- Installing: /home/flowing/piper/agx_arm_ws/install/agx_arm_msgs/include/agx_arm_msgs/agx_arm_msgs/msg/detail/hand_cmd__struct.hpp
[7.064s] -- Installing: /home/flowing/piper/agx_arm_ws/install/agx_arm_msgs/include/agx_arm_msgs/agx_arm_msgs/msg/detail/move_mit_msg__builder.hpp
[7.064s] -- Installing: /home/flowing/piper/agx_arm_ws/install/agx_arm_msgs/include/agx_arm_msgs/agx_arm_msgs/msg/detail/hand_position_time_cmd__builder.hpp
[7.064s] -- Installing: /home/flowing/piper/agx_arm_ws/install/agx_arm_msgs/include/agx_arm_msgs/agx_arm_msgs/msg/detail/gripper_status__struct.hpp
[7.064s] -- Installing: /home/flowing/piper/agx_arm_ws/install/agx_arm_msgs/include/agx_arm_msgs/agx_arm_msgs/msg/detail/hand_cmd__traits.hpp
[7.064s] -- Installing: /home/flowing/piper/agx_arm_ws/install/agx_arm_msgs/include/agx_arm_msgs/agx_arm_msgs/msg/detail/hand_position_time_cmd__type_support.hpp
[7.064s] -- Installing: /home/flowing/piper/agx_arm_ws/install/agx_arm_msgs/include/agx_arm_msgs/agx_arm_msgs/msg/detail/agx_arm_status__type_support.hpp
[7.064s] -- Installing: /home/flowing/piper/agx_arm_ws/install/agx_arm_msgs/include/agx_arm_msgs/agx_arm_msgs/msg/detail/hand_status__builder.hpp
[7.064s] -- Installing: /home/flowing/piper/agx_arm_ws/install/agx_arm_msgs/include/agx_arm_msgs/agx_arm_msgs/msg/detail/move_mit_msg__traits.hpp
[7.064s] -- Installing: /home/flowing/piper/agx_arm_ws/install/agx_arm_msgs/include/agx_arm_msgs/agx_arm_msgs/msg/detail/agx_arm_status__traits.hpp
[7.064s] -- Installing: /home/flowing/piper/agx_arm_ws/install/agx_arm_msgs/include/agx_arm_msgs/agx_arm_msgs/msg/detail/gripper_status__type_support.hpp
[7.064s] -- Installing: /home/flowing/piper/agx_arm_ws/install/agx_arm_msgs/include/agx_arm_msgs/agx_arm_msgs/msg/detail/gripper_status__builder.hpp
[7.064s] -- Installing: /home/flowing/piper/agx_arm_ws/install/agx_arm_msgs/include/agx_arm_msgs/agx_arm_msgs/msg/detail/hand_position_time_cmd__struct.hpp
[7.064s] -- Installing: /home/flowing/piper/agx_arm_ws/install/agx_arm_msgs/include/agx_arm_msgs/agx_arm_msgs/msg/detail/gripper_status__traits.hpp
[7.064s] -- Installing: /home/flowing/piper/agx_arm_ws/install/agx_arm_msgs/include/agx_arm_msgs/agx_arm_msgs/msg/detail/hand_status__traits.hpp
[7.064s] -- Installing: /home/flowing/piper/agx_arm_ws/install/agx_arm_msgs/include/agx_arm_msgs/agx_arm_msgs/msg/detail/agx_arm_status__builder.hpp
[7.064s] -- Installing: /home/flowing/piper/agx_arm_ws/install/agx_arm_msgs/include/agx_arm_msgs/agx_arm_msgs/msg/detail/hand_cmd__builder.hpp
[7.065s] -- Installing: /home/flowing/piper/agx_arm_ws/install/agx_arm_msgs/include/agx_arm_msgs/agx_arm_msgs/msg/detail/move_mit_msg__struct.hpp
[7.065s] -- Installing: /home/flowing/piper/agx_arm_ws/install/agx_arm_msgs/include/agx_arm_msgs/agx_arm_msgs/msg/detail/agx_arm_status__struct.hpp
[7.065s] -- Installing: /home/flowing/piper/agx_arm_ws/install/agx_arm_msgs/include/agx_arm_msgs/agx_arm_msgs/msg/detail/move_mit_msg__type_support.hpp
[7.065s] -- Installing: /home/flowing/piper/agx_arm_ws/install/agx_arm_msgs/include/agx_arm_msgs/agx_arm_msgs/msg/detail/hand_position_time_cmd__traits.hpp
[7.065s] -- Installing: /home/flowing/piper/agx_arm_ws/install/agx_arm_msgs/include/agx_arm_msgs/agx_arm_msgs/msg/detail/hand_status__struct.hpp
[7.065s] -- Installing: /home/flowing/piper/agx_arm_ws/install/agx_arm_msgs/include/agx_arm_msgs/agx_arm_msgs/msg/move_mit_msg.hpp
[7.065s] -- Installing: /home/flowing/piper/agx_arm_ws/install/agx_arm_msgs/include/agx_arm_msgs/agx_arm_msgs/msg/hand_position_time_cmd.hpp
[7.065s] -- Up-to-date: /home/flowing/piper/agx_arm_ws/install/agx_arm_msgs/include/agx_arm_msgs/agx_arm_msgs
[7.065s] -- Up-to-date: /home/flowing/piper/agx_arm_ws/install/agx_arm_msgs/include/agx_arm_msgs/agx_arm_msgs/msg
[7.065s] -- Installing: /home/flowing/piper/agx_arm_ws/install/agx_arm_msgs/include/agx_arm_msgs/agx_arm_msgs/msg/rosidl_typesupport_fastrtps_cpp__visibility_control.h
[7.065s] -- Up-to-date: /home/flowing/piper/agx_arm_ws/install/agx_arm_msgs/include/agx_arm_msgs/agx_arm_msgs/msg/detail
[7.065s] -- Installing: /home/flowing/piper/agx_arm_ws/install/agx_arm_msgs/include/agx_arm_msgs/agx_arm_msgs/msg/detail/hand_position_time_cmd__rosidl_typesupport_fastrtps_cpp.hpp
[7.065s] -- Installing: /home/flowing/piper/agx_arm_ws/install/agx_arm_msgs/include/agx_arm_msgs/agx_arm_msgs/msg/detail/dds_fastrtps
[7.065s] -- Installing: /home/flowing/piper/agx_arm_ws/install/agx_arm_msgs/include/agx_arm_msgs/agx_arm_msgs/msg/detail/hand_status__rosidl_typesupport_fastrtps_cpp.hpp
[7.065s] -- Installing: /home/flowing/piper/agx_arm_ws/install/agx_arm_msgs/include/agx_arm_msgs/agx_arm_msgs/msg/detail/agx_arm_status__rosidl_typesupport_fastrtps_cpp.hpp
[7.065s] -- Installing: /home/flowing/piper/agx_arm_ws/install/agx_arm_msgs/include/agx_arm_msgs/agx_arm_msgs/msg/detail/gripper_status__rosidl_typesupport_fastrtps_cpp.hpp
[7.065s] -- Installing: /home/flowing/piper/agx_arm_ws/install/agx_arm_msgs/include/agx_arm_msgs/agx_arm_msgs/msg/detail/move_mit_msg__rosidl_typesupport_fastrtps_cpp.hpp
[7.065s] -- Installing: /home/flowing/piper/agx_arm_ws/install/agx_arm_msgs/include/agx_arm_msgs/agx_arm_msgs/msg/detail/hand_cmd__rosidl_typesupport_fastrtps_cpp.hpp
[7.065s] -- Installing: /home/flowing/piper/agx_arm_ws/install/agx_arm_msgs/lib/libagx_arm_msgs__rosidl_typesupport_fastrtps_cpp.so
[7.066s] -- Set runtime path of "/home/flowing/piper/agx_arm_ws/install/agx_arm_msgs/lib/libagx_arm_msgs__rosidl_typesupport_fastrtps_cpp.so" to ""
[7.066s] -- Up-to-date: /home/flowing/piper/agx_arm_ws/install/agx_arm_msgs/include/agx_arm_msgs/agx_arm_msgs
[7.066s] -- Up-to-date: /home/flowing/piper/agx_arm_ws/install/agx_arm_msgs/include/agx_arm_msgs/agx_arm_msgs/msg
[7.066s] -- Up-to-date: /home/flowing/piper/agx_arm_ws/install/agx_arm_msgs/include/agx_arm_msgs/agx_arm_msgs/msg/detail
[7.066s] -- Installing: /home/flowing/piper/agx_arm_ws/install/agx_arm_msgs/include/agx_arm_msgs/agx_arm_msgs/msg/detail/hand_position_time_cmd__type_support.cpp
[7.066s] -- Installing: /home/flowing/piper/agx_arm_ws/install/agx_arm_msgs/include/agx_arm_msgs/agx_arm_msgs/msg/detail/hand_status__rosidl_typesupport_introspection_cpp.hpp
[7.066s] -- Installing: /home/flowing/piper/agx_arm_ws/install/agx_arm_msgs/include/agx_arm_msgs/agx_arm_msgs/msg/detail/hand_position_time_cmd__rosidl_typesupport_introspection_cpp.hpp
[7.066s] -- Installing: /home/flowing/piper/agx_arm_ws/install/agx_arm_msgs/include/agx_arm_msgs/agx_arm_msgs/msg/detail/hand_status__type_support.cpp
[7.066s] -- Installing: /home/flowing/piper/agx_arm_ws/install/agx_arm_msgs/include/agx_arm_msgs/agx_arm_msgs/msg/detail/agx_arm_status__rosidl_typesupport_introspection_cpp.hpp
[7.066s] -- Installing: /home/flowing/piper/agx_arm_ws/install/agx_arm_msgs/include/agx_arm_msgs/agx_arm_msgs/msg/detail/gripper_status__rosidl_typesupport_introspection_cpp.hpp
[7.066s] -- Installing: /home/flowing/piper/agx_arm_ws/install/agx_arm_msgs/include/agx_arm_msgs/agx_arm_msgs/msg/detail/move_mit_msg__type_support.cpp
[7.066s] -- Installing: /home/flowing/piper/agx_arm_ws/install/agx_arm_msgs/include/agx_arm_msgs/agx_arm_msgs/msg/detail/move_mit_msg__rosidl_typesupport_introspection_cpp.hpp
[7.066s] -- Installing: /home/flowing/piper/agx_arm_ws/install/agx_arm_msgs/include/agx_arm_msgs/agx_arm_msgs/msg/detail/hand_cmd__rosidl_typesupport_introspection_cpp.hpp
[7.066s] -- Installing: /home/flowing/piper/agx_arm_ws/install/agx_arm_msgs/include/agx_arm_msgs/agx_arm_msgs/msg/detail/gripper_status__type_support.cpp
[7.066s] -- Installing: /home/flowing/piper/agx_arm_ws/install/agx_arm_msgs/include/agx_arm_msgs/agx_arm_msgs/msg/detail/hand_cmd__type_support.cpp
[7.066s] -- Installing: /home/flowing/piper/agx_arm_ws/install/agx_arm_msgs/include/agx_arm_msgs/agx_arm_msgs/msg/detail/agx_arm_status__type_support.cpp
[7.066s] -- Installing: /home/flowing/piper/agx_arm_ws/install/agx_arm_msgs/lib/libagx_arm_msgs__rosidl_typesupport_introspection_cpp.so
[7.067s] -- Set runtime path of "/home/flowing/piper/agx_arm_ws/install/agx_arm_msgs/lib/libagx_arm_msgs__rosidl_typesupport_introspection_cpp.so" to ""
[7.067s] -- Installing: /home/flowing/piper/agx_arm_ws/install/agx_arm_msgs/lib/libagx_arm_msgs__rosidl_typesupport_cpp.so
[7.067s] -- Set runtime path of "/home/flowing/piper/agx_arm_ws/install/agx_arm_msgs/lib/libagx_arm_msgs__rosidl_typesupport_cpp.so" to ""
[7.067s] -- Installing: /home/flowing/piper/agx_arm_ws/install/agx_arm_msgs/share/agx_arm_msgs/environment/pythonpath.sh
[7.067s] -- Installing: /home/flowing/piper/agx_arm_ws/install/agx_arm_msgs/share/agx_arm_msgs/environment/pythonpath.dsv
[7.067s] -- Installing: /home/flowing/piper/agx_arm_ws/install/agx_arm_msgs/local/lib/python3.10/dist-packages/agx_arm_msgs-0.0.0-py3.10.egg-info
[7.067s] -- Installing: /home/flowing/piper/agx_arm_ws/install/agx_arm_msgs/local/lib/python3.10/dist-packages/agx_arm_msgs-0.0.0-py3.10.egg-info/PKG-INFO
[7.067s] -- Installing: /home/flowing/piper/agx_arm_ws/install/agx_arm_msgs/local/lib/python3.10/dist-packages/agx_arm_msgs-0.0.0-py3.10.egg-info/dependency_links.txt
[7.067s] -- Installing: /home/flowing/piper/agx_arm_ws/install/agx_arm_msgs/local/lib/python3.10/dist-packages/agx_arm_msgs-0.0.0-py3.10.egg-info/SOURCES.txt
[7.067s] -- Installing: /home/flowing/piper/agx_arm_ws/install/agx_arm_msgs/local/lib/python3.10/dist-packages/agx_arm_msgs-0.0.0-py3.10.egg-info/top_level.txt
[7.067s] -- Installing: /home/flowing/piper/agx_arm_ws/install/agx_arm_msgs/local/lib/python3.10/dist-packages/agx_arm_msgs
[7.067s] -- Installing: /home/flowing/piper/agx_arm_ws/install/agx_arm_msgs/local/lib/python3.10/dist-packages/agx_arm_msgs/libagx_arm_msgs__rosidl_generator_py.so
[7.068s] -- Installing: /home/flowing/piper/agx_arm_ws/install/agx_arm_msgs/local/lib/python3.10/dist-packages/agx_arm_msgs/agx_arm_msgs_s__rosidl_typesupport_introspection_c.cpython-310-x86_64-linux-gnu.so
[7.068s] -- Installing: /home/flowing/piper/agx_arm_ws/install/agx_arm_msgs/local/lib/python3.10/dist-packages/agx_arm_msgs/_agx_arm_msgs_s.ep.rosidl_typesupport_fastrtps_c.c
[7.068s] -- Installing: /home/flowing/piper/agx_arm_ws/install/agx_arm_msgs/local/lib/python3.10/dist-packages/agx_arm_msgs/msg
[7.068s] -- Installing: /home/flowing/piper/agx_arm_ws/install/agx_arm_msgs/local/lib/python3.10/dist-packages/agx_arm_msgs/msg/_gripper_status.py
[7.068s] -- Installing: /home/flowing/piper/agx_arm_ws/install/agx_arm_msgs/local/lib/python3.10/dist-packages/agx_arm_msgs/msg/_move_mit_msg_s.c
[7.068s] -- Installing: /home/flowing/piper/agx_arm_ws/install/agx_arm_msgs/local/lib/python3.10/dist-packages/agx_arm_msgs/msg/_hand_position_time_cmd.py
[7.068s] -- Installing: /home/flowing/piper/agx_arm_ws/install/agx_arm_msgs/local/lib/python3.10/dist-packages/agx_arm_msgs/msg/_hand_status.py
[7.068s] -- Installing: /home/flowing/piper/agx_arm_ws/install/agx_arm_msgs/local/lib/python3.10/dist-packages/agx_arm_msgs/msg/_hand_cmd_s.c
[7.068s] -- Installing: /home/flowing/piper/agx_arm_ws/install/agx_arm_msgs/local/lib/python3.10/dist-packages/agx_arm_msgs/msg/_agx_arm_status_s.c
[7.068s] -- Installing: /home/flowing/piper/agx_arm_ws/install/agx_arm_msgs/local/lib/python3.10/dist-packages/agx_arm_msgs/msg/_agx_arm_status.py
[7.068s] -- Installing: /home/flowing/piper/agx_arm_ws/install/agx_arm_msgs/local/lib/python3.10/dist-packages/agx_arm_msgs/msg/_hand_status_s.c
[7.068s] -- Installing: /home/flowing/piper/agx_arm_ws/install/agx_arm_msgs/local/lib/python3.10/dist-packages/agx_arm_msgs/msg/_hand_cmd.py
[7.068s] -- Installing: /home/flowing/piper/agx_arm_ws/install/agx_arm_msgs/local/lib/python3.10/dist-packages/agx_arm_msgs/msg/_hand_position_time_cmd_s.c
[7.068s] -- Installing: /home/flowing/piper/agx_arm_ws/install/agx_arm_msgs/local/lib/python3.10/dist-packages/agx_arm_msgs/msg/__init__.py
[7.068s] -- Installing: /home/flowing/piper/agx_arm_ws/install/agx_arm_msgs/local/lib/python3.10/dist-packages/agx_arm_msgs/msg/_move_mit_msg.py
[7.068s] -- Installing: /home/flowing/piper/agx_arm_ws/install/agx_arm_msgs/local/lib/python3.10/dist-packages/agx_arm_msgs/msg/_gripper_status_s.c
[7.069s] -- Installing: /home/flowing/piper/agx_arm_ws/install/agx_arm_msgs/local/lib/python3.10/dist-packages/agx_arm_msgs/_agx_arm_msgs_s.ep.rosidl_typesupport_c.c
[7.069s] -- Installing: /home/flowing/piper/agx_arm_ws/install/agx_arm_msgs/local/lib/python3.10/dist-packages/agx_arm_msgs/_agx_arm_msgs_s.ep.rosidl_typesupport_introspection_c.c
[7.069s] -- Installing: /home/flowing/piper/agx_arm_ws/install/agx_arm_msgs/local/lib/python3.10/dist-packages/agx_arm_msgs/agx_arm_msgs_s__rosidl_typesupport_c.cpython-310-x86_64-linux-gnu.so
[7.069s] -- Installing: /home/flowing/piper/agx_arm_ws/install/agx_arm_msgs/local/lib/python3.10/dist-packages/agx_arm_msgs/__init__.py
[7.069s] -- Installing: /home/flowing/piper/agx_arm_ws/install/agx_arm_msgs/local/lib/python3.10/dist-packages/agx_arm_msgs/agx_arm_msgs_s__rosidl_typesupport_fastrtps_c.cpython-310-x86_64-linux-gnu.so
[7.098s] Listing '/home/flowing/piper/agx_arm_ws/install/agx_arm_msgs/local/lib/python3.10/dist-packages/agx_arm_msgs'...
[7.098s] Compiling '/home/flowing/piper/agx_arm_ws/install/agx_arm_msgs/local/lib/python3.10/dist-packages/agx_arm_msgs/__init__.py'...
[7.098s] Listing '/home/flowing/piper/agx_arm_ws/install/agx_arm_msgs/local/lib/python3.10/dist-packages/agx_arm_msgs/msg'...
[7.098s] Compiling '/home/flowing/piper/agx_arm_ws/install/agx_arm_msgs/local/lib/python3.10/dist-packages/agx_arm_msgs/msg/__init__.py'...
[7.098s] Compiling '/home/flowing/piper/agx_arm_ws/install/agx_arm_msgs/local/lib/python3.10/dist-packages/agx_arm_msgs/msg/_agx_arm_status.py'...
[7.098s] Compiling '/home/flowing/piper/agx_arm_ws/install/agx_arm_msgs/local/lib/python3.10/dist-packages/agx_arm_msgs/msg/_gripper_status.py'...
[7.098s] Compiling '/home/flowing/piper/agx_arm_ws/install/agx_arm_msgs/local/lib/python3.10/dist-packages/agx_arm_msgs/msg/_hand_cmd.py'...
[7.098s] Compiling '/home/flowing/piper/agx_arm_ws/install/agx_arm_msgs/local/lib/python3.10/dist-packages/agx_arm_msgs/msg/_hand_position_time_cmd.py'...
[7.098s] Compiling '/home/flowing/piper/agx_arm_ws/install/agx_arm_msgs/local/lib/python3.10/dist-packages/agx_arm_msgs/msg/_hand_status.py'...
[7.098s] Compiling '/home/flowing/piper/agx_arm_ws/install/agx_arm_msgs/local/lib/python3.10/dist-packages/agx_arm_msgs/msg/_move_mit_msg.py'...
[7.101s] -- Installing: /home/flowing/piper/agx_arm_ws/install/agx_arm_msgs/local/lib/python3.10/dist-packages/agx_arm_msgs/agx_arm_msgs_s__rosidl_typesupport_fastrtps_c.cpython-310-x86_64-linux-gnu.so
[7.101s] -- Set runtime path of "/home/flowing/piper/agx_arm_ws/install/agx_arm_msgs/local/lib/python3.10/dist-packages/agx_arm_msgs/agx_arm_msgs_s__rosidl_typesupport_fastrtps_c.cpython-310-x86_64-linux-gnu.so" to ""
[7.101s] -- Installing: /home/flowing/piper/agx_arm_ws/install/agx_arm_msgs/local/lib/python3.10/dist-packages/agx_arm_msgs/agx_arm_msgs_s__rosidl_typesupport_introspection_c.cpython-310-x86_64-linux-gnu.so
[7.101s] -- Set runtime path of "/home/flowing/piper/agx_arm_ws/install/agx_arm_msgs/local/lib/python3.10/dist-packages/agx_arm_msgs/agx_arm_msgs_s__rosidl_typesupport_introspection_c.cpython-310-x86_64-linux-gnu.so" to ""
[7.101s] -- Installing: /home/flowing/piper/agx_arm_ws/install/agx_arm_msgs/local/lib/python3.10/dist-packages/agx_arm_msgs/agx_arm_msgs_s__rosidl_typesupport_c.cpython-310-x86_64-linux-gnu.so
[7.102s] -- Set runtime path of "/home/flowing/piper/agx_arm_ws/install/agx_arm_msgs/local/lib/python3.10/dist-packages/agx_arm_msgs/agx_arm_msgs_s__rosidl_typesupport_c.cpython-310-x86_64-linux-gnu.so" to ""
[7.102s] -- Installing: /home/flowing/piper/agx_arm_ws/install/agx_arm_msgs/lib/libagx_arm_msgs__rosidl_generator_py.so
[7.102s] -- Set runtime path of "/home/flowing/piper/agx_arm_ws/install/agx_arm_msgs/lib/libagx_arm_msgs__rosidl_generator_py.so" to ""
[7.102s] -- Installing: /home/flowing/piper/agx_arm_ws/install/agx_arm_msgs/share/agx_arm_msgs/msg/AgxArmStatus.idl
[7.102s] -- Installing: /home/flowing/piper/agx_arm_ws/install/agx_arm_msgs/share/agx_arm_msgs/msg/GripperStatus.idl
[7.102s] -- Installing: /home/flowing/piper/agx_arm_ws/install/agx_arm_msgs/share/agx_arm_msgs/msg/HandStatus.idl
[7.102s] -- Installing: /home/flowing/piper/agx_arm_ws/install/agx_arm_msgs/share/agx_arm_msgs/msg/HandCmd.idl
[7.102s] -- Installing: /home/flowing/piper/agx_arm_ws/install/agx_arm_msgs/share/agx_arm_msgs/msg/HandPositionTimeCmd.idl
[7.102s] -- Installing: /home/flowing/piper/agx_arm_ws/install/agx_arm_msgs/share/agx_arm_msgs/msg/MoveMITMsg.idl
[7.102s] -- Installing: /home/flowing/piper/agx_arm_ws/install/agx_arm_msgs/share/agx_arm_msgs/msg/AgxArmStatus.msg
[7.102s] -- Installing: /home/flowing/piper/agx_arm_ws/install/agx_arm_msgs/share/agx_arm_msgs/msg/GripperStatus.msg
[7.102s] -- Installing: /home/flowing/piper/agx_arm_ws/install/agx_arm_msgs/share/agx_arm_msgs/msg/HandStatus.msg
[7.102s] -- Installing: /home/flowing/piper/agx_arm_ws/install/agx_arm_msgs/share/agx_arm_msgs/msg/HandCmd.msg
[7.102s] -- Installing: /home/flowing/piper/agx_arm_ws/install/agx_arm_msgs/share/agx_arm_msgs/msg/HandPositionTimeCmd.msg
[7.103s] -- Installing: /home/flowing/piper/agx_arm_ws/install/agx_arm_msgs/share/agx_arm_msgs/msg/MoveMITMsg.msg
[7.103s] -- Installing: /home/flowing/piper/agx_arm_ws/install/agx_arm_msgs/share/ament_index/resource_index/package_run_dependencies/agx_arm_msgs
[7.103s] -- Installing: /home/flowing/piper/agx_arm_ws/install/agx_arm_msgs/share/ament_index/resource_index/parent_prefix_path/agx_arm_msgs
[7.103s] -- Installing: /home/flowing/piper/agx_arm_ws/install/agx_arm_msgs/share/agx_arm_msgs/environment/ament_prefix_path.sh
[7.103s] -- Installing: /home/flowing/piper/agx_arm_ws/install/agx_arm_msgs/share/agx_arm_msgs/environment/ament_prefix_path.dsv
[7.103s] -- Installing: /home/flowing/piper/agx_arm_ws/install/agx_arm_msgs/share/agx_arm_msgs/environment/path.sh
[7.103s] -- Installing: /home/flowing/piper/agx_arm_ws/install/agx_arm_msgs/share/agx_arm_msgs/environment/path.dsv
[7.103s] -- Installing: /home/flowing/piper/agx_arm_ws/install/agx_arm_msgs/share/agx_arm_msgs/local_setup.bash
[7.103s] -- Installing: /home/flowing/piper/agx_arm_ws/install/agx_arm_msgs/share/agx_arm_msgs/local_setup.sh
[7.103s] -- Installing: /home/flowing/piper/agx_arm_ws/install/agx_arm_msgs/share/agx_arm_msgs/local_setup.zsh
[7.103s] -- Installing: /home/flowing/piper/agx_arm_ws/install/agx_arm_msgs/share/agx_arm_msgs/local_setup.dsv
[7.103s] -- Installing: /home/flowing/piper/agx_arm_ws/install/agx_arm_msgs/share/agx_arm_msgs/package.dsv
[7.103s] -- Installing: /home/flowing/piper/agx_arm_ws/install/agx_arm_msgs/share/ament_index/resource_index/packages/agx_arm_msgs
[7.103s] -- Installing: /home/flowing/piper/agx_arm_ws/install/agx_arm_msgs/share/agx_arm_msgs/cmake/export_agx_arm_msgs__rosidl_generator_cExport.cmake
[7.104s] -- Installing: /home/flowing/piper/agx_arm_ws/install/agx_arm_msgs/share/agx_arm_msgs/cmake/export_agx_arm_msgs__rosidl_generator_cExport-noconfig.cmake
[7.104s] -- Installing: /home/flowing/piper/agx_arm_ws/install/agx_arm_msgs/share/agx_arm_msgs/cmake/export_agx_arm_msgs__rosidl_typesupport_fastrtps_cExport.cmake
[7.104s] -- Installing: /home/flowing/piper/agx_arm_ws/install/agx_arm_msgs/share/agx_arm_msgs/cmake/export_agx_arm_msgs__rosidl_typesupport_fastrtps_cExport-noconfig.cmake
[7.104s] -- Installing: /home/flowing/piper/agx_arm_ws/install/agx_arm_msgs/share/agx_arm_msgs/cmake/agx_arm_msgs__rosidl_typesupport_introspection_cExport.cmake
[7.104s] -- Installing: /home/flowing/piper/agx_arm_ws/install/agx_arm_msgs/share/agx_arm_msgs/cmake/agx_arm_msgs__rosidl_typesupport_introspection_cExport-noconfig.cmake
[7.104s] -- Installing: /home/flowing/piper/agx_arm_ws/install/agx_arm_msgs/share/agx_arm_msgs/cmake/agx_arm_msgs__rosidl_typesupport_cExport.cmake
[7.104s] -- Installing: /home/flowing/piper/agx_arm_ws/install/agx_arm_msgs/share/agx_arm_msgs/cmake/agx_arm_msgs__rosidl_typesupport_cExport-noconfig.cmake
[7.104s] -- Installing: /home/flowing/piper/agx_arm_ws/install/agx_arm_msgs/share/agx_arm_msgs/cmake/export_agx_arm_msgs__rosidl_generator_cppExport.cmake
[7.104s] -- Installing: /home/flowing/piper/agx_arm_ws/install/agx_arm_msgs/share/agx_arm_msgs/cmake/export_agx_arm_msgs__rosidl_typesupport_fastrtps_cppExport.cmake
[7.104s] -- Installing: /home/flowing/piper/agx_arm_ws/install/agx_arm_msgs/share/agx_arm_msgs/cmake/export_agx_arm_msgs__rosidl_typesupport_fastrtps_cppExport-noconfig.cmake
[7.104s] -- Installing: /home/flowing/piper/agx_arm_ws/install/agx_arm_msgs/share/agx_arm_msgs/cmake/agx_arm_msgs__rosidl_typesupport_introspection_cppExport.cmake
[7.104s] -- Installing: /home/flowing/piper/agx_arm_ws/install/agx_arm_msgs/share/agx_arm_msgs/cmake/agx_arm_msgs__rosidl_typesupport_introspection_cppExport-noconfig.cmake
[7.104s] -- Installing: /home/flowing/piper/agx_arm_ws/install/agx_arm_msgs/share/agx_arm_msgs/cmake/agx_arm_msgs__rosidl_typesupport_cppExport.cmake
[7.104s] -- Installing: /home/flowing/piper/agx_arm_ws/install/agx_arm_msgs/share/agx_arm_msgs/cmake/agx_arm_msgs__rosidl_typesupport_cppExport-noconfig.cmake
[7.104s] -- Installing: /home/flowing/piper/agx_arm_ws/install/agx_arm_msgs/share/agx_arm_msgs/cmake/export_agx_arm_msgs__rosidl_generator_pyExport.cmake
[7.105s] -- Installing: /home/flowing/piper/agx_arm_ws/install/agx_arm_msgs/share/agx_arm_msgs/cmake/export_agx_arm_msgs__rosidl_generator_pyExport-noconfig.cmake
[7.105s] -- Installing: /home/flowing/piper/agx_arm_ws/install/agx_arm_msgs/share/agx_arm_msgs/cmake/rosidl_cmake-extras.cmake
[7.105s] -- Installing: /home/flowing/piper/agx_arm_ws/install/agx_arm_msgs/share/agx_arm_msgs/cmake/ament_cmake_export_dependencies-extras.cmake
[7.105s] -- Installing: /home/flowing/piper/agx_arm_ws/install/agx_arm_msgs/share/agx_arm_msgs/cmake/ament_cmake_export_include_directories-extras.cmake
[7.105s] -- Installing: /home/flowing/piper/agx_arm_ws/install/agx_arm_msgs/share/agx_arm_msgs/cmake/ament_cmake_export_libraries-extras.cmake
[7.105s] -- Installing: /home/flowing/piper/agx_arm_ws/install/agx_arm_msgs/share/agx_arm_msgs/cmake/ament_cmake_export_targets-extras.cmake
[7.105s] -- Installing: /home/flowing/piper/agx_arm_ws/install/agx_arm_msgs/share/agx_arm_msgs/cmake/rosidl_cmake_export_typesupport_targets-extras.cmake
[7.105s] -- Installing: /home/flowing/piper/agx_arm_ws/install/agx_arm_msgs/share/agx_arm_msgs/cmake/rosidl_cmake_export_typesupport_libraries-extras.cmake
[7.105s] -- Installing: /home/flowing/piper/agx_arm_ws/install/agx_arm_msgs/share/agx_arm_msgs/cmake/agx_arm_msgsConfig.cmake
[7.105s] -- Installing: /home/flowing/piper/agx_arm_ws/install/agx_arm_msgs/share/agx_arm_msgs/cmake/agx_arm_msgsConfig-version.cmake
[7.105s] -- Installing: /home/flowing/piper/agx_arm_ws/install/agx_arm_msgs/share/agx_arm_msgs/package.xml
[7.107s] Invoked command in '/home/flowing/piper/agx_arm_ws/build/agx_arm_msgs' returned '0': CMAKE_PREFIX_PATH=/opt/ros/humble /usr/bin/cmake --install /home/flowing/piper/agx_arm_ws/build/agx_arm_msgs
